22-03-2017 14:12:53:  INFO - Application started in [JOB TEXTURE MODE] with 65 jobs
22-03-2017 14:12:53:  INFO - ------ config ------

				/home/tondav/dtd/:[test_folder:test, train_folder:train]
				preprocessing_config:[equalize_hist:0, gaussina_blur:0]
				classification_threads:8
				comparison_method:INTERSECTION
				gabor_filter_setting: [kernel_size:13 Sigma:5 Lambda:44 Theta:15 Gamma:3 Psi:104]

22-03-2017 14:13:22:  INFO - LBP config - range:1 neighbours:8 neighbour_shape:1
22-03-2017 14:13:22:  INFO - HIST config - grid_size:1 uniform:1
22-03-2017 14:13:22:  INFO - Gabor config - setting:GABOR OFF
22-03-2017 14:45:39:  INFO - set 1: <0.128723>
22-03-2017 14:45:39:  INFO - set 2: <0.147340>
22-03-2017 14:45:39:  INFO - set 3: <0.142021>
22-03-2017 14:45:39:  INFO - set 4: <0.146809>
22-03-2017 14:45:39:  INFO - set 5: <0.149468>
22-03-2017 14:45:39:  INFO - set 6: <0.152660>
22-03-2017 14:45:39:  INFO - set 7: <0.142553>
22-03-2017 14:45:39:  INFO - set 8: <0.153191>
22-03-2017 14:45:39:  INFO - set 9: <0.146277>
22-03-2017 14:45:39:  INFO - set 10: <0.144681>
22-03-2017 14:45:39:  INFO - ↑ accuracy: <0.145372> ↑

22-03-2017 14:45:44:  INFO - LBP config - range:1 neighbours:8 neighbour_shape:1
22-03-2017 14:45:44:  INFO - HIST config - grid_size:2 uniform:1
22-03-2017 14:45:44:  INFO - Gabor config - setting:GABOR OFF
22-03-2017 15:18:28:  INFO - set 1: <0.140426>
22-03-2017 15:18:28:  INFO - set 2: <0.154255>
22-03-2017 15:18:28:  INFO - set 3: <0.148936>
22-03-2017 15:18:28:  INFO - set 4: <0.150532>
22-03-2017 15:18:28:  INFO - set 5: <0.150532>
22-03-2017 15:18:28:  INFO - set 6: <0.145745>
22-03-2017 15:18:28:  INFO - set 7: <0.140957>
22-03-2017 15:18:28:  INFO - set 8: <0.147340>
22-03-2017 15:18:28:  INFO - set 9: <0.155319>
22-03-2017 15:18:28:  INFO - set 10: <0.144681>
22-03-2017 15:18:28:  INFO - ↑ accuracy: <0.147872> ↑

22-03-2017 15:18:34:  INFO - LBP config - range:1 neighbours:8 neighbour_shape:1
22-03-2017 15:18:34:  INFO - HIST config - grid_size:4 uniform:1
22-03-2017 15:18:34:  INFO - Gabor config - setting:GABOR OFF
22-03-2017 15:54:24:  INFO - set 1: <0.142553>
22-03-2017 15:54:24:  INFO - set 2: <0.142021>
22-03-2017 15:54:24:  INFO - set 3: <0.138298>
22-03-2017 15:54:24:  INFO - set 4: <0.155319>
22-03-2017 15:54:24:  INFO - set 5: <0.154255>
22-03-2017 15:54:24:  INFO - set 6: <0.142021>
22-03-2017 15:54:24:  INFO - set 7: <0.136702>
22-03-2017 15:54:24:  INFO - set 8: <0.150532>
22-03-2017 15:54:24:  INFO - set 9: <0.155851>
22-03-2017 15:54:24:  INFO - set 10: <0.130851>
22-03-2017 15:54:24:  INFO - ↑ accuracy: <0.144840> ↑

22-03-2017 15:54:30:  INFO - LBP config - range:1 neighbours:8 neighbour_shape:1
22-03-2017 15:54:30:  INFO - HIST config - grid_size:6 uniform:1
22-03-2017 15:54:30:  INFO - Gabor config - setting:GABOR OFF
22-03-2017 16:34:49:  INFO - set 1: <0.134043>
22-03-2017 16:34:49:  INFO - set 2: <0.129787>
22-03-2017 16:34:49:  INFO - set 3: <0.130319>
22-03-2017 16:34:49:  INFO - set 4: <0.150532>
22-03-2017 16:34:49:  INFO - set 5: <0.153723>
22-03-2017 16:34:49:  INFO - set 6: <0.135106>
22-03-2017 16:34:49:  INFO - set 7: <0.136170>
22-03-2017 16:34:49:  INFO - set 8: <0.149468>
22-03-2017 16:34:49:  INFO - set 9: <0.150000>
22-03-2017 16:34:49:  INFO - set 10: <0.132447>
22-03-2017 16:34:49:  INFO - ↑ accuracy: <0.140160> ↑

22-03-2017 16:34:55:  INFO - LBP config - range:1 neighbours:8 neighbour_shape:1
22-03-2017 16:34:55:  INFO - HIST config - grid_size:8 uniform:1
22-03-2017 16:34:55:  INFO - Gabor config - setting:GABOR OFF
22-03-2017 17:21:52:  INFO - set 1: <0.127128>
22-03-2017 17:21:52:  INFO - set 2: <0.132447>
22-03-2017 17:21:52:  INFO - set 3: <0.133511>
22-03-2017 17:21:52:  INFO - set 4: <0.142553>
22-03-2017 17:21:52:  INFO - set 5: <0.145213>
22-03-2017 17:21:52:  INFO - set 6: <0.139362>
22-03-2017 17:21:52:  INFO - set 7: <0.126064>
22-03-2017 17:21:52:  INFO - set 8: <0.141489>
22-03-2017 17:21:52:  INFO - set 9: <0.146277>
22-03-2017 17:21:52:  INFO - set 10: <0.129255>
22-03-2017 17:21:52:  INFO - ↑ accuracy: <0.136330> ↑

22-03-2017 17:21:57:  INFO - LBP config - range:1 neighbours:8 neighbour_shape:1
22-03-2017 17:21:57:  INFO - HIST config - grid_size:10 uniform:1
22-03-2017 17:21:57:  INFO - Gabor config - setting:GABOR OFF
22-03-2017 18:17:06:  INFO - set 1: <0.113298>
22-03-2017 18:17:06:  INFO - set 2: <0.130851>
22-03-2017 18:17:06:  INFO - set 3: <0.122340>
22-03-2017 18:17:06:  INFO - set 4: <0.137234>
22-03-2017 18:17:06:  INFO - set 5: <0.137766>
22-03-2017 18:17:06:  INFO - set 6: <0.136702>
22-03-2017 18:17:06:  INFO - set 7: <0.118085>
22-03-2017 18:17:06:  INFO - set 8: <0.134043>
22-03-2017 18:17:06:  INFO - set 9: <0.138830>
22-03-2017 18:17:06:  INFO - set 10: <0.117021>
22-03-2017 18:17:06:  INFO - ↑ accuracy: <0.128617> ↑

22-03-2017 18:17:11:  INFO - LBP config - range:1 neighbours:8 neighbour_shape:1
22-03-2017 18:17:11:  INFO - HIST config - grid_size:12 uniform:1
22-03-2017 18:17:11:  INFO - Gabor config - setting:GABOR OFF
22-03-2017 19:22:34:  INFO - set 1: <0.105319>
22-03-2017 19:22:34:  INFO - set 2: <0.119149>
22-03-2017 19:22:34:  INFO - set 3: <0.112766>
22-03-2017 19:22:34:  INFO - set 4: <0.125532>
22-03-2017 19:22:34:  INFO - set 5: <0.126064>
22-03-2017 19:22:34:  INFO - set 6: <0.128191>
22-03-2017 19:22:34:  INFO - set 7: <0.113830>
22-03-2017 19:22:34:  INFO - set 8: <0.123404>
22-03-2017 19:22:34:  INFO - set 9: <0.136702>
22-03-2017 19:22:34:  INFO - set 10: <0.113830>
22-03-2017 19:22:34:  INFO - ↑ accuracy: <0.120479> ↑

22-03-2017 19:22:39:  INFO - LBP config - range:1 neighbours:8 neighbour_shape:1
22-03-2017 19:22:39:  INFO - HIST config - grid_size:14 uniform:1
22-03-2017 19:22:39:  INFO - Gabor config - setting:GABOR OFF
22-03-2017 20:40:41:  INFO - set 1: <0.097872>
22-03-2017 20:40:41:  INFO - set 2: <0.115426>
22-03-2017 20:40:41:  INFO - set 3: <0.112234>
22-03-2017 20:40:41:  INFO - set 4: <0.118085>
22-03-2017 20:40:41:  INFO - set 5: <0.129787>
22-03-2017 20:40:41:  INFO - set 6: <0.124468>
22-03-2017 20:40:41:  INFO - set 7: <0.112234>
22-03-2017 20:40:41:  INFO - set 8: <0.122872>
22-03-2017 20:40:41:  INFO - set 9: <0.132979>
22-03-2017 20:40:41:  INFO - set 10: <0.114894>
22-03-2017 20:40:41:  INFO - ↑ accuracy: <0.118085> ↑

22-03-2017 20:40:46:  INFO - LBP config - range:1 neighbours:8 neighbour_shape:1
22-03-2017 20:40:46:  INFO - HIST config - grid_size:16 uniform:1
22-03-2017 20:40:46:  INFO - Gabor config - setting:GABOR OFF
22-03-2017 22:12:44:  INFO - set 1: <0.095745>
22-03-2017 22:12:44:  INFO - set 2: <0.110638>
22-03-2017 22:12:44:  INFO - set 3: <0.106383>
22-03-2017 22:12:44:  INFO - set 4: <0.113830>
22-03-2017 22:12:44:  INFO - set 5: <0.122872>
22-03-2017 22:12:44:  INFO - set 6: <0.123404>
22-03-2017 22:12:44:  INFO - set 7: <0.103723>
22-03-2017 22:12:44:  INFO - set 8: <0.117021>
22-03-2017 22:12:44:  INFO - set 9: <0.124468>
22-03-2017 22:12:44:  INFO - set 10: <0.106383>
22-03-2017 22:12:44:  INFO - ↑ accuracy: <0.112447> ↑

22-03-2017 22:12:50:  INFO - LBP config - range:1 neighbours:8 neighbour_shape:1
22-03-2017 22:12:50:  INFO - HIST config - grid_size:18 uniform:1
22-03-2017 22:12:50:  INFO - Gabor config - setting:GABOR OFF
23-03-2017 00:01:52:  INFO - set 1: <0.088830>
23-03-2017 00:01:52:  INFO - set 2: <0.115426>
23-03-2017 00:01:52:  INFO - set 3: <0.109574>
23-03-2017 00:01:52:  INFO - set 4: <0.109574>
23-03-2017 00:01:52:  INFO - set 5: <0.119149>
23-03-2017 00:01:52:  INFO - set 6: <0.114894>
23-03-2017 00:01:52:  INFO - set 7: <0.100000>
23-03-2017 00:01:52:  INFO - set 8: <0.115957>
23-03-2017 00:01:52:  INFO - set 9: <0.124468>
23-03-2017 00:01:52:  INFO - set 10: <0.098936>
23-03-2017 00:01:52:  INFO - ↑ accuracy: <0.109681> ↑

23-03-2017 00:01:58:  INFO - LBP config - range:1 neighbours:8 neighbour_shape:1
23-03-2017 00:01:58:  INFO - HIST config - grid_size:20 uniform:1
23-03-2017 00:01:58:  INFO - Gabor config - setting:GABOR OFF
23-03-2017 02:08:48:  INFO - set 1: <0.087766>
23-03-2017 02:08:48:  INFO - set 2: <0.111702>
23-03-2017 02:08:48:  INFO - set 3: <0.101064>
23-03-2017 02:08:48:  INFO - set 4: <0.104255>
23-03-2017 02:08:48:  INFO - set 5: <0.111170>
23-03-2017 02:08:48:  INFO - set 6: <0.114894>
23-03-2017 02:08:48:  INFO - set 7: <0.100532>
23-03-2017 02:08:48:  INFO - set 8: <0.109574>
23-03-2017 02:08:48:  INFO - set 9: <0.118617>
23-03-2017 02:08:48:  INFO - set 10: <0.095213>
23-03-2017 02:08:48:  INFO - ↑ accuracy: <0.105479> ↑

23-03-2017 02:08:54:  INFO - LBP config - range:1 neighbours:8 neighbour_shape:1
23-03-2017 02:08:54:  INFO - HIST config - grid_size:1 uniform:0
23-03-2017 02:08:54:  INFO - Gabor config - setting:GABOR OFF
23-03-2017 02:39:12:  INFO - set 1: <0.144149>
23-03-2017 02:39:12:  INFO - set 2: <0.154787>
23-03-2017 02:39:12:  INFO - set 3: <0.158511>
23-03-2017 02:39:12:  INFO - set 4: <0.162234>
23-03-2017 02:39:12:  INFO - set 5: <0.159574>
23-03-2017 02:39:12:  INFO - set 6: <0.162234>
23-03-2017 02:39:12:  INFO - set 7: <0.160106>
23-03-2017 02:39:12:  INFO - set 8: <0.165957>
23-03-2017 02:39:12:  INFO - set 9: <0.158511>
23-03-2017 02:39:12:  INFO - set 10: <0.152660>
23-03-2017 02:39:12:  INFO - ↑ accuracy: <0.157872> ↑

23-03-2017 02:39:17:  INFO - LBP config - range:1 neighbours:8 neighbour_shape:1
23-03-2017 02:39:17:  INFO - HIST config - grid_size:2 uniform:0
23-03-2017 02:39:17:  INFO - Gabor config - setting:GABOR OFF
23-03-2017 03:12:23:  INFO - set 1: <0.157447>
23-03-2017 03:12:23:  INFO - set 2: <0.161702>
23-03-2017 03:12:23:  INFO - set 3: <0.162234>
23-03-2017 03:12:23:  INFO - set 4: <0.162234>
23-03-2017 03:12:23:  INFO - set 5: <0.160638>
23-03-2017 03:12:23:  INFO - set 6: <0.152128>
23-03-2017 03:12:23:  INFO - set 7: <0.155319>
23-03-2017 03:12:23:  INFO - set 8: <0.159043>
23-03-2017 03:12:23:  INFO - set 9: <0.169149>
23-03-2017 03:12:23:  INFO - set 10: <0.158511>
23-03-2017 03:12:23:  INFO - ↑ accuracy: <0.159840> ↑

23-03-2017 03:12:28:  INFO - LBP config - range:1 neighbours:8 neighbour_shape:1
23-03-2017 03:12:28:  INFO - HIST config - grid_size:4 uniform:0
23-03-2017 03:12:28:  INFO - Gabor config - setting:GABOR OFF
23-03-2017 03:54:13:  INFO - set 1: <0.152660>
23-03-2017 03:54:13:  INFO - set 2: <0.160106>
23-03-2017 03:54:13:  INFO - set 3: <0.148404>
23-03-2017 03:54:13:  INFO - set 4: <0.160638>
23-03-2017 03:54:13:  INFO - set 5: <0.159043>
23-03-2017 03:54:13:  INFO - set 6: <0.147872>
23-03-2017 03:54:13:  INFO - set 7: <0.152660>
23-03-2017 03:54:13:  INFO - set 8: <0.158511>
23-03-2017 03:54:13:  INFO - set 9: <0.175532>
23-03-2017 03:54:13:  INFO - set 10: <0.145213>
23-03-2017 03:54:13:  INFO - ↑ accuracy: <0.156064> ↑

23-03-2017 03:54:18:  INFO - LBP config - range:1 neighbours:8 neighbour_shape:1
23-03-2017 03:54:18:  INFO - HIST config - grid_size:6 uniform:0
23-03-2017 03:54:18:  INFO - Gabor config - setting:GABOR OFF
23-03-2017 04:50:48:  INFO - set 1: <0.143085>
23-03-2017 04:50:48:  INFO - set 2: <0.147872>
23-03-2017 04:50:48:  INFO - set 3: <0.136702>
23-03-2017 04:50:48:  INFO - set 4: <0.162766>
23-03-2017 04:50:48:  INFO - set 5: <0.162766>
23-03-2017 04:50:48:  INFO - set 6: <0.139894>
23-03-2017 04:50:48:  INFO - set 7: <0.145213>
23-03-2017 04:50:48:  INFO - set 8: <0.152660>
23-03-2017 04:50:48:  INFO - set 9: <0.162234>
23-03-2017 04:50:48:  INFO - set 10: <0.141489>
23-03-2017 04:50:48:  INFO - ↑ accuracy: <0.149468> ↑

23-03-2017 04:50:53:  INFO - LBP config - range:1 neighbours:8 neighbour_shape:1
23-03-2017 04:50:53:  INFO - HIST config - grid_size:8 uniform:0
23-03-2017 04:50:53:  INFO - Gabor config - setting:GABOR OFF
23-03-2017 06:08:16:  INFO - set 1: <0.135638>
23-03-2017 06:08:16:  INFO - set 2: <0.144681>
23-03-2017 06:08:16:  INFO - set 3: <0.137766>
23-03-2017 06:08:16:  INFO - set 4: <0.156383>
23-03-2017 06:08:16:  INFO - set 5: <0.148404>
23-03-2017 06:08:16:  INFO - set 6: <0.147340>
23-03-2017 06:08:16:  INFO - set 7: <0.138830>
23-03-2017 06:08:16:  INFO - set 8: <0.148404>
23-03-2017 06:08:16:  INFO - set 9: <0.154787>
23-03-2017 06:08:16:  INFO - set 10: <0.139362>
23-03-2017 06:08:16:  INFO - ↑ accuracy: <0.145160> ↑

23-03-2017 06:08:22:  INFO - LBP config - range:1 neighbours:8 neighbour_shape:1
23-03-2017 06:08:22:  INFO - HIST config - grid_size:10 uniform:0
23-03-2017 06:08:22:  INFO - Gabor config - setting:GABOR OFF
23-03-2017 07:53:06:  INFO - set 1: <0.123936>
23-03-2017 07:53:06:  INFO - set 2: <0.144681>
23-03-2017 07:53:06:  INFO - set 3: <0.129787>
23-03-2017 07:53:06:  INFO - set 4: <0.146809>
23-03-2017 07:53:06:  INFO - set 5: <0.146809>
23-03-2017 07:53:06:  INFO - set 6: <0.137766>
23-03-2017 07:53:06:  INFO - set 7: <0.132979>
23-03-2017 07:53:06:  INFO - set 8: <0.140426>
23-03-2017 07:53:06:  INFO - set 9: <0.148404>
23-03-2017 07:53:06:  INFO - set 10: <0.138830>
23-03-2017 07:53:06:  INFO - ↑ accuracy: <0.139043> ↑

23-03-2017 07:53:11:  INFO - LBP config - range:1 neighbours:8 neighbour_shape:1
23-03-2017 07:53:11:  INFO - HIST config - grid_size:12 uniform:0
23-03-2017 07:53:11:  INFO - Gabor config - setting:GABOR OFF
23-03-2017 10:08:37:  INFO - set 1: <0.117553>
23-03-2017 10:08:37:  INFO - set 2: <0.135638>
23-03-2017 10:08:37:  INFO - set 3: <0.123936>
23-03-2017 10:08:37:  INFO - set 4: <0.140957>
23-03-2017 10:08:37:  INFO - set 5: <0.138830>
23-03-2017 10:08:37:  INFO - set 6: <0.135106>
23-03-2017 10:08:37:  INFO - set 7: <0.126596>
23-03-2017 10:08:37:  INFO - set 8: <0.131915>
23-03-2017 10:08:37:  INFO - set 9: <0.146809>
23-03-2017 10:08:37:  INFO - set 10: <0.122872>
23-03-2017 10:08:37:  INFO - ↑ accuracy: <0.132021> ↑

23-03-2017 10:08:43:  INFO - LBP config - range:1 neighbours:8 neighbour_shape:1
23-03-2017 10:08:43:  INFO - HIST config - grid_size:14 uniform:0
23-03-2017 10:08:43:  INFO - Gabor config - setting:GABOR OFF
23-03-2017 12:59:52:  INFO - set 1: <0.111170>
23-03-2017 12:59:52:  INFO - set 2: <0.132447>
23-03-2017 12:59:52:  INFO - set 3: <0.123936>
23-03-2017 12:59:52:  INFO - set 4: <0.129787>
23-03-2017 12:59:52:  INFO - set 5: <0.131915>
23-03-2017 12:59:52:  INFO - set 6: <0.131383>
23-03-2017 12:59:52:  INFO - set 7: <0.121277>
23-03-2017 12:59:52:  INFO - set 8: <0.127660>
23-03-2017 12:59:52:  INFO - set 9: <0.139894>
23-03-2017 12:59:52:  INFO - set 10: <0.125000>
23-03-2017 12:59:52:  INFO - ↑ accuracy: <0.127447> ↑

23-03-2017 12:59:57:  INFO - LBP config - range:1 neighbours:8 neighbour_shape:1
23-03-2017 12:59:57:  INFO - HIST config - grid_size:16 uniform:0
23-03-2017 12:59:57:  INFO - Gabor config - setting:GABOR OFF
23-03-2017 16:37:02:  INFO - set 1: <0.104255>
23-03-2017 16:37:02:  INFO - set 2: <0.125000>
23-03-2017 16:37:02:  INFO - set 3: <0.118617>
23-03-2017 16:37:02:  INFO - set 4: <0.127128>
23-03-2017 16:37:02:  INFO - set 5: <0.121809>
23-03-2017 16:37:02:  INFO - set 6: <0.130851>
23-03-2017 16:37:02:  INFO - set 7: <0.118085>
23-03-2017 16:37:02:  INFO - set 8: <0.125000>
23-03-2017 16:37:02:  INFO - set 9: <0.136170>
23-03-2017 16:37:02:  INFO - set 10: <0.122872>
23-03-2017 16:37:02:  INFO - ↑ accuracy: <0.122979> ↑

23-03-2017 16:37:07:  INFO - LBP config - range:1 neighbours:8 neighbour_shape:1
23-03-2017 16:37:07:  INFO - HIST config - grid_size:18 uniform:0
23-03-2017 16:37:07:  INFO - Gabor config - setting:GABOR OFF
23-03-2017 21:03:47:  INFO - set 1: <0.098936>
23-03-2017 21:03:47:  INFO - set 2: <0.121809>
23-03-2017 21:03:47:  INFO - set 3: <0.115426>
23-03-2017 21:03:47:  INFO - set 4: <0.118085>
23-03-2017 21:03:47:  INFO - set 5: <0.120745>
23-03-2017 21:03:47:  INFO - set 6: <0.123936>
23-03-2017 21:03:47:  INFO - set 7: <0.114894>
23-03-2017 21:03:47:  INFO - set 8: <0.125000>
23-03-2017 21:03:47:  INFO - set 9: <0.131915>
23-03-2017 21:03:47:  INFO - set 10: <0.118617>
23-03-2017 21:03:47:  INFO - ↑ accuracy: <0.118936> ↑

23-03-2017 21:03:52:  INFO - LBP config - range:1 neighbours:8 neighbour_shape:1
23-03-2017 21:03:52:  INFO - HIST config - grid_size:20 uniform:0
23-03-2017 21:03:52:  INFO - Gabor config - setting:GABOR OFF
24-03-2017 02:29:28:  INFO - set 1: <0.096277>
24-03-2017 02:29:28:  INFO - set 2: <0.116489>
24-03-2017 02:29:28:  INFO - set 3: <0.110106>
24-03-2017 02:29:28:  INFO - set 4: <0.118617>
24-03-2017 02:29:28:  INFO - set 5: <0.117553>
24-03-2017 02:29:28:  INFO - set 6: <0.123404>
24-03-2017 02:29:28:  INFO - set 7: <0.112234>
24-03-2017 02:29:28:  INFO - set 8: <0.118085>
24-03-2017 02:29:28:  INFO - set 9: <0.131383>
24-03-2017 02:29:28:  INFO - set 10: <0.109574>
24-03-2017 02:29:28:  INFO - ↑ accuracy: <0.115372> ↑

24-03-2017 02:29:34:  INFO - LBPa config - center_size:2 neighbour_shape:2 range:2
24-03-2017 02:29:34:  INFO - HIST config - grid_size:1 uniform:1
24-03-2017 02:29:34:  INFO - Gabor config - setting:GABOR OFF
24-03-2017 02:41:55:  INFO - set 1: <0.153723>
24-03-2017 02:41:55:  INFO - set 2: <0.168617>
24-03-2017 02:41:55:  INFO - set 3: <0.168617>
24-03-2017 02:41:55:  INFO - set 4: <0.165957>
24-03-2017 02:41:55:  INFO - set 5: <0.170745>
24-03-2017 02:41:55:  INFO - set 6: <0.166489>
24-03-2017 02:41:55:  INFO - set 7: <0.145213>
24-03-2017 02:41:55:  INFO - set 8: <0.178723>
24-03-2017 02:41:55:  INFO - set 9: <0.177128>
24-03-2017 02:41:55:  INFO - set 10: <0.159043>
24-03-2017 02:41:55:  INFO - ↑ accuracy: <0.165426> ↑

24-03-2017 02:42:00:  INFO - LBPa config - center_size:2 neighbour_shape:2 range:2
24-03-2017 02:42:00:  INFO - HIST config - grid_size:2 uniform:1
24-03-2017 02:42:00:  INFO - Gabor config - setting:GABOR OFF
24-03-2017 02:55:06:  INFO - set 1: <0.159574>
24-03-2017 02:55:06:  INFO - set 2: <0.173936>
24-03-2017 02:55:06:  INFO - set 3: <0.185106>
24-03-2017 02:55:06:  INFO - set 4: <0.179255>
24-03-2017 02:55:06:  INFO - set 5: <0.187234>
24-03-2017 02:55:06:  INFO - set 6: <0.182447>
24-03-2017 02:55:06:  INFO - set 7: <0.163298>
24-03-2017 02:55:06:  INFO - set 8: <0.184043>
24-03-2017 02:55:06:  INFO - set 9: <0.172340>
24-03-2017 02:55:06:  INFO - set 10: <0.171809>
24-03-2017 02:55:06:  INFO - ↑ accuracy: <0.175904> ↑

24-03-2017 02:55:12:  INFO - LBPa config - center_size:2 neighbour_shape:2 range:2
24-03-2017 02:55:12:  INFO - HIST config - grid_size:4 uniform:1
24-03-2017 02:55:12:  INFO - Gabor config - setting:GABOR OFF
24-03-2017 03:11:06:  INFO - set 1: <0.157979>
24-03-2017 03:11:06:  INFO - set 2: <0.173404>
24-03-2017 03:11:06:  INFO - set 3: <0.172872>
24-03-2017 03:11:06:  INFO - set 4: <0.164362>
24-03-2017 03:11:06:  INFO - set 5: <0.179787>
24-03-2017 03:11:06:  INFO - set 6: <0.172340>
24-03-2017 03:11:06:  INFO - set 7: <0.155851>
24-03-2017 03:11:06:  INFO - set 8: <0.173936>
24-03-2017 03:11:06:  INFO - set 9: <0.175532>
24-03-2017 03:11:06:  INFO - set 10: <0.167553>
24-03-2017 03:11:06:  INFO - ↑ accuracy: <0.169362> ↑

24-03-2017 03:11:12:  INFO - LBPa config - center_size:2 neighbour_shape:2 range:2
24-03-2017 03:11:12:  INFO - HIST config - grid_size:6 uniform:1
24-03-2017 03:11:12:  INFO - Gabor config - setting:GABOR OFF
24-03-2017 03:32:01:  INFO - set 1: <0.154787>
24-03-2017 03:32:01:  INFO - set 2: <0.163298>
24-03-2017 03:32:01:  INFO - set 3: <0.161170>
24-03-2017 03:32:01:  INFO - set 4: <0.157447>
24-03-2017 03:32:01:  INFO - set 5: <0.170213>
24-03-2017 03:32:01:  INFO - set 6: <0.157979>
24-03-2017 03:32:01:  INFO - set 7: <0.151064>
24-03-2017 03:32:01:  INFO - set 8: <0.164894>
24-03-2017 03:32:01:  INFO - set 9: <0.168617>
24-03-2017 03:32:01:  INFO - set 10: <0.157979>
24-03-2017 03:32:01:  INFO - ↑ accuracy: <0.160745> ↑

24-03-2017 03:32:06:  INFO - LBPa config - center_size:2 neighbour_shape:2 range:2
24-03-2017 03:32:06:  INFO - HIST config - grid_size:8 uniform:1
24-03-2017 03:32:06:  INFO - Gabor config - setting:GABOR OFF
24-03-2017 03:59:26:  INFO - set 1: <0.137234>
24-03-2017 03:59:26:  INFO - set 2: <0.144149>
24-03-2017 03:59:26:  INFO - set 3: <0.155319>
24-03-2017 03:59:26:  INFO - set 4: <0.151596>
24-03-2017 03:59:26:  INFO - set 5: <0.154787>
24-03-2017 03:59:26:  INFO - set 6: <0.150000>
24-03-2017 03:59:26:  INFO - set 7: <0.143617>
24-03-2017 03:59:26:  INFO - set 8: <0.160106>
24-03-2017 03:59:26:  INFO - set 9: <0.161702>
24-03-2017 03:59:26:  INFO - set 10: <0.146277>
24-03-2017 03:59:26:  INFO - ↑ accuracy: <0.150479> ↑

24-03-2017 03:59:32:  INFO - LBPa config - center_size:2 neighbour_shape:2 range:2
24-03-2017 03:59:32:  INFO - HIST config - grid_size:10 uniform:1
24-03-2017 03:59:32:  INFO - Gabor config - setting:GABOR OFF
24-03-2017 04:35:25:  INFO - set 1: <0.128723>
24-03-2017 04:35:25:  INFO - set 2: <0.139362>
24-03-2017 04:35:25:  INFO - set 3: <0.144681>
24-03-2017 04:35:25:  INFO - set 4: <0.145745>
24-03-2017 04:35:25:  INFO - set 5: <0.150000>
24-03-2017 04:35:25:  INFO - set 6: <0.143085>
24-03-2017 04:35:25:  INFO - set 7: <0.131915>
24-03-2017 04:35:25:  INFO - set 8: <0.151596>
24-03-2017 04:35:25:  INFO - set 9: <0.146277>
24-03-2017 04:35:25:  INFO - set 10: <0.140957>
24-03-2017 04:35:25:  INFO - ↑ accuracy: <0.142234> ↑

24-03-2017 04:35:30:  INFO - LBPa config - center_size:2 neighbour_shape:2 range:2
24-03-2017 04:35:30:  INFO - HIST config - grid_size:12 uniform:1
24-03-2017 04:35:30:  INFO - Gabor config - setting:GABOR OFF
24-03-2017 05:21:17:  INFO - set 1: <0.125532>
24-03-2017 05:21:17:  INFO - set 2: <0.129787>
24-03-2017 05:21:17:  INFO - set 3: <0.136702>
24-03-2017 05:21:17:  INFO - set 4: <0.136702>
24-03-2017 05:21:17:  INFO - set 5: <0.135106>
24-03-2017 05:21:17:  INFO - set 6: <0.136170>
24-03-2017 05:21:17:  INFO - set 7: <0.127128>
24-03-2017 05:21:17:  INFO - set 8: <0.146277>
24-03-2017 05:21:17:  INFO - set 9: <0.146809>
24-03-2017 05:21:17:  INFO - set 10: <0.136702>
24-03-2017 05:21:17:  INFO - ↑ accuracy: <0.135691> ↑

24-03-2017 05:21:22:  INFO - LBPa config - center_size:2 neighbour_shape:2 range:2
24-03-2017 05:21:22:  INFO - HIST config - grid_size:14 uniform:1
24-03-2017 05:21:22:  INFO - Gabor config - setting:GABOR OFF
24-03-2017 06:20:01:  INFO - set 1: <0.115426>
24-03-2017 06:20:01:  INFO - set 2: <0.133511>
24-03-2017 06:20:01:  INFO - set 3: <0.134574>
24-03-2017 06:20:01:  INFO - set 4: <0.127128>
24-03-2017 06:20:01:  INFO - set 5: <0.127128>
24-03-2017 06:20:01:  INFO - set 6: <0.129787>
24-03-2017 06:20:01:  INFO - set 7: <0.124468>
24-03-2017 06:20:01:  INFO - set 8: <0.140426>
24-03-2017 06:20:01:  INFO - set 9: <0.136702>
24-03-2017 06:20:01:  INFO - set 10: <0.130851>
24-03-2017 06:20:01:  INFO - ↑ accuracy: <0.130000> ↑

24-03-2017 06:20:07:  INFO - LBPa config - center_size:2 neighbour_shape:2 range:2
24-03-2017 06:20:07:  INFO - HIST config - grid_size:16 uniform:1
24-03-2017 06:20:07:  INFO - Gabor config - setting:GABOR OFF
24-03-2017 07:32:20:  INFO - set 1: <0.113830>
24-03-2017 07:32:20:  INFO - set 2: <0.126596>
24-03-2017 07:32:20:  INFO - set 3: <0.125000>
24-03-2017 07:32:20:  INFO - set 4: <0.125000>
24-03-2017 07:32:20:  INFO - set 5: <0.119149>
24-03-2017 07:32:20:  INFO - set 6: <0.130851>
24-03-2017 07:32:20:  INFO - set 7: <0.115426>
24-03-2017 07:32:20:  INFO - set 8: <0.136702>
24-03-2017 07:32:20:  INFO - set 9: <0.131915>
24-03-2017 07:32:20:  INFO - set 10: <0.134043>
24-03-2017 07:32:20:  INFO - ↑ accuracy: <0.125851> ↑

24-03-2017 07:32:26:  INFO - LBPa config - center_size:2 neighbour_shape:2 range:2
24-03-2017 07:32:26:  INFO - HIST config - grid_size:18 uniform:1
24-03-2017 07:32:26:  INFO - Gabor config - setting:GABOR OFF
24-03-2017 09:00:20:  INFO - set 1: <0.110106>
24-03-2017 09:00:20:  INFO - set 2: <0.117021>
24-03-2017 09:00:20:  INFO - set 3: <0.120745>
24-03-2017 09:00:20:  INFO - set 4: <0.117021>
24-03-2017 09:00:20:  INFO - set 5: <0.112234>
24-03-2017 09:00:20:  INFO - set 6: <0.127128>
24-03-2017 09:00:20:  INFO - set 7: <0.111702>
24-03-2017 09:00:20:  INFO - set 8: <0.131915>
24-03-2017 09:00:20:  INFO - set 9: <0.134043>
24-03-2017 09:00:20:  INFO - set 10: <0.119681>
24-03-2017 09:00:20:  INFO - ↑ accuracy: <0.120160> ↑

24-03-2017 09:00:25:  INFO - LBPa config - center_size:2 neighbour_shape:2 range:2
24-03-2017 09:00:25:  INFO - HIST config - grid_size:20 uniform:1
24-03-2017 09:00:25:  INFO - Gabor config - setting:GABOR OFF
24-03-2017 10:46:34:  INFO - set 1: <0.101596>
24-03-2017 10:46:34:  INFO - set 2: <0.107447>
24-03-2017 10:46:34:  INFO - set 3: <0.115426>
24-03-2017 10:46:34:  INFO - set 4: <0.114362>
24-03-2017 10:46:34:  INFO - set 5: <0.106383>
24-03-2017 10:46:34:  INFO - set 6: <0.125000>
24-03-2017 10:46:34:  INFO - set 7: <0.106383>
24-03-2017 10:46:34:  INFO - set 8: <0.126064>
24-03-2017 10:46:34:  INFO - set 9: <0.131915>
24-03-2017 10:46:34:  INFO - set 10: <0.119681>
24-03-2017 10:46:34:  INFO - ↑ accuracy: <0.115426> ↑

24-03-2017 10:46:39:  INFO - LBPa config - center_size:2 neighbour_shape:2 range:2
24-03-2017 10:46:39:  INFO - HIST config - grid_size:1 uniform:0
24-03-2017 10:46:39:  INFO - Gabor config - setting:GABOR OFF
24-03-2017 10:59:16:  INFO - set 1: <0.168085>
24-03-2017 10:59:16:  INFO - set 2: <0.195213>
24-03-2017 10:59:16:  INFO - set 3: <0.194149>
24-03-2017 10:59:16:  INFO - set 4: <0.182447>
24-03-2017 10:59:16:  INFO - set 5: <0.182447>
24-03-2017 10:59:16:  INFO - set 6: <0.184574>
24-03-2017 10:59:16:  INFO - set 7: <0.161170>
24-03-2017 10:59:16:  INFO - set 8: <0.195745>
24-03-2017 10:59:16:  INFO - set 9: <0.194149>
24-03-2017 10:59:16:  INFO - set 10: <0.187234>
24-03-2017 10:59:16:  INFO - ↑ accuracy: <0.184521> ↑

24-03-2017 10:59:21:  INFO - LBPa config - center_size:2 neighbour_shape:2 range:2
24-03-2017 10:59:21:  INFO - HIST config - grid_size:2 uniform:0
24-03-2017 10:59:21:  INFO - Gabor config - setting:GABOR OFF
24-03-2017 11:14:18:  INFO - set 1: <0.175532>
24-03-2017 11:14:18:  INFO - set 2: <0.194681>
24-03-2017 11:14:18:  INFO - set 3: <0.203191>
24-03-2017 11:14:18:  INFO - set 4: <0.198936>
24-03-2017 11:14:18:  INFO - set 5: <0.194681>
24-03-2017 11:14:18:  INFO - set 6: <0.188830>
24-03-2017 11:14:18:  INFO - set 7: <0.186170>
24-03-2017 11:14:18:  INFO - set 8: <0.195745>
24-03-2017 11:14:18:  INFO - set 9: <0.188830>
24-03-2017 11:14:18:  INFO - set 10: <0.194149>
24-03-2017 11:14:18:  INFO - ↑ accuracy: <0.192074> ↑

24-03-2017 11:14:23:  INFO - LBPa config - center_size:2 neighbour_shape:2 range:2
24-03-2017 11:14:23:  INFO - HIST config - grid_size:4 uniform:0
24-03-2017 11:14:23:  INFO - Gabor config - setting:GABOR OFF
24-03-2017 11:38:26:  INFO - set 1: <0.179787>
24-03-2017 11:38:26:  INFO - set 2: <0.185638>
24-03-2017 11:38:26:  INFO - set 3: <0.188830>
24-03-2017 11:38:26:  INFO - set 4: <0.186702>
24-03-2017 11:38:26:  INFO - set 5: <0.197340>
24-03-2017 11:38:26:  INFO - set 6: <0.185106>
24-03-2017 11:38:26:  INFO - set 7: <0.180851>
24-03-2017 11:38:26:  INFO - set 8: <0.191489>
24-03-2017 11:38:26:  INFO - set 9: <0.196809>
24-03-2017 11:38:26:  INFO - set 10: <0.190957>
24-03-2017 11:38:26:  INFO - ↑ accuracy: <0.188351> ↑

24-03-2017 11:38:32:  INFO - LBPa config - center_size:2 neighbour_shape:2 range:2
24-03-2017 11:38:32:  INFO - HIST config - grid_size:6 uniform:0
24-03-2017 11:38:32:  INFO - Gabor config - setting:GABOR OFF
24-03-2017 12:17:59:  INFO - set 1: <0.163830>
24-03-2017 12:17:59:  INFO - set 2: <0.174468>
24-03-2017 12:17:59:  INFO - set 3: <0.173936>
24-03-2017 12:17:59:  INFO - set 4: <0.169681>
24-03-2017 12:17:59:  INFO - set 5: <0.184574>
24-03-2017 12:17:59:  INFO - set 6: <0.164362>
24-03-2017 12:17:59:  INFO - set 7: <0.171809>
24-03-2017 12:17:59:  INFO - set 8: <0.177128>
24-03-2017 12:17:59:  INFO - set 9: <0.184043>
24-03-2017 12:17:59:  INFO - set 10: <0.164362>
24-03-2017 12:17:59:  INFO - ↑ accuracy: <0.172819> ↑

24-03-2017 12:18:04:  INFO - LBPa config - center_size:2 neighbour_shape:2 range:2
24-03-2017 12:18:04:  INFO - HIST config - grid_size:8 uniform:0
24-03-2017 12:18:04:  INFO - Gabor config - setting:GABOR OFF
24-03-2017 13:18:03:  INFO - set 1: <0.156915>
24-03-2017 13:18:03:  INFO - set 2: <0.169149>
24-03-2017 13:18:03:  INFO - set 3: <0.165957>
24-03-2017 13:18:03:  INFO - set 4: <0.161702>
24-03-2017 13:18:03:  INFO - set 5: <0.172340>
24-03-2017 13:18:03:  INFO - set 6: <0.157979>
24-03-2017 13:18:03:  INFO - set 7: <0.155851>
24-03-2017 13:18:03:  INFO - set 8: <0.175000>
24-03-2017 13:18:03:  INFO - set 9: <0.175000>
24-03-2017 13:18:03:  INFO - set 10: <0.165957>
24-03-2017 13:18:03:  INFO - ↑ accuracy: <0.1651585> ↑

24-03-2017 13:18:08:  INFO - LBPa config - center_size:2 neighbour_shape:2 range:2
24-03-2017 13:18:08:  INFO - HIST config - grid_size:10 uniform:0
24-03-2017 13:18:08:  INFO - Gabor config - setting:GABOR OFF
24-03-2017 14:44:30:  INFO - set 1: <0.146277>
24-03-2017 14:44:30:  INFO - set 2: <0.161702>
24-03-2017 14:44:30:  INFO - set 3: <0.155851>
24-03-2017 14:44:30:  INFO - set 4: <0.159574>
24-03-2017 14:44:30:  INFO - set 5: <0.166489>
24-03-2017 14:44:30:  INFO - set 6: <0.154255>
24-03-2017 14:44:30:  INFO - set 7: <0.145213>
24-03-2017 14:44:30:  INFO - set 8: <0.159574>
24-03-2017 14:44:30:  INFO - set 9: <0.164362>
24-03-2017 14:44:30:  INFO - set 10: <0.145745>
24-03-2017 14:44:30:  INFO - ↑ accuracy: <0.155904> ↑

24-03-2017 14:44:36:  INFO - LBPa config - center_size:2 neighbour_shape:2 range:2
24-03-2017 14:44:36:  INFO - HIST config - grid_size:12 uniform:0
24-03-2017 14:44:36:  INFO - Gabor config - setting:GABOR OFF
24-03-2017 16:42:22:  INFO - set 1: <0.143617>
24-03-2017 16:42:22:  INFO - set 2: <0.146809>
24-03-2017 16:42:22:  INFO - set 3: <0.152660>
24-03-2017 16:42:22:  INFO - set 4: <0.150532>
24-03-2017 16:42:22:  INFO - set 5: <0.156915>
24-03-2017 16:42:22:  INFO - set 6: <0.151064>
24-03-2017 16:42:22:  INFO - set 7: <0.135106>
24-03-2017 16:42:22:  INFO - set 8: <0.153191>
24-03-2017 16:42:22:  INFO - set 9: <0.155851>
24-03-2017 16:42:22:  INFO - set 10: <0.140957>
24-03-2017 16:42:22:  INFO - ↑ accuracy: <0.148670> ↑

24-03-2017 16:42:27:  INFO - LBPa config - center_size:2 neighbour_shape:2 range:2
24-03-2017 16:42:27:  INFO - HIST config - grid_size:14 uniform:0
24-03-2017 16:42:27:  INFO - Gabor config - setting:GABOR OFF
24-03-2017 19:16:31:  INFO - set 1: <0.134574>
24-03-2017 19:16:31:  INFO - set 2: <0.147872>
24-03-2017 19:16:31:  INFO - set 3: <0.152128>
24-03-2017 19:16:31:  INFO - set 4: <0.147340>
24-03-2017 19:16:31:  INFO - set 5: <0.139894>
24-03-2017 19:16:31:  INFO - set 6: <0.137766>
24-03-2017 19:16:31:  INFO - set 7: <0.131915>
24-03-2017 19:16:31:  INFO - set 8: <0.139362>
24-03-2017 19:16:31:  INFO - set 9: <0.150532>
24-03-2017 19:16:31:  INFO - set 10: <0.142553>
24-03-2017 19:16:31:  INFO - ↑ accuracy: <0.142394> ↑

24-03-2017 19:16:36:  INFO - LBPa config - center_size:2 neighbour_shape:2 range:2
24-03-2017 19:16:36:  INFO - HIST config - grid_size:16 uniform:0
24-03-2017 19:16:36:  INFO - Gabor config - setting:GABOR OFF
24-03-2017 22:33:05:  INFO - set 1: <0.127128>
24-03-2017 22:33:05:  INFO - set 2: <0.144681>
24-03-2017 22:33:05:  INFO - set 3: <0.145745>
24-03-2017 22:33:05:  INFO - set 4: <0.147872>
24-03-2017 22:33:05:  INFO - set 5: <0.143085>
24-03-2017 22:33:05:  INFO - set 6: <0.142021>
24-03-2017 22:33:05:  INFO - set 7: <0.126596>
24-03-2017 22:33:05:  INFO - set 8: <0.139894>
24-03-2017 22:33:05:  INFO - set 9: <0.143617>
24-03-2017 22:33:05:  INFO - set 10: <0.133511>
24-03-2017 22:33:05:  INFO - ↑ accuracy: <0.139415> ↑

24-03-2017 22:33:11:  INFO - LBPa config - center_size:2 neighbour_shape:2 range:2
24-03-2017 22:33:11:  INFO - HIST config - grid_size:18 uniform:0
24-03-2017 22:33:11:  INFO - Gabor config - setting:GABOR OFF
25-03-2017 02:36:51:  INFO - set 1: <0.116489>
25-03-2017 02:36:51:  INFO - set 2: <0.132447>
25-03-2017 02:36:51:  INFO - set 3: <0.129255>
25-03-2017 02:36:51:  INFO - set 4: <0.137766>
25-03-2017 02:36:51:  INFO - set 5: <0.134574>
25-03-2017 02:36:51:  INFO - set 6: <0.136170>
25-03-2017 02:36:51:  INFO - set 7: <0.116489>
25-03-2017 02:36:51:  INFO - set 8: <0.137234>
25-03-2017 02:36:51:  INFO - set 9: <0.141489>
25-03-2017 02:36:51:  INFO - set 10: <0.128723>
25-03-2017 02:36:51:  INFO - ↑ accuracy: <0.131064> ↑

25-03-2017 02:36:57:  INFO - LBPa config - center_size:2 neighbour_shape:2 range:2
25-03-2017 02:36:57:  INFO - HIST config - grid_size:20 uniform:0
25-03-2017 02:36:57:  INFO - Gabor config - setting:GABOR OFF
25-03-2017 07:38:10:  INFO - set 1: <0.119681>
25-03-2017 07:38:10:  INFO - set 2: <0.126064>
25-03-2017 07:38:10:  INFO - set 3: <0.127660>
25-03-2017 07:38:10:  INFO - set 4: <0.129255>
25-03-2017 07:38:10:  INFO - set 5: <0.122340>
25-03-2017 07:38:10:  INFO - set 6: <0.129255>
25-03-2017 07:38:10:  INFO - set 7: <0.117021>
25-03-2017 07:38:10:  INFO - set 8: <0.128723>
25-03-2017 07:38:10:  INFO - set 9: <0.142553>
25-03-2017 07:38:10:  INFO - set 10: <0.129787>
25-03-2017 07:38:10:  INFO - ↑ accuracy: <0.127234> ↑

25-03-2017 07:38:16:  INFO - LBPa config - center_size:3 neighbour_shape:3 range:3
25-03-2017 07:38:16:  INFO - HIST config - grid_size:1 uniform:1
25-03-2017 07:38:16:  INFO - Gabor config - setting:GABOR OFF
25-03-2017 07:50:54:  INFO - set 1: <0.174468>
25-03-2017 07:50:54:  INFO - set 2: <0.189362>
25-03-2017 07:50:54:  INFO - set 3: <0.190426>
25-03-2017 07:50:54:  INFO - set 4: <0.185638>
25-03-2017 07:50:54:  INFO - set 5: <0.201596>
25-03-2017 07:50:54:  INFO - set 6: <0.180851>
25-03-2017 07:50:54:  INFO - set 7: <0.176596>
25-03-2017 07:50:54:  INFO - set 8: <0.194149>
25-03-2017 07:50:54:  INFO - set 9: <0.198936>
25-03-2017 07:50:54:  INFO - set 10: <0.192553>
25-03-2017 07:50:54:  INFO - ↑ accuracy: <0.188457> ↑

25-03-2017 07:50:59:  INFO - LBPa config - center_size:3 neighbour_shape:3 range:3
25-03-2017 07:50:59:  INFO - HIST config - grid_size:2 uniform:1
25-03-2017 07:50:59:  INFO - Gabor config - setting:GABOR OFF
25-03-2017 08:04:24:  INFO - set 1: <0.175532>
25-03-2017 08:04:24:  INFO - set 2: <0.192553>
25-03-2017 08:04:24:  INFO - set 3: <0.196277>
25-03-2017 08:04:24:  INFO - set 4: <0.192553>
25-03-2017 08:04:24:  INFO - set 5: <0.191489>
25-03-2017 08:04:24:  INFO - set 6: <0.189894>
25-03-2017 08:04:24:  INFO - set 7: <0.178191>
25-03-2017 08:04:24:  INFO - set 8: <0.195213>
25-03-2017 08:04:24:  INFO - set 9: <0.195213>
25-03-2017 08:04:24:  INFO - set 10: <0.182979>
25-03-2017 08:04:24:  INFO - ↑ accuracy: <0.188989> ↑

25-03-2017 08:04:29:  INFO - LBPa config - center_size:3 neighbour_shape:3 range:3
25-03-2017 08:04:29:  INFO - HIST config - grid_size:4 uniform:1
25-03-2017 08:04:29:  INFO - Gabor config - setting:GABOR OFF
25-03-2017 08:20:46:  INFO - set 1: <0.175000>
25-03-2017 08:20:46:  INFO - set 2: <0.186702>
25-03-2017 08:20:46:  INFO - set 3: <0.178191>
25-03-2017 08:20:46:  INFO - set 4: <0.190957>
25-03-2017 08:20:46:  INFO - set 5: <0.188298>
25-03-2017 08:20:46:  INFO - set 6: <0.181383>
25-03-2017 08:20:46:  INFO - set 7: <0.175000>
25-03-2017 08:20:46:  INFO - set 8: <0.173936>
25-03-2017 08:20:46:  INFO - set 9: <0.191489>
25-03-2017 08:20:46:  INFO - set 10: <0.186702>
25-03-2017 08:20:46:  INFO - ↑ accuracy: <0.182766> ↑

25-03-2017 08:20:51:  INFO - LBPa config - center_size:3 neighbour_shape:3 range:3
25-03-2017 08:20:51:  INFO - HIST config - grid_size:6 uniform:1
25-03-2017 08:20:51:  INFO - Gabor config - setting:GABOR OFF
25-03-2017 08:42:02:  INFO - set 1: <0.165426>
25-03-2017 08:42:02:  INFO - set 2: <0.164894>
25-03-2017 08:42:02:  INFO - set 3: <0.154787>
25-03-2017 08:42:02:  INFO - set 4: <0.162766>
25-03-2017 08:42:02:  INFO - set 5: <0.175532>
25-03-2017 08:42:02:  INFO - set 6: <0.167021>
25-03-2017 08:42:02:  INFO - set 7: <0.159574>
25-03-2017 08:42:02:  INFO - set 8: <0.163298>
25-03-2017 08:42:02:  INFO - set 9: <0.165957>
25-03-2017 08:42:02:  INFO - set 10: <0.162766>
25-03-2017 08:42:02:  INFO - ↑ accuracy: <0.164202> ↑

25-03-2017 08:42:07:  INFO - LBPa config - center_size:3 neighbour_shape:3 range:3
25-03-2017 08:42:07:  INFO - HIST config - grid_size:8 uniform:1
25-03-2017 08:42:07:  INFO - Gabor config - setting:GABOR OFF
25-03-2017 09:09:54:  INFO - set 1: <0.151596>
25-03-2017 09:09:54:  INFO - set 2: <0.157447>
25-03-2017 09:09:54:  INFO - set 3: <0.140957>
25-03-2017 09:09:54:  INFO - set 4: <0.167021>
25-03-2017 09:09:54:  INFO - set 5: <0.162234>
25-03-2017 09:09:54:  INFO - set 6: <0.161702>
25-03-2017 09:09:54:  INFO - set 7: <0.146277>
25-03-2017 09:09:54:  INFO - set 8: <0.167021>
25-03-2017 09:09:54:  INFO - set 9: <0.163830>
25-03-2017 09:09:54:  INFO - set 10: <0.149468>
25-03-2017 09:09:54:  INFO - ↑ accuracy: <0.156755> ↑

25-03-2017 09:10:00:  INFO - LBPa config - center_size:3 neighbour_shape:3 range:3
25-03-2017 09:10:00:  INFO - HIST config - grid_size:10 uniform:1
25-03-2017 09:10:00:  INFO - Gabor config - setting:GABOR OFF
25-03-2017 09:46:22:  INFO - set 1: <0.148404>
25-03-2017 09:46:22:  INFO - set 2: <0.157979>
25-03-2017 09:46:22:  INFO - set 3: <0.130319>
25-03-2017 09:46:22:  INFO - set 4: <0.156383>
25-03-2017 09:46:22:  INFO - set 5: <0.149468>
25-03-2017 09:46:22:  INFO - set 6: <0.148404>
25-03-2017 09:46:22:  INFO - set 7: <0.136702>
25-03-2017 09:46:22:  INFO - set 8: <0.164894>
25-03-2017 09:46:22:  INFO - set 9: <0.160638>
25-03-2017 09:46:22:  INFO - set 10: <0.142021>
25-03-2017 09:46:22:  INFO - ↑ accuracy: <0.149521> ↑

25-03-2017 09:46:27:  INFO - LBPa config - center_size:3 neighbour_shape:3 range:3
25-03-2017 09:46:27:  INFO - HIST config - grid_size:12 uniform:1
25-03-2017 09:46:27:  INFO - Gabor config - setting:GABOR OFF
25-03-2017 10:32:29:  INFO - set 1: <0.126064>
25-03-2017 10:32:29:  INFO - set 2: <0.140426>
25-03-2017 10:32:29:  INFO - set 3: <0.133511>
25-03-2017 10:32:29:  INFO - set 4: <0.146277>
25-03-2017 10:32:29:  INFO - set 5: <0.145213>
25-03-2017 10:32:29:  INFO - set 6: <0.144681>
25-03-2017 10:32:29:  INFO - set 7: <0.134574>
25-03-2017 10:32:29:  INFO - set 8: <0.159574>
25-03-2017 10:32:29:  INFO - set 9: <0.152660>
25-03-2017 10:32:29:  INFO - set 10: <0.145213>
25-03-2017 10:32:29:  INFO - ↑ accuracy: <0.142819> ↑

25-03-2017 10:32:35:  INFO - LBPa config - center_size:3 neighbour_shape:3 range:3
25-03-2017 10:32:35:  INFO - HIST config - grid_size:14 uniform:1
25-03-2017 10:32:35:  INFO - Gabor config - setting:GABOR OFF
25-03-2017 11:30:57:  INFO - set 1: <0.121277>
25-03-2017 11:30:57:  INFO - set 2: <0.140957>
25-03-2017 11:30:57:  INFO - set 3: <0.130851>
25-03-2017 11:30:57:  INFO - set 4: <0.143085>
25-03-2017 11:30:57:  INFO - set 5: <0.135106>
25-03-2017 11:30:57:  INFO - set 6: <0.134043>
25-03-2017 11:30:57:  INFO - set 7: <0.129787>
25-03-2017 11:30:57:  INFO - set 8: <0.143617>
25-03-2017 11:30:57:  INFO - set 9: <0.148404>
25-03-2017 11:30:57:  INFO - set 10: <0.137234>
25-03-2017 11:30:57:  INFO - ↑ accuracy: <0.136436> ↑

25-03-2017 11:31:03:  INFO - LBPa config - center_size:3 neighbour_shape:3 range:3
25-03-2017 11:31:03:  INFO - HIST config - grid_size:16 uniform:1
25-03-2017 11:31:03:  INFO - Gabor config - setting:GABOR OFF
25-03-2017 12:43:44:  INFO - set 1: <0.117553>
25-03-2017 12:43:44:  INFO - set 2: <0.127128>
25-03-2017 12:43:44:  INFO - set 3: <0.125532>
25-03-2017 12:43:44:  INFO - set 4: <0.134574>
25-03-2017 12:43:44:  INFO - set 5: <0.129255>
25-03-2017 12:43:44:  INFO - set 6: <0.132979>
25-03-2017 12:43:44:  INFO - set 7: <0.121277>
25-03-2017 12:43:44:  INFO - set 8: <0.130319>
25-03-2017 12:43:44:  INFO - set 9: <0.136702>
25-03-2017 12:43:44:  INFO - set 10: <0.132979>
25-03-2017 12:43:44:  INFO - ↑ accuracy: <0.128830> ↑

25-03-2017 12:43:49:  INFO - LBPa config - center_size:3 neighbour_shape:3 range:3
25-03-2017 12:43:49:  INFO - HIST config - grid_size:18 uniform:1
25-03-2017 12:43:49:  INFO - Gabor config - setting:GABOR OFF
25-03-2017 14:12:15:  INFO - set 1: <0.117553>
25-03-2017 14:12:15:  INFO - set 2: <0.132979>
25-03-2017 14:12:15:  INFO - set 3: <0.118617>
25-03-2017 14:12:15:  INFO - set 4: <0.125000>
25-03-2017 14:12:15:  INFO - set 5: <0.115426>
25-03-2017 14:12:15:  INFO - set 6: <0.122872>
25-03-2017 14:12:15:  INFO - set 7: <0.113298>
25-03-2017 14:12:15:  INFO - set 8: <0.121809>
25-03-2017 14:12:15:  INFO - set 9: <0.126064>
25-03-2017 14:12:15:  INFO - set 10: <0.128191>
25-03-2017 14:12:15:  INFO - ↑ accuracy: <0.122181> ↑

25-03-2017 14:12:21:  INFO - LBPa config - center_size:3 neighbour_shape:3 range:3
25-03-2017 14:12:21:  INFO - HIST config - grid_size:20 uniform:1
25-03-2017 14:12:21:  INFO - Gabor config - setting:GABOR OFF
25-03-2017 15:57:23:  INFO - set 1: <0.115426>
25-03-2017 15:57:23:  INFO - set 2: <0.118617>
25-03-2017 15:57:23:  INFO - set 3: <0.110106>
25-03-2017 15:57:23:  INFO - set 4: <0.115426>
25-03-2017 15:57:23:  INFO - set 5: <0.103723>
25-03-2017 15:57:23:  INFO - set 6: <0.119149>
25-03-2017 15:57:23:  INFO - set 7: <0.104255>
25-03-2017 15:57:23:  INFO - set 8: <0.112234>
25-03-2017 15:57:23:  INFO - set 9: <0.120213>
25-03-2017 15:57:23:  INFO - set 10: <0.124468>
25-03-2017 15:57:23:  INFO - ↑ accuracy: <0.114362> ↑

25-03-2017 15:57:29:  INFO - LBPa config - center_size:3 neighbour_shape:3 range:3
25-03-2017 15:57:29:  INFO - HIST config - grid_size:1 uniform:0
25-03-2017 15:57:29:  INFO - Gabor config - setting:GABOR OFF
25-03-2017 16:10:21:  INFO - set 1: <0.189894>
25-03-2017 16:10:21:  INFO - set 2: <0.214362>
25-03-2017 16:10:21:  INFO - set 3: <0.208511>
25-03-2017 16:10:21:  INFO - set 4: <0.199468>
25-03-2017 16:10:21:  INFO - set 5: <0.218617>
25-03-2017 16:10:21:  INFO - set 6: <0.204255>
25-03-2017 16:10:21:  INFO - set 7: <0.191489>
25-03-2017 16:10:21:  INFO - set 8: <0.217021>
25-03-2017 16:10:21:  INFO - set 9: <0.219681>
25-03-2017 16:10:21:  INFO - set 10: <0.215957>
25-03-2017 16:10:21:  INFO - ↑ accuracy: <0.207926> ↑

25-03-2017 16:10:26:  INFO - LBPa config - center_size:3 neighbour_shape:3 range:3
25-03-2017 16:10:26:  INFO - HIST config - grid_size:2 uniform:0
25-03-2017 16:10:26:  INFO - Gabor config - setting:GABOR OFF
25-03-2017 16:25:38:  INFO - set 1: <0.191489>
25-03-2017 16:25:38:  INFO - set 2: <0.211170>
25-03-2017 16:25:38:  INFO - set 3: <0.218085>
25-03-2017 16:25:38:  INFO - set 4: <0.211702>
25-03-2017 16:25:38:  INFO - set 5: <0.205319>
25-03-2017 16:25:38:  INFO - set 6: <0.208511>
25-03-2017 16:25:38:  INFO - set 7: <0.201596>
25-03-2017 16:25:38:  INFO - set 8: <0.218617>
25-03-2017 16:25:38:  INFO - set 9: <0.218085>
25-03-2017 16:25:38:  INFO - set 10: <0.215957>
25-03-2017 16:25:38:  INFO - ↑ accuracy: <0.210053> ↑

25-03-2017 16:25:43:  INFO - LBPa config - center_size:3 neighbour_shape:3 range:3
25-03-2017 16:25:43:  INFO - HIST config - grid_size:4 uniform:0
25-03-2017 16:25:43:  INFO - Gabor config - setting:GABOR OFF
25-03-2017 16:50:13:  INFO - set 1: <0.184043>
25-03-2017 16:50:13:  INFO - set 2: <0.206383>
25-03-2017 16:50:13:  INFO - set 3: <0.196277>
25-03-2017 16:50:13:  INFO - set 4: <0.211170>
25-03-2017 16:50:13:  INFO - set 5: <0.205319>
25-03-2017 16:50:13:  INFO - set 6: <0.201596>
25-03-2017 16:50:13:  INFO - set 7: <0.191489>
25-03-2017 16:50:13:  INFO - set 8: <0.198936>
25-03-2017 16:50:13:  INFO - set 9: <0.205851>
25-03-2017 16:50:13:  INFO - set 10: <0.198936>
25-03-2017 16:50:13:  INFO - ↑ accuracy: <0.200000> ↑

25-03-2017 16:50:18:  INFO - LBPa config - center_size:3 neighbour_shape:3 range:3
25-03-2017 16:50:18:  INFO - HIST config - grid_size:6 uniform:0
25-03-2017 16:50:18:  INFO - Gabor config - setting:GABOR OFF
25-03-2017 17:29:41:  INFO - set 1: <0.179787>
25-03-2017 17:29:41:  INFO - set 2: <0.184574>
25-03-2017 17:29:41:  INFO - set 3: <0.186170>
25-03-2017 17:29:41:  INFO - set 4: <0.185638>
25-03-2017 17:29:41:  INFO - set 5: <0.193085>
25-03-2017 17:29:41:  INFO - set 6: <0.182447>
25-03-2017 17:29:41:  INFO - set 7: <0.187234>
25-03-2017 17:29:41:  INFO - set 8: <0.185106>
25-03-2017 17:29:41:  INFO - set 9: <0.190957>
25-03-2017 17:29:41:  INFO - set 10: <0.174468>
25-03-2017 17:29:41:  INFO - ↑ accuracy: <0.184947> ↑

25-03-2017 17:29:47:  INFO - LBPa config - center_size:3 neighbour_shape:3 range:3
25-03-2017 17:29:47:  INFO - HIST config - grid_size:8 uniform:0
25-03-2017 17:29:47:  INFO - Gabor config - setting:GABOR OFF
25-03-2017 18:29:39:  INFO - set 1: <0.165957>
25-03-2017 18:29:39:  INFO - set 2: <0.171809>
25-03-2017 18:29:39:  INFO - set 3: <0.170213>
25-03-2017 18:29:39:  INFO - set 4: <0.177128>
25-03-2017 18:29:39:  INFO - set 5: <0.182979>
25-03-2017 18:29:39:  INFO - set 6: <0.177660>
25-03-2017 18:29:39:  INFO - set 7: <0.162234>
25-03-2017 18:29:39:  INFO - set 8: <0.173404>
25-03-2017 18:29:39:  INFO - set 9: <0.179255>
25-03-2017 18:29:39:  INFO - set 10: <0.172872>
25-03-2017 18:29:39:  INFO - ↑ accuracy: <0.173351> ↑

25-03-2017 18:29:44:  INFO - LBPa config - center_size:3 neighbour_shape:3 range:3
25-03-2017 18:29:44:  INFO - HIST config - grid_size:10 uniform:0
25-03-2017 18:29:44:  INFO - Gabor config - setting:GABOR OFF
25-03-2017 19:54:46:  INFO - set 1: <0.151064>
25-03-2017 19:54:46:  INFO - set 2: <0.170745>
25-03-2017 19:54:46:  INFO - set 3: <0.162766>
25-03-2017 19:54:46:  INFO - set 4: <0.171277>
25-03-2017 19:54:46:  INFO - set 5: <0.172872>
25-03-2017 19:54:46:  INFO - set 6: <0.172872>
25-03-2017 19:54:46:  INFO - set 7: <0.151596>
25-03-2017 19:54:46:  INFO - set 8: <0.169681>
25-03-2017 19:54:46:  INFO - set 9: <0.175000>
25-03-2017 19:54:46:  INFO - set 10: <0.158511>
25-03-2017 19:54:46:  INFO - ↑ accuracy: <0.165638> ↑

25-03-2017 19:54:51:  INFO - LBPa config - center_size:3 neighbour_shape:3 range:3
25-03-2017 19:54:51:  INFO - HIST config - grid_size:12 uniform:0
25-03-2017 19:54:51:  INFO - Gabor config - setting:GABOR OFF
25-03-2017 21:49:50:  INFO - set 1: <0.158511>
25-03-2017 21:49:50:  INFO - set 2: <0.161170>
25-03-2017 21:49:50:  INFO - set 3: <0.160106>
25-03-2017 21:49:50:  INFO - set 4: <0.158511>
25-03-2017 21:49:50:  INFO - set 5: <0.175000>
25-03-2017 21:49:50:  INFO - set 6: <0.165426>
25-03-2017 21:49:50:  INFO - set 7: <0.143617>
25-03-2017 21:49:50:  INFO - set 8: <0.164894>
25-03-2017 21:49:50:  INFO - set 9: <0.171809>
25-03-2017 21:49:50:  INFO - set 10: <0.160638>
25-03-2017 21:49:50:  INFO - ↑ accuracy: <0.161968> ↑

25-03-2017 21:49:56:  INFO - LBPa config - center_size:3 neighbour_shape:3 range:3
25-03-2017 21:49:56:  INFO - HIST config - grid_size:14 uniform:0
25-03-2017 21:49:56:  INFO - Gabor config - setting:GABOR OFF
26-03-2017 00:20:57:  INFO - set 1: <0.141489>
26-03-2017 00:20:57:  INFO - set 2: <0.151596>
26-03-2017 00:20:57:  INFO - set 3: <0.145745>
26-03-2017 00:20:57:  INFO - set 4: <0.146277>
26-03-2017 00:20:57:  INFO - set 5: <0.157447>
26-03-2017 00:20:57:  INFO - set 6: <0.148936>
26-03-2017 00:20:57:  INFO - set 7: <0.137766>
26-03-2017 00:20:57:  INFO - set 8: <0.152128>
26-03-2017 00:20:57:  INFO - set 9: <0.162766>
26-03-2017 00:20:57:  INFO - set 10: <0.156915>
26-03-2017 00:20:57:  INFO - ↑ accuracy: <0.150106> ↑

26-03-2017 00:21:02:  INFO - LBPa config - center_size:3 neighbour_shape:3 range:3
26-03-2017 00:21:02:  INFO - HIST config - grid_size:16 uniform:0
26-03-2017 00:21:02:  INFO - Gabor config - setting:GABOR OFF
26-03-2017 04:33:45:  INFO - set 1: <0.138830>
26-03-2017 04:33:45:  INFO - set 2: <0.147340>
26-03-2017 04:33:45:  INFO - set 3: <0.134574>
26-03-2017 04:33:45:  INFO - set 4: <0.140426>
26-03-2017 04:33:45:  INFO - set 5: <0.141489>
26-03-2017 04:33:45:  INFO - set 6: <0.142553>
26-03-2017 04:33:45:  INFO - set 7: <0.135638>
26-03-2017 04:33:45:  INFO - set 8: <0.141489>
26-03-2017 04:33:45:  INFO - set 9: <0.155319>
26-03-2017 04:33:45:  INFO - set 10: <0.149468>
26-03-2017 04:33:45:  INFO - ↑ accuracy: <0.142713> ↑

26-03-2017 04:33:50:  INFO - LBPa config - center_size:3 neighbour_shape:3 range:3
26-03-2017 04:33:50:  INFO - HIST config - grid_size:18 uniform:0
26-03-2017 04:33:50:  INFO - Gabor config - setting:GABOR OFF
26-03-2017 08:31:07:  INFO - set 1: <0.128723>
26-03-2017 08:31:07:  INFO - set 2: <0.144149>
26-03-2017 08:31:07:  INFO - set 3: <0.121809>
26-03-2017 08:31:07:  INFO - set 4: <0.125532>
26-03-2017 08:31:07:  INFO - set 5: <0.133511>
26-03-2017 08:31:07:  INFO - set 6: <0.135106>
26-03-2017 08:31:07:  INFO - set 7: <0.120213>
26-03-2017 08:31:07:  INFO - set 8: <0.130319>
26-03-2017 08:31:07:  INFO - set 9: <0.145213>
26-03-2017 08:31:07:  INFO - set 10: <0.143617>
26-03-2017 08:31:07:  INFO - ↑ accuracy: <0.132819> ↑

26-03-2017 08:31:07:  INFO - Application ended correctly...
