30-03-2017 21:30:32:  INFO - Application started in [JOB TEXTURE MODE] with 39 jobs
30-03-2017 21:30:32:  INFO - ------ config ------

				/home/tondav/dtd/:[test_folder:test, train_folder:train]
				preprocessing_config:[equalize_hist:0, gaussina_blur:0]
				classification_threads:8
				comparison_method:INTERSECTION
				gabor_filter_setting: [kernel_size:13 Sigma:5 Lambda:44 Theta:15 Gamma:3 Psi:104]

30-03-2017 21:31:01:  INFO - LBP config - range:1 neighbours:8 neighbour_shape:1
30-03-2017 21:31:01:  INFO - HIST config - grid_size:2 uniform:0
30-03-2017 21:31:01:  INFO - Gabor config - setting:GABOR OFF
30-03-2017 22:05:35:  INFO - set 1: <0.157447>
30-03-2017 22:05:35:  INFO - set 2: <0.161702>
30-03-2017 22:05:35:  INFO - set 3: <0.162234>
30-03-2017 22:05:35:  INFO - set 4: <0.162234>
30-03-2017 22:05:35:  INFO - set 5: <0.160638>
30-03-2017 22:05:35:  INFO - set 6: <0.152128>
30-03-2017 22:05:35:  INFO - set 7: <0.155319>
30-03-2017 22:05:35:  INFO - set 8: <0.159043>
30-03-2017 22:05:35:  INFO - set 9: <0.169149>
30-03-2017 22:05:35:  INFO - set 10: <0.158511>
30-03-2017 22:05:35:  INFO - ↑ accuracy: <0.159840> ↑

30-03-2017 22:05:40:  INFO - LBP config - range:2 neighbours:8 neighbour_shape:1
30-03-2017 22:05:40:  INFO - HIST config - grid_size:2 uniform:0
30-03-2017 22:05:40:  INFO - Gabor config - setting:GABOR OFF
30-03-2017 22:40:03:  INFO - set 1: <0.165426>
30-03-2017 22:40:03:  INFO - set 2: <0.180319>
30-03-2017 22:40:03:  INFO - set 3: <0.176596>
30-03-2017 22:40:03:  INFO - set 4: <0.167553>
30-03-2017 22:40:03:  INFO - set 5: <0.177128>
30-03-2017 22:40:03:  INFO - set 6: <0.169681>
30-03-2017 22:40:03:  INFO - set 7: <0.169149>
30-03-2017 22:40:03:  INFO - set 8: <0.183511>
30-03-2017 22:40:03:  INFO - set 9: <0.172340>
30-03-2017 22:40:03:  INFO - set 10: <0.177128>
30-03-2017 22:40:03:  INFO - ↑ accuracy: <0.173883> ↑

30-03-2017 22:40:09:  INFO - LBP config - range:3 neighbours:8 neighbour_shape:1
30-03-2017 22:40:09:  INFO - HIST config - grid_size:2 uniform:0
30-03-2017 22:40:09:  INFO - Gabor config - setting:GABOR OFF
30-03-2017 23:14:49:  INFO - set 1: <0.176064>
30-03-2017 23:14:49:  INFO - set 2: <0.189894>
30-03-2017 23:14:49:  INFO - set 3: <0.201596>
30-03-2017 23:14:49:  INFO - set 4: <0.187234>
30-03-2017 23:14:49:  INFO - set 5: <0.188830>
30-03-2017 23:14:49:  INFO - set 6: <0.190957>
30-03-2017 23:14:49:  INFO - set 7: <0.170745>
30-03-2017 23:14:49:  INFO - set 8: <0.185638>
30-03-2017 23:14:49:  INFO - set 9: <0.193617>
30-03-2017 23:14:49:  INFO - set 10: <0.195745>
30-03-2017 23:14:49:  INFO - ↑ accuracy: <0.188032> ↑

30-03-2017 23:14:55:  INFO - LBP config - range:4 neighbours:8 neighbour_shape:1
30-03-2017 23:14:55:  INFO - HIST config - grid_size:2 uniform:0
30-03-2017 23:14:55:  INFO - Gabor config - setting:GABOR OFF
30-03-2017 23:49:40:  INFO - set 1: <0.184043>
30-03-2017 23:49:40:  INFO - set 2: <0.207447>
30-03-2017 23:49:40:  INFO - set 3: <0.205851>
30-03-2017 23:49:40:  INFO - set 4: <0.201596>
30-03-2017 23:49:40:  INFO - set 5: <0.205319>
30-03-2017 23:49:40:  INFO - set 6: <0.191489>
30-03-2017 23:49:40:  INFO - set 7: <0.185638>
30-03-2017 23:49:40:  INFO - set 8: <0.197872>
30-03-2017 23:49:40:  INFO - set 9: <0.196277>
30-03-2017 23:49:40:  INFO - set 10: <0.191489>
30-03-2017 23:49:40:  INFO - ↑ accuracy: <0.196702> ↑

30-03-2017 23:49:46:  INFO - LBP config - range:5 neighbours:8 neighbour_shape:1
30-03-2017 23:49:46:  INFO - HIST config - grid_size:2 uniform:0
30-03-2017 23:49:46:  INFO - Gabor config - setting:GABOR OFF
31-03-2017 00:23:51:  INFO - set 1: <0.188830>
31-03-2017 00:23:51:  INFO - set 2: <0.201064>
31-03-2017 00:23:51:  INFO - set 3: <0.197872>
31-03-2017 00:23:51:  INFO - set 4: <0.202128>
31-03-2017 00:23:51:  INFO - set 5: <0.204255>
31-03-2017 00:23:51:  INFO - set 6: <0.186170>
31-03-2017 00:23:51:  INFO - set 7: <0.189362>
31-03-2017 00:23:51:  INFO - set 8: <0.210106>
31-03-2017 00:23:51:  INFO - set 9: <0.201596>
31-03-2017 00:23:51:  INFO - set 10: <0.187234>
31-03-2017 00:23:51:  INFO - ↑ accuracy: <0.196862> ↑

31-03-2017 00:23:57:  INFO - LBP config - range:6 neighbours:8 neighbour_shape:1
31-03-2017 00:23:57:  INFO - HIST config - grid_size:2 uniform:0
31-03-2017 00:23:57:  INFO - Gabor config - setting:GABOR OFF
31-03-2017 00:58:24:  INFO - set 1: <0.188830>
31-03-2017 00:58:24:  INFO - set 2: <0.202660>
31-03-2017 00:58:24:  INFO - set 3: <0.206915>
31-03-2017 00:58:24:  INFO - set 4: <0.199468>
31-03-2017 00:58:24:  INFO - set 5: <0.202660>
31-03-2017 00:58:24:  INFO - set 6: <0.193085>
31-03-2017 00:58:24:  INFO - set 7: <0.191489>
31-03-2017 00:58:24:  INFO - set 8: <0.206383>
31-03-2017 00:58:24:  INFO - set 9: <0.203723>
31-03-2017 00:58:24:  INFO - set 10: <0.188830>
31-03-2017 00:58:24:  INFO - ↑ accuracy: <0.198404> ↑

31-03-2017 00:58:30:  INFO - LBP config - range:7 neighbours:8 neighbour_shape:1
31-03-2017 00:58:30:  INFO - HIST config - grid_size:2 uniform:0
31-03-2017 00:58:30:  INFO - Gabor config - setting:GABOR OFF
31-03-2017 01:33:19:  INFO - set 1: <0.182979>
31-03-2017 01:33:19:  INFO - set 2: <0.193085>
31-03-2017 01:33:19:  INFO - set 3: <0.197340>
31-03-2017 01:33:19:  INFO - set 4: <0.195213>
31-03-2017 01:33:19:  INFO - set 5: <0.197872>
31-03-2017 01:33:19:  INFO - set 6: <0.176596>
31-03-2017 01:33:19:  INFO - set 7: <0.180319>
31-03-2017 01:33:19:  INFO - set 8: <0.204255>
31-03-2017 01:33:19:  INFO - set 9: <0.207447>
31-03-2017 01:33:19:  INFO - set 10: <0.184574>
31-03-2017 01:33:19:  INFO - ↑ accuracy: <0.191968> ↑

31-03-2017 01:33:24:  INFO - LBP config - range:8 neighbours:8 neighbour_shape:1
31-03-2017 01:33:24:  INFO - HIST config - grid_size:2 uniform:0
31-03-2017 01:33:24:  INFO - Gabor config - setting:GABOR OFF
31-03-2017 02:08:08:  INFO - set 1: <0.186702>
31-03-2017 02:08:08:  INFO - set 2: <0.194681>
31-03-2017 02:08:08:  INFO - set 3: <0.191489>
31-03-2017 02:08:08:  INFO - set 4: <0.201596>
31-03-2017 02:08:08:  INFO - set 5: <0.186702>
31-03-2017 02:08:08:  INFO - set 6: <0.189362>
31-03-2017 02:08:08:  INFO - set 7: <0.181915>
31-03-2017 02:08:08:  INFO - set 8: <0.199468>
31-03-2017 02:08:08:  INFO - set 9: <0.201064>
31-03-2017 02:08:08:  INFO - set 10: <0.188830>
31-03-2017 02:08:08:  INFO - ↑ accuracy: <0.192181> ↑

31-03-2017 02:08:14:  INFO - LBP config - range:9 neighbours:8 neighbour_shape:1
31-03-2017 02:08:14:  INFO - HIST config - grid_size:2 uniform:0
31-03-2017 02:08:14:  INFO - Gabor config - setting:GABOR OFF
31-03-2017 02:42:41:  INFO - set 1: <0.183511>
31-03-2017 02:42:41:  INFO - set 2: <0.197872>
31-03-2017 02:42:41:  INFO - set 3: <0.194149>
31-03-2017 02:42:41:  INFO - set 4: <0.196277>
31-03-2017 02:42:41:  INFO - set 5: <0.184574>
31-03-2017 02:42:41:  INFO - set 6: <0.189362>
31-03-2017 02:42:41:  INFO - set 7: <0.176596>
31-03-2017 02:42:41:  INFO - set 8: <0.201596>
31-03-2017 02:42:41:  INFO - set 9: <0.194681>
31-03-2017 02:42:41:  INFO - set 10: <0.190426>
31-03-2017 02:42:41:  INFO - ↑ accuracy: <0.190904> ↑

31-03-2017 02:42:47:  INFO - LBP config - range:10 neighbours:8 neighbour_shape:1
31-03-2017 02:42:47:  INFO - HIST config - grid_size:2 uniform:0
31-03-2017 02:42:47:  INFO - Gabor config - setting:GABOR OFF
31-03-2017 03:17:18:  INFO - set 1: <0.179255>
31-03-2017 03:17:18:  INFO - set 2: <0.189362>
31-03-2017 03:17:18:  INFO - set 3: <0.186170>
31-03-2017 03:17:18:  INFO - set 4: <0.186702>
31-03-2017 03:17:18:  INFO - set 5: <0.179787>
31-03-2017 03:17:18:  INFO - set 6: <0.187766>
31-03-2017 03:17:18:  INFO - set 7: <0.173936>
31-03-2017 03:17:18:  INFO - set 8: <0.197872>
31-03-2017 03:17:18:  INFO - set 9: <0.190957>
31-03-2017 03:17:18:  INFO - set 10: <0.176064>
31-03-2017 03:17:18:  INFO - ↑ accuracy: <0.184787> ↑

31-03-2017 03:17:24:  INFO - LBPa config - center_size:2 neighbour_shape:2 range:2
31-03-2017 03:17:24:  INFO - HIST config - grid_size:2 uniform:0
31-03-2017 03:17:24:  INFO - Gabor config - setting:GABOR OFF
31-03-2017 03:33:05:  INFO - set 1: <0.175532>
31-03-2017 03:33:05:  INFO - set 2: <0.194681>
31-03-2017 03:33:05:  INFO - set 3: <0.203191>
31-03-2017 03:33:05:  INFO - set 4: <0.198936>
31-03-2017 03:33:05:  INFO - set 5: <0.194681>
31-03-2017 03:33:05:  INFO - set 6: <0.188830>
31-03-2017 03:33:05:  INFO - set 7: <0.186170>
31-03-2017 03:33:05:  INFO - set 8: <0.195745>
31-03-2017 03:33:05:  INFO - set 9: <0.188830>
31-03-2017 03:33:05:  INFO - set 10: <0.194149>
31-03-2017 03:33:05:  INFO - ↑ accuracy: <0.192074> ↑

31-03-2017 03:33:11:  INFO - LBPa config - center_size:2 neighbour_shape:2 range:3
31-03-2017 03:33:11:  INFO - HIST config - grid_size:2 uniform:0
31-03-2017 03:33:11:  INFO - Gabor config - setting:GABOR OFF
31-03-2017 03:49:07:  INFO - set 1: <0.193617>
31-03-2017 03:49:07:  INFO - set 2: <0.203723>
31-03-2017 03:49:07:  INFO - set 3: <0.209574>
31-03-2017 03:49:07:  INFO - set 4: <0.209043>
31-03-2017 03:49:07:  INFO - set 5: <0.202128>
31-03-2017 03:49:07:  INFO - set 6: <0.201596>
31-03-2017 03:49:07:  INFO - set 7: <0.192021>
31-03-2017 03:49:07:  INFO - set 8: <0.209043>
31-03-2017 03:49:07:  INFO - set 9: <0.204787>
31-03-2017 03:49:07:  INFO - set 10: <0.197340>
31-03-2017 03:49:07:  INFO - ↑ accuracy: <0.202287> ↑

31-03-2017 03:49:13:  INFO - LBPa config - center_size:2 neighbour_shape:2 range:4
31-03-2017 03:49:13:  INFO - HIST config - grid_size:2 uniform:0
31-03-2017 03:49:13:  INFO - Gabor config - setting:GABOR OFF
31-03-2017 04:04:46:  INFO - set 1: <0.195213>
31-03-2017 04:04:46:  INFO - set 2: <0.204787>
31-03-2017 04:04:46:  INFO - set 3: <0.203723>
31-03-2017 04:04:46:  INFO - set 4: <0.206383>
31-03-2017 04:04:46:  INFO - set 5: <0.205851>
31-03-2017 04:04:46:  INFO - set 6: <0.189894>
31-03-2017 04:04:46:  INFO - set 7: <0.194149>
31-03-2017 04:04:46:  INFO - set 8: <0.210106>
31-03-2017 04:04:46:  INFO - set 9: <0.206915>
31-03-2017 04:04:46:  INFO - set 10: <0.194681>
31-03-2017 04:04:46:  INFO - ↑ accuracy: <0.201170> ↑

31-03-2017 04:04:51:  INFO - LBPa config - center_size:2 neighbour_shape:2 range:5
31-03-2017 04:04:51:  INFO - HIST config - grid_size:2 uniform:0
31-03-2017 04:04:51:  INFO - Gabor config - setting:GABOR OFF
31-03-2017 04:20:51:  INFO - set 1: <0.185106>
31-03-2017 04:20:51:  INFO - set 2: <0.207447>
31-03-2017 04:20:51:  INFO - set 3: <0.202660>
31-03-2017 04:20:51:  INFO - set 4: <0.205851>
31-03-2017 04:20:51:  INFO - set 5: <0.209043>
31-03-2017 04:20:51:  INFO - set 6: <0.197340>
31-03-2017 04:20:51:  INFO - set 7: <0.186170>
31-03-2017 04:20:51:  INFO - set 8: <0.214894>
31-03-2017 04:20:51:  INFO - set 9: <0.207979>
31-03-2017 04:20:51:  INFO - set 10: <0.195213>
31-03-2017 04:20:51:  INFO - ↑ accuracy: <0.201170> ↑

31-03-2017 04:20:57:  INFO - LBPa config - center_size:2 neighbour_shape:2 range:6
31-03-2017 04:20:57:  INFO - HIST config - grid_size:2 uniform:0
31-03-2017 04:20:57:  INFO - Gabor config - setting:GABOR OFF
31-03-2017 04:37:01:  INFO - set 1: <0.180851>
31-03-2017 04:37:01:  INFO - set 2: <0.205851>
31-03-2017 04:37:01:  INFO - set 3: <0.196277>
31-03-2017 04:37:01:  INFO - set 4: <0.201064>
31-03-2017 04:37:01:  INFO - set 5: <0.196809>
31-03-2017 04:37:01:  INFO - set 6: <0.190957>
31-03-2017 04:37:01:  INFO - set 7: <0.183511>
31-03-2017 04:37:01:  INFO - set 8: <0.201064>
31-03-2017 04:37:01:  INFO - set 9: <0.200532>
31-03-2017 04:37:01:  INFO - set 10: <0.194149>
31-03-2017 04:37:01:  INFO - ↑ accuracy: <0.195106> ↑

31-03-2017 04:37:06:  INFO - LBPa config - center_size:2 neighbour_shape:2 range:7
31-03-2017 04:37:06:  INFO - HIST config - grid_size:2 uniform:0
31-03-2017 04:37:06:  INFO - Gabor config - setting:GABOR OFF
31-03-2017 04:53:02:  INFO - set 1: <0.182979>
31-03-2017 04:53:02:  INFO - set 2: <0.201064>
31-03-2017 04:53:02:  INFO - set 3: <0.185106>
31-03-2017 04:53:02:  INFO - set 4: <0.198936>
31-03-2017 04:53:02:  INFO - set 5: <0.189362>
31-03-2017 04:53:02:  INFO - set 6: <0.184574>
31-03-2017 04:53:02:  INFO - set 7: <0.180319>
31-03-2017 04:53:02:  INFO - set 8: <0.203191>
31-03-2017 04:53:02:  INFO - set 9: <0.195745>
31-03-2017 04:53:02:  INFO - set 10: <0.192553>
31-03-2017 04:53:02:  INFO - ↑ accuracy: <0.191383> ↑

31-03-2017 04:53:07:  INFO - LBPa config - center_size:2 neighbour_shape:2 range:8
31-03-2017 04:53:07:  INFO - HIST config - grid_size:2 uniform:0
31-03-2017 04:53:07:  INFO - Gabor config - setting:GABOR OFF
31-03-2017 05:09:11:  INFO - set 1: <0.183511>
31-03-2017 05:09:11:  INFO - set 2: <0.192021>
31-03-2017 05:09:11:  INFO - set 3: <0.182979>
31-03-2017 05:09:11:  INFO - set 4: <0.194681>
31-03-2017 05:09:11:  INFO - set 5: <0.185638>
31-03-2017 05:09:11:  INFO - set 6: <0.188298>
31-03-2017 05:09:11:  INFO - set 7: <0.184043>
31-03-2017 05:09:11:  INFO - set 8: <0.207447>
31-03-2017 05:09:11:  INFO - set 9: <0.197872>
31-03-2017 05:09:11:  INFO - set 10: <0.185106>
31-03-2017 05:09:11:  INFO - ↑ accuracy: <0.190160> ↑

31-03-2017 05:09:17:  INFO - LBPa config - center_size:2 neighbour_shape:2 range:9
31-03-2017 05:09:17:  INFO - HIST config - grid_size:2 uniform:0
31-03-2017 05:09:17:  INFO - Gabor config - setting:GABOR OFF
31-03-2017 05:25:18:  INFO - set 1: <0.180319>
31-03-2017 05:25:18:  INFO - set 2: <0.180319>
31-03-2017 05:25:18:  INFO - set 3: <0.190957>
31-03-2017 05:25:18:  INFO - set 4: <0.184043>
31-03-2017 05:25:18:  INFO - set 5: <0.177128>
31-03-2017 05:25:18:  INFO - set 6: <0.181915>
31-03-2017 05:25:18:  INFO - set 7: <0.179787>
31-03-2017 05:25:18:  INFO - set 8: <0.202128>
31-03-2017 05:25:18:  INFO - set 9: <0.188830>
31-03-2017 05:25:18:  INFO - set 10: <0.179787>
31-03-2017 05:25:18:  INFO - ↑ accuracy: <0.184521> ↑

31-03-2017 05:25:23:  INFO - LBPa config - center_size:2 neighbour_shape:2 range:10
31-03-2017 05:25:23:  INFO - HIST config - grid_size:2 uniform:0
31-03-2017 05:25:23:  INFO - Gabor config - setting:GABOR OFF
31-03-2017 05:41:22:  INFO - set 1: <0.178723>
31-03-2017 05:41:22:  INFO - set 2: <0.188830>
31-03-2017 05:41:22:  INFO - set 3: <0.194149>
31-03-2017 05:41:22:  INFO - set 4: <0.186702>
31-03-2017 05:41:22:  INFO - set 5: <0.185106>
31-03-2017 05:41:22:  INFO - set 6: <0.195213>
31-03-2017 05:41:22:  INFO - set 7: <0.177660>
31-03-2017 05:41:22:  INFO - set 8: <0.201064>
31-03-2017 05:41:22:  INFO - set 9: <0.190426>
31-03-2017 05:41:22:  INFO - set 10: <0.184574>
31-03-2017 05:41:22:  INFO - ↑ accuracy: <0.188245> ↑

31-03-2017 05:41:27:  INFO - LBPa config - center_size:3 neighbour_shape:3 range:3
31-03-2017 05:41:27:  INFO - HIST config - grid_size:2 uniform:0
31-03-2017 05:41:27:  INFO - Gabor config - setting:GABOR OFF
31-03-2017 05:57:43:  INFO - set 1: <0.191489>
31-03-2017 05:57:43:  INFO - set 2: <0.211170>
31-03-2017 05:57:43:  INFO - set 3: <0.218085>
31-03-2017 05:57:43:  INFO - set 4: <0.211702>
31-03-2017 05:57:43:  INFO - set 5: <0.205319>
31-03-2017 05:57:43:  INFO - set 6: <0.208511>
31-03-2017 05:57:43:  INFO - set 7: <0.201596>
31-03-2017 05:57:43:  INFO - set 8: <0.218617>
31-03-2017 05:57:43:  INFO - set 9: <0.218085>
31-03-2017 05:57:43:  INFO - set 10: <0.215957>
31-03-2017 05:57:43:  INFO - ↑ accuracy: <0.210053> ↑

31-03-2017 05:57:48:  INFO - LBPa config - center_size:3 neighbour_shape:3 range:4
31-03-2017 05:57:48:  INFO - HIST config - grid_size:2 uniform:0
31-03-2017 05:57:48:  INFO - Gabor config - setting:GABOR OFF
31-03-2017 06:14:06:  INFO - set 1: <0.201064>
31-03-2017 06:14:06:  INFO - set 2: <0.214894>
31-03-2017 06:14:06:  INFO - set 3: <0.210106>
31-03-2017 06:14:06:  INFO - set 4: <0.210106>
31-03-2017 06:14:06:  INFO - set 5: <0.212766>
31-03-2017 06:14:06:  INFO - set 6: <0.202660>
31-03-2017 06:14:06:  INFO - set 7: <0.200000>
31-03-2017 06:14:06:  INFO - set 8: <0.220213>
31-03-2017 06:14:06:  INFO - set 9: <0.219149>
31-03-2017 06:14:06:  INFO - set 10: <0.206915>
31-03-2017 06:14:06:  INFO - ↑ accuracy: <0.209787> ↑

31-03-2017 06:14:11:  INFO - LBPa config - center_size:3 neighbour_shape:3 range:5
31-03-2017 06:14:11:  INFO - HIST config - grid_size:2 uniform:0
31-03-2017 06:14:11:  INFO - Gabor config - setting:GABOR OFF
31-03-2017 06:29:36:  INFO - set 1: <0.195745>
31-03-2017 06:29:36:  INFO - set 2: <0.211702>
31-03-2017 06:29:36:  INFO - set 3: <0.213830>
31-03-2017 06:29:36:  INFO - set 4: <0.202660>
31-03-2017 06:29:36:  INFO - set 5: <0.207447>
31-03-2017 06:29:36:  INFO - set 6: <0.204255>
31-03-2017 06:29:36:  INFO - set 7: <0.199468>
31-03-2017 06:29:36:  INFO - set 8: <0.213298>
31-03-2017 06:29:36:  INFO - set 9: <0.215426>
31-03-2017 06:29:36:  INFO - set 10: <0.205851>
31-03-2017 06:29:36:  INFO - ↑ accuracy: <0.206968> ↑

31-03-2017 06:29:42:  INFO - LBPa config - center_size:3 neighbour_shape:3 range:6
31-03-2017 06:29:42:  INFO - HIST config - grid_size:2 uniform:0
31-03-2017 06:29:42:  INFO - Gabor config - setting:GABOR OFF
31-03-2017 06:45:47:  INFO - set 1: <0.198404>
31-03-2017 06:45:47:  INFO - set 2: <0.204255>
31-03-2017 06:45:47:  INFO - set 3: <0.212234>
31-03-2017 06:45:47:  INFO - set 4: <0.208511>
31-03-2017 06:45:47:  INFO - set 5: <0.203723>
31-03-2017 06:45:47:  INFO - set 6: <0.196809>
31-03-2017 06:45:47:  INFO - set 7: <0.196809>
31-03-2017 06:45:47:  INFO - set 8: <0.216489>
31-03-2017 06:45:47:  INFO - set 9: <0.212234>
31-03-2017 06:45:47:  INFO - set 10: <0.203723>
31-03-2017 06:45:47:  INFO - ↑ accuracy: <0.205319> ↑

31-03-2017 06:45:53:  INFO - LBPa config - center_size:3 neighbour_shape:3 range:7
31-03-2017 06:45:53:  INFO - HIST config - grid_size:2 uniform:0
31-03-2017 06:45:53:  INFO - Gabor config - setting:GABOR OFF
31-03-2017 07:02:05:  INFO - set 1: <0.193617>
31-03-2017 07:02:05:  INFO - set 2: <0.200532>
31-03-2017 07:02:05:  INFO - set 3: <0.193085>
31-03-2017 07:02:05:  INFO - set 4: <0.191489>
31-03-2017 07:02:05:  INFO - set 5: <0.193085>
31-03-2017 07:02:05:  INFO - set 6: <0.190426>
31-03-2017 07:02:05:  INFO - set 7: <0.182979>
31-03-2017 07:02:05:  INFO - set 8: <0.213830>
31-03-2017 07:02:05:  INFO - set 9: <0.195745>
31-03-2017 07:02:05:  INFO - set 10: <0.202660>
31-03-2017 07:02:05:  INFO - ↑ accuracy: <0.195745> ↑

31-03-2017 07:02:11:  INFO - LBPa config - center_size:3 neighbour_shape:3 range:8
31-03-2017 07:02:11:  INFO - HIST config - grid_size:2 uniform:0
31-03-2017 07:02:11:  INFO - Gabor config - setting:GABOR OFF
31-03-2017 07:18:35:  INFO - set 1: <0.193085>
31-03-2017 07:18:35:  INFO - set 2: <0.192553>
31-03-2017 07:18:35:  INFO - set 3: <0.185638>
31-03-2017 07:18:35:  INFO - set 4: <0.190957>
31-03-2017 07:18:35:  INFO - set 5: <0.189362>
31-03-2017 07:18:35:  INFO - set 6: <0.190426>
31-03-2017 07:18:35:  INFO - set 7: <0.185106>
31-03-2017 07:18:35:  INFO - set 8: <0.211170>
31-03-2017 07:18:35:  INFO - set 9: <0.195745>
31-03-2017 07:18:35:  INFO - set 10: <0.180319>
31-03-2017 07:18:35:  INFO - ↑ accuracy: <0.191436> ↑

31-03-2017 07:18:40:  INFO - LBPa config - center_size:3 neighbour_shape:3 range:9
31-03-2017 07:18:40:  INFO - HIST config - grid_size:2 uniform:0
31-03-2017 07:18:40:  INFO - Gabor config - setting:GABOR OFF
31-03-2017 07:34:41:  INFO - set 1: <0.196277>
31-03-2017 07:34:41:  INFO - set 2: <0.191489>
31-03-2017 07:34:41:  INFO - set 3: <0.184574>
31-03-2017 07:34:41:  INFO - set 4: <0.179255>
31-03-2017 07:34:41:  INFO - set 5: <0.187234>
31-03-2017 07:34:41:  INFO - set 6: <0.192553>
31-03-2017 07:34:41:  INFO - set 7: <0.187234>
31-03-2017 07:34:41:  INFO - set 8: <0.205851>
31-03-2017 07:34:41:  INFO - set 9: <0.192021>
31-03-2017 07:34:41:  INFO - set 10: <0.187234>
31-03-2017 07:34:41:  INFO - ↑ accuracy: <0.190372> ↑

31-03-2017 07:34:46:  INFO - LBPa config - center_size:3 neighbour_shape:3 range:10
31-03-2017 07:34:46:  INFO - HIST config - grid_size:2 uniform:0
31-03-2017 07:34:46:  INFO - Gabor config - setting:GABOR OFF
31-03-2017 07:51:04:  INFO - set 1: <0.190426>
31-03-2017 07:51:04:  INFO - set 2: <0.192553>
31-03-2017 07:51:04:  INFO - set 3: <0.182979>
31-03-2017 07:51:04:  INFO - set 4: <0.180319>
31-03-2017 07:51:04:  INFO - set 5: <0.190957>
31-03-2017 07:51:04:  INFO - set 6: <0.194149>
31-03-2017 07:51:04:  INFO - set 7: <0.189362>
31-03-2017 07:51:04:  INFO - set 8: <0.206383>
31-03-2017 07:51:04:  INFO - set 9: <0.186170>
31-03-2017 07:51:04:  INFO - set 10: <0.183511>
31-03-2017 07:51:04:  INFO - ↑ accuracy: <0.189681> ↑

31-03-2017 07:51:09:  INFO - LBPa config - center_size:3 neighbour_shape:5 range:5
31-03-2017 07:51:09:  INFO - HIST config - grid_size:2 uniform:0
31-03-2017 07:51:09:  INFO - Gabor config - setting:GABOR OFF
31-03-2017 08:19:56:  INFO - set 1: <0.212234>
31-03-2017 08:19:56:  INFO - set 2: <0.221277>
31-03-2017 08:19:56:  INFO - set 3: <0.209574>
31-03-2017 08:19:56:  INFO - set 4: <0.226596>
31-03-2017 08:19:56:  INFO - set 5: <0.225000>
31-03-2017 08:19:56:  INFO - set 6: <0.208511>
31-03-2017 08:19:56:  INFO - set 7: <0.203723>
31-03-2017 08:19:56:  INFO - set 8: <0.229787>
31-03-2017 08:19:56:  INFO - set 9: <0.218617>
31-03-2017 08:19:56:  INFO - set 10: <0.220745>
31-03-2017 08:19:56:  INFO - ↑ accuracy: <0.217606> ↑

31-03-2017 08:20:02:  INFO - LBPa config - center_size:3 neighbour_shape:5 range:6
31-03-2017 08:20:02:  INFO - HIST config - grid_size:2 uniform:0
31-03-2017 08:20:02:  INFO - Gabor config - setting:GABOR OFF
31-03-2017 08:49:10:  INFO - set 1: <0.212766>
31-03-2017 08:49:10:  INFO - set 2: <0.221809>
31-03-2017 08:49:10:  INFO - set 3: <0.218617>
31-03-2017 08:49:10:  INFO - set 4: <0.215426>
31-03-2017 08:49:10:  INFO - set 5: <0.213830>
31-03-2017 08:49:10:  INFO - set 6: <0.207447>
31-03-2017 08:49:10:  INFO - set 7: <0.210638>
31-03-2017 08:49:10:  INFO - set 8: <0.233511>
31-03-2017 08:49:10:  INFO - set 9: <0.221809>
31-03-2017 08:49:10:  INFO - set 10: <0.213298>
31-03-2017 08:49:10:  INFO - ↑ accuracy: <0.216915> ↑

31-03-2017 08:49:15:  INFO - LBPa config - center_size:3 neighbour_shape:5 range:7
31-03-2017 08:49:15:  INFO - HIST config - grid_size:2 uniform:0
31-03-2017 08:49:15:  INFO - Gabor config - setting:GABOR OFF
31-03-2017 09:18:09:  INFO - set 1: <0.204255>
31-03-2017 09:18:09:  INFO - set 2: <0.214362>
31-03-2017 09:18:09:  INFO - set 3: <0.204787>
31-03-2017 09:18:09:  INFO - set 4: <0.207447>
31-03-2017 09:18:09:  INFO - set 5: <0.204255>
31-03-2017 09:18:09:  INFO - set 6: <0.202660>
31-03-2017 09:18:09:  INFO - set 7: <0.197340>
31-03-2017 09:18:09:  INFO - set 8: <0.234043>
31-03-2017 09:18:09:  INFO - set 9: <0.214894>
31-03-2017 09:18:09:  INFO - set 10: <0.214362>
31-03-2017 09:18:09:  INFO - ↑ accuracy: <0.209840> ↑

31-03-2017 09:18:15:  INFO - LBPa config - center_size:3 neighbour_shape:5 range:8
31-03-2017 09:18:15:  INFO - HIST config - grid_size:2 uniform:0
31-03-2017 09:18:15:  INFO - Gabor config - setting:GABOR OFF
31-03-2017 09:47:30:  INFO - set 1: <0.197340>
31-03-2017 09:47:30:  INFO - set 2: <0.210638>
31-03-2017 09:47:30:  INFO - set 3: <0.209043>
31-03-2017 09:47:30:  INFO - set 4: <0.198936>
31-03-2017 09:47:30:  INFO - set 5: <0.202660>
31-03-2017 09:47:30:  INFO - set 6: <0.204787>
31-03-2017 09:47:30:  INFO - set 7: <0.192553>
31-03-2017 09:47:30:  INFO - set 8: <0.225000>
31-03-2017 09:47:30:  INFO - set 9: <0.202660>
31-03-2017 09:47:30:  INFO - set 10: <0.209043>
31-03-2017 09:47:30:  INFO - ↑ accuracy: <0.205266> ↑

31-03-2017 09:47:36:  INFO - LBPa config - center_size:3 neighbour_shape:5 range:9
31-03-2017 09:47:36:  INFO - HIST config - grid_size:2 uniform:0
31-03-2017 09:47:36:  INFO - Gabor config - setting:GABOR OFF
31-03-2017 10:16:47:  INFO - set 1: <0.193617>
31-03-2017 10:16:47:  INFO - set 2: <0.203723>
31-03-2017 10:16:47:  INFO - set 3: <0.195745>
31-03-2017 10:16:47:  INFO - set 4: <0.194681>
31-03-2017 10:16:47:  INFO - set 5: <0.193085>
31-03-2017 10:16:47:  INFO - set 6: <0.201596>
31-03-2017 10:16:47:  INFO - set 7: <0.186702>
31-03-2017 10:16:47:  INFO - set 8: <0.221277>
31-03-2017 10:16:47:  INFO - set 9: <0.204255>
31-03-2017 10:16:47:  INFO - set 10: <0.201596>
31-03-2017 10:16:47:  INFO - ↑ accuracy: <0.199628> ↑

31-03-2017 10:16:53:  INFO - LBPa config - center_size:3 neighbour_shape:5 range:10
31-03-2017 10:16:53:  INFO - HIST config - grid_size:2 uniform:0
31-03-2017 10:16:53:  INFO - Gabor config - setting:GABOR OFF
31-03-2017 10:46:10:  INFO - set 1: <0.195213>
31-03-2017 10:46:10:  INFO - set 2: <0.204787>
31-03-2017 10:46:10:  INFO - set 3: <0.188830>
31-03-2017 10:46:10:  INFO - set 4: <0.196809>
31-03-2017 10:46:10:  INFO - set 5: <0.191489>
31-03-2017 10:46:10:  INFO - set 6: <0.198404>
31-03-2017 10:46:10:  INFO - set 7: <0.188830>
31-03-2017 10:46:10:  INFO - set 8: <0.223404>
31-03-2017 10:46:10:  INFO - set 9: <0.205851>
31-03-2017 10:46:10:  INFO - set 10: <0.188298>
31-03-2017 10:46:10:  INFO - ↑ accuracy: <0.198191> ↑

31-03-2017 10:46:16:  INFO - LBPa config - center_size:5 neighbour_shape:5 range:5
31-03-2017 10:46:16:  INFO - HIST config - grid_size:2 uniform:0
31-03-2017 10:46:16:  INFO - Gabor config - setting:GABOR OFF
31-03-2017 11:01:36:  INFO - set 1: <0.210638>
31-03-2017 11:01:36:  INFO - set 2: <0.221809>
31-03-2017 11:01:36:  INFO - set 3: <0.218617>
31-03-2017 11:01:36:  INFO - set 4: <0.211702>
31-03-2017 11:01:36:  INFO - set 5: <0.208511>
31-03-2017 11:01:36:  INFO - set 6: <0.212234>
31-03-2017 11:01:36:  INFO - set 7: <0.201596>
31-03-2017 11:01:36:  INFO - set 8: <0.235638>
31-03-2017 11:01:36:  INFO - set 9: <0.217021>
31-03-2017 11:01:36:  INFO - set 10: <0.213298>
31-03-2017 11:01:36:  INFO - ↑ accuracy: <0.215106> ↑

31-03-2017 11:01:41:  INFO - LBPa config - center_size:5 neighbour_shape:5 range:6
31-03-2017 11:01:41:  INFO - HIST config - grid_size:2 uniform:0
31-03-2017 11:01:41:  INFO - Gabor config - setting:GABOR OFF
31-03-2017 11:17:00:  INFO - set 1: <0.206915>
31-03-2017 11:17:00:  INFO - set 2: <0.213298>
31-03-2017 11:17:00:  INFO - set 3: <0.207447>
31-03-2017 11:17:00:  INFO - set 4: <0.200000>
31-03-2017 11:17:00:  INFO - set 5: <0.205851>
31-03-2017 11:17:00:  INFO - set 6: <0.203191>
31-03-2017 11:17:00:  INFO - set 7: <0.204787>
31-03-2017 11:17:00:  INFO - set 8: <0.231915>
31-03-2017 11:17:00:  INFO - set 9: <0.215957>
31-03-2017 11:17:00:  INFO - set 10: <0.201064>
31-03-2017 11:17:00:  INFO - ↑ accuracy: <0.209043> ↑

31-03-2017 11:17:06:  INFO - LBPa config - center_size:5 neighbour_shape:5 range:7
31-03-2017 11:17:06:  INFO - HIST config - grid_size:2 uniform:0
31-03-2017 11:17:06:  INFO - Gabor config - setting:GABOR OFF
31-03-2017 11:32:02:  INFO - set 1: <0.209043>
31-03-2017 11:32:02:  INFO - set 2: <0.207979>
31-03-2017 11:32:02:  INFO - set 3: <0.190426>
31-03-2017 11:32:02:  INFO - set 4: <0.201596>
31-03-2017 11:32:02:  INFO - set 5: <0.199468>
31-03-2017 11:32:02:  INFO - set 6: <0.204255>
31-03-2017 11:32:02:  INFO - set 7: <0.189894>
31-03-2017 11:32:02:  INFO - set 8: <0.227128>
31-03-2017 11:32:02:  INFO - set 9: <0.198404>
31-03-2017 11:32:02:  INFO - set 10: <0.193617>
31-03-2017 11:32:02:  INFO - ↑ accuracy: <0.202181> ↑

31-03-2017 11:32:08:  INFO - LBPa config - center_size:5 neighbour_shape:5 range:8
31-03-2017 11:32:08:  INFO - HIST config - grid_size:2 uniform:0
31-03-2017 11:32:08:  INFO - Gabor config - setting:GABOR OFF
31-03-2017 11:46:50:  INFO - set 1: <0.195213>
31-03-2017 11:46:50:  INFO - set 2: <0.201596>
31-03-2017 11:46:50:  INFO - set 3: <0.193617>
31-03-2017 11:46:50:  INFO - set 4: <0.201064>
31-03-2017 11:46:50:  INFO - set 5: <0.196809>
31-03-2017 11:46:50:  INFO - set 6: <0.198936>
31-03-2017 11:46:50:  INFO - set 7: <0.187766>
31-03-2017 11:46:50:  INFO - set 8: <0.222872>
31-03-2017 11:46:50:  INFO - set 9: <0.202128>
31-03-2017 11:46:50:  INFO - set 10: <0.194149>
31-03-2017 11:46:50:  INFO - ↑ accuracy: <0.199415> ↑

31-03-2017 11:46:56:  INFO - LBPa config - center_size:5 neighbour_shape:5 range:9
31-03-2017 11:46:56:  INFO - HIST config - grid_size:2 uniform:0
31-03-2017 11:46:56:  INFO - Gabor config - setting:GABOR OFF
31-03-2017 12:02:08:  INFO - set 1: <0.196277>
31-03-2017 12:02:08:  INFO - set 2: <0.200532>
31-03-2017 12:02:08:  INFO - set 3: <0.193617>
31-03-2017 12:02:08:  INFO - set 4: <0.194681>
31-03-2017 12:02:08:  INFO - set 5: <0.188830>
31-03-2017 12:02:08:  INFO - set 6: <0.195745>
31-03-2017 12:02:08:  INFO - set 7: <0.187766>
31-03-2017 12:02:08:  INFO - set 8: <0.213830>
31-03-2017 12:02:08:  INFO - set 9: <0.185638>
31-03-2017 12:02:08:  INFO - set 10: <0.193617>
31-03-2017 12:02:08:  INFO - ↑ accuracy: <0.195053> ↑

31-03-2017 12:02:13:  INFO - LBPa config - center_size:5 neighbour_shape:5 range:10
31-03-2017 12:02:13:  INFO - HIST config - grid_size:2 uniform:0
31-03-2017 12:02:13:  INFO - Gabor config - setting:GABOR OFF
31-03-2017 12:17:22:  INFO - set 1: <0.189894>
31-03-2017 12:17:22:  INFO - set 2: <0.196277>
31-03-2017 12:17:22:  INFO - set 3: <0.176064>
31-03-2017 12:17:22:  INFO - set 4: <0.179787>
31-03-2017 12:17:22:  INFO - set 5: <0.187766>
31-03-2017 12:17:22:  INFO - set 6: <0.203191>
31-03-2017 12:17:22:  INFO - set 7: <0.187766>
31-03-2017 12:17:22:  INFO - set 8: <0.217553>
31-03-2017 12:17:22:  INFO - set 9: <0.188830>
31-03-2017 12:17:22:  INFO - set 10: <0.187234>
31-03-2017 12:17:22:  INFO - ↑ accuracy: <0.191436> ↑

31-03-2017 12:17:22:  INFO - Application ended correctly...
