26-12-2016 10:20:37:  INFO - Application started in [JOB MODE]
26-12-2016 10:20:37:  INFO - ------ config ------

				data_config:[test_folder:test/, train_folder:train/]
				preprocessing_config:[equalize_hist:0, gaussina_blur:0]
				classification_threads:8
				comparison_method:INTERSECTION

26-12-2016 10:20:37:  INFO - LBP config - range:1 neighbours:8 neighbour_shape:1 shape_evaluation:1
26-12-2016 10:20:37:  INFO - HIST config - grid_size:10 uniform:1
26-12-2016 10:22:26:  INFO - ↑ accuracy: <0.495868> ↑

26-12-2016 10:22:26:  INFO - LBP config - range:1 neighbours:8 neighbour_shape:2 shape_evaluation:1
26-12-2016 10:22:26:  INFO - HIST config - grid_size:10 uniform:1
26-12-2016 10:24:27:  INFO - ↑ accuracy: <0.540496> ↑

26-12-2016 10:24:27:  INFO - LBP config - range:1 neighbours:8 neighbour_shape:3 shape_evaluation:1
26-12-2016 10:24:27:  INFO - HIST config - grid_size:10 uniform:1
26-12-2016 10:26:50:  INFO - ↑ accuracy: <0.537190> ↑

26-12-2016 10:26:50:  INFO - LBP config - range:1 neighbours:8 neighbour_shape:4 shape_evaluation:1
26-12-2016 10:26:50:  INFO - HIST config - grid_size:10 uniform:1
26-12-2016 10:28:49:  INFO - ↑ accuracy: <0.537190> ↑

26-12-2016 10:28:49:  INFO - LBP config - range:1 neighbours:8 neighbour_shape:5 shape_evaluation:1
26-12-2016 10:28:49:  INFO - HIST config - grid_size:10 uniform:1
26-12-2016 10:30:54:  INFO - ↑ accuracy: <0.565289> ↑

26-12-2016 10:30:54:  INFO - LBP config - range:1 neighbours:8 neighbour_shape:6 shape_evaluation:1
26-12-2016 10:30:54:  INFO - HIST config - grid_size:10 uniform:1
26-12-2016 10:33:17:  INFO - ↑ accuracy: <0.557025> ↑

26-12-2016 10:33:17:  INFO - LBP config - range:2 neighbours:8 neighbour_shape:1 shape_evaluation:1
26-12-2016 10:33:17:  INFO - HIST config - grid_size:10 uniform:1
26-12-2016 10:35:06:  INFO - ↑ accuracy: <0.533884> ↑

26-12-2016 10:35:06:  INFO - LBP config - range:2 neighbours:8 neighbour_shape:2 shape_evaluation:1
26-12-2016 10:35:06:  INFO - HIST config - grid_size:10 uniform:1
26-12-2016 10:37:07:  INFO - ↑ accuracy: <0.573554> ↑

26-12-2016 10:37:07:  INFO - LBP config - range:2 neighbours:8 neighbour_shape:3 shape_evaluation:1
26-12-2016 10:37:07:  INFO - HIST config - grid_size:10 uniform:1
26-12-2016 10:39:32:  INFO - ↑ accuracy: <0.558678> ↑

26-12-2016 10:39:32:  INFO - LBP config - range:2 neighbours:8 neighbour_shape:4 shape_evaluation:1
26-12-2016 10:39:32:  INFO - HIST config - grid_size:10 uniform:1
26-12-2016 10:41:29:  INFO - ↑ accuracy: <0.555372> ↑

26-12-2016 10:41:29:  INFO - LBP config - range:2 neighbours:8 neighbour_shape:5 shape_evaluation:1
26-12-2016 10:41:29:  INFO - HIST config - grid_size:10 uniform:1
26-12-2016 10:43:31:  INFO - ↑ accuracy: <0.570248> ↑

26-12-2016 10:43:31:  INFO - LBP config - range:2 neighbours:8 neighbour_shape:6 shape_evaluation:1
26-12-2016 10:43:31:  INFO - HIST config - grid_size:10 uniform:1
26-12-2016 10:45:56:  INFO - ↑ accuracy: <0.576860> ↑

26-12-2016 10:45:56:  INFO - LBP config - range:3 neighbours:8 neighbour_shape:1 shape_evaluation:1
26-12-2016 10:45:56:  INFO - HIST config - grid_size:10 uniform:1
26-12-2016 10:47:45:  INFO - ↑ accuracy: <0.580165> ↑

26-12-2016 10:47:45:  INFO - LBP config - range:3 neighbours:8 neighbour_shape:2 shape_evaluation:1
26-12-2016 10:47:45:  INFO - HIST config - grid_size:10 uniform:1
26-12-2016 10:49:47:  INFO - ↑ accuracy: <0.613223> ↑

26-12-2016 10:49:47:  INFO - LBP config - range:3 neighbours:8 neighbour_shape:3 shape_evaluation:1
26-12-2016 10:49:47:  INFO - HIST config - grid_size:10 uniform:1
26-12-2016 10:52:12:  INFO - ↑ accuracy: <0.614876> ↑

26-12-2016 10:52:12:  INFO - LBP config - range:3 neighbours:8 neighbour_shape:4 shape_evaluation:1
26-12-2016 10:52:12:  INFO - HIST config - grid_size:10 uniform:1
26-12-2016 10:54:08:  INFO - ↑ accuracy: <0.598347> ↑

26-12-2016 10:54:08:  INFO - LBP config - range:3 neighbours:8 neighbour_shape:5 shape_evaluation:1
26-12-2016 10:54:08:  INFO - HIST config - grid_size:10 uniform:1
26-12-2016 10:56:15:  INFO - ↑ accuracy: <0.618182> ↑

26-12-2016 10:56:15:  INFO - LBP config - range:3 neighbours:8 neighbour_shape:6 shape_evaluation:1
26-12-2016 10:56:15:  INFO - HIST config - grid_size:10 uniform:1
26-12-2016 10:58:42:  INFO - ↑ accuracy: <0.619835> ↑

26-12-2016 10:58:42:  INFO - LBP config - range:1 neighbours:9 neighbour_shape:1 shape_evaluation:1
26-12-2016 10:58:42:  INFO - HIST config - grid_size:10 uniform:1
26-12-2016 11:00:57:  INFO - ↑ accuracy: <0.489256> ↑

26-12-2016 11:00:57:  INFO - LBP config - range:1 neighbours:9 neighbour_shape:2 shape_evaluation:1
26-12-2016 11:00:57:  INFO - HIST config - grid_size:10 uniform:1
26-12-2016 11:03:18:  INFO - ↑ accuracy: <0.530579> ↑

26-12-2016 11:03:18:  INFO - LBP config - range:1 neighbours:9 neighbour_shape:3 shape_evaluation:1
26-12-2016 11:03:18:  INFO - HIST config - grid_size:10 uniform:1
26-12-2016 11:06:06:  INFO - ↑ accuracy: <0.532231> ↑

26-12-2016 11:06:06:  INFO - LBP config - range:1 neighbours:9 neighbour_shape:4 shape_evaluation:1
26-12-2016 11:06:06:  INFO - HIST config - grid_size:10 uniform:1
26-12-2016 11:08:21:  INFO - ↑ accuracy: <0.523967> ↑

26-12-2016 11:08:21:  INFO - LBP config - range:1 neighbours:9 neighbour_shape:5 shape_evaluation:1
26-12-2016 11:08:21:  INFO - HIST config - grid_size:10 uniform:1
26-12-2016 11:10:45:  INFO - ↑ accuracy: <0.561983> ↑

26-12-2016 11:10:45:  INFO - LBP config - range:1 neighbours:9 neighbour_shape:6 shape_evaluation:1
26-12-2016 11:10:45:  INFO - HIST config - grid_size:10 uniform:1
26-12-2016 11:13:34:  INFO - ↑ accuracy: <0.537190> ↑

26-12-2016 11:13:34:  INFO - LBP config - range:2 neighbours:9 neighbour_shape:1 shape_evaluation:1
26-12-2016 11:13:34:  INFO - HIST config - grid_size:10 uniform:1
26-12-2016 11:15:46:  INFO - ↑ accuracy: <0.535537> ↑

26-12-2016 11:15:46:  INFO - LBP config - range:2 neighbours:9 neighbour_shape:2 shape_evaluation:1
26-12-2016 11:15:46:  INFO - HIST config - grid_size:10 uniform:1
26-12-2016 11:18:10:  INFO - ↑ accuracy: <0.593388> ↑

26-12-2016 11:18:10:  INFO - LBP config - range:2 neighbours:9 neighbour_shape:3 shape_evaluation:1
26-12-2016 11:18:10:  INFO - HIST config - grid_size:10 uniform:1
26-12-2016 11:21:03:  INFO - ↑ accuracy: <0.593388> ↑

26-12-2016 11:21:03:  INFO - LBP config - range:2 neighbours:9 neighbour_shape:4 shape_evaluation:1
26-12-2016 11:21:03:  INFO - HIST config - grid_size:10 uniform:1
26-12-2016 11:23:24:  INFO - ↑ accuracy: <0.576860> ↑

26-12-2016 11:23:24:  INFO - LBP config - range:2 neighbours:9 neighbour_shape:5 shape_evaluation:1
26-12-2016 11:23:24:  INFO - HIST config - grid_size:10 uniform:1
26-12-2016 11:25:56:  INFO - ↑ accuracy: <0.591736> ↑

26-12-2016 11:25:56:  INFO - LBP config - range:2 neighbours:9 neighbour_shape:6 shape_evaluation:1
26-12-2016 11:25:56:  INFO - HIST config - grid_size:10 uniform:1
26-12-2016 11:28:50:  INFO - ↑ accuracy: <0.593388> ↑

26-12-2016 11:28:50:  INFO - LBP config - range:3 neighbours:9 neighbour_shape:1 shape_evaluation:1
26-12-2016 11:28:50:  INFO - HIST config - grid_size:10 uniform:1
26-12-2016 11:31:04:  INFO - ↑ accuracy: <0.573554> ↑

26-12-2016 11:31:04:  INFO - LBP config - range:3 neighbours:9 neighbour_shape:2 shape_evaluation:1
26-12-2016 11:31:04:  INFO - HIST config - grid_size:10 uniform:1
26-12-2016 11:33:28:  INFO - ↑ accuracy: <0.616529> ↑

26-12-2016 11:33:28:  INFO - LBP config - range:3 neighbours:9 neighbour_shape:3 shape_evaluation:1
26-12-2016 11:33:28:  INFO - HIST config - grid_size:10 uniform:1
26-12-2016 11:36:21:  INFO - ↑ accuracy: <0.618182> ↑

26-12-2016 11:36:21:  INFO - LBP config - range:3 neighbours:9 neighbour_shape:4 shape_evaluation:1
26-12-2016 11:36:21:  INFO - HIST config - grid_size:10 uniform:1
26-12-2016 11:38:43:  INFO - ↑ accuracy: <0.603306> ↑

26-12-2016 11:38:43:  INFO - LBP config - range:3 neighbours:9 neighbour_shape:5 shape_evaluation:1
26-12-2016 11:38:43:  INFO - HIST config - grid_size:10 uniform:1
26-12-2016 11:41:12:  INFO - ↑ accuracy: <0.619835> ↑

26-12-2016 11:41:12:  INFO - LBP config - range:3 neighbours:9 neighbour_shape:6 shape_evaluation:1
26-12-2016 11:41:12:  INFO - HIST config - grid_size:10 uniform:1
26-12-2016 11:44:08:  INFO - ↑ accuracy: <0.619835> ↑

26-12-2016 11:44:08:  INFO - LBP config - range:1 neighbours:10 neighbour_shape:1 shape_evaluation:1
26-12-2016 11:44:08:  INFO - HIST config - grid_size:10 uniform:1
26-12-2016 11:46:40:  INFO - ↑ accuracy: <0.495868> ↑

26-12-2016 11:46:40:  INFO - LBP config - range:1 neighbours:10 neighbour_shape:2 shape_evaluation:1
26-12-2016 11:46:40:  INFO - HIST config - grid_size:10 uniform:1
26-12-2016 11:49:30:  INFO - ↑ accuracy: <0.540496> ↑

26-12-2016 11:49:30:  INFO - LBP config - range:1 neighbours:10 neighbour_shape:3 shape_evaluation:1
26-12-2016 11:49:30:  INFO - HIST config - grid_size:10 uniform:1
26-12-2016 11:52:45:  INFO - ↑ accuracy: <0.537190> ↑

26-12-2016 11:52:45:  INFO - LBP config - range:1 neighbours:10 neighbour_shape:4 shape_evaluation:1
26-12-2016 11:52:45:  INFO - HIST config - grid_size:10 uniform:1
26-12-2016 11:55:32:  INFO - ↑ accuracy: <0.537190> ↑

26-12-2016 11:55:32:  INFO - LBP config - range:1 neighbours:10 neighbour_shape:5 shape_evaluation:1
26-12-2016 11:55:32:  INFO - HIST config - grid_size:10 uniform:1
26-12-2016 11:58:22:  INFO - ↑ accuracy: <0.565289> ↑

26-12-2016 11:58:22:  INFO - LBP config - range:1 neighbours:10 neighbour_shape:6 shape_evaluation:1
26-12-2016 11:58:22:  INFO - HIST config - grid_size:10 uniform:1
26-12-2016 12:01:41:  INFO - ↑ accuracy: <0.557025> ↑

26-12-2016 12:01:41:  INFO - LBP config - range:2 neighbours:10 neighbour_shape:1 shape_evaluation:1
26-12-2016 12:01:41:  INFO - HIST config - grid_size:10 uniform:1
26-12-2016 12:04:14:  INFO - ↑ accuracy: <0.543802> ↑

26-12-2016 12:04:14:  INFO - LBP config - range:2 neighbours:10 neighbour_shape:2 shape_evaluation:1
26-12-2016 12:04:14:  INFO - HIST config - grid_size:10 uniform:1
26-12-2016 12:07:07:  INFO - ↑ accuracy: <0.580165> ↑

26-12-2016 12:07:07:  INFO - LBP config - range:2 neighbours:10 neighbour_shape:3 shape_evaluation:1
26-12-2016 12:07:07:  INFO - HIST config - grid_size:10 uniform:1
26-12-2016 12:10:32:  INFO - ↑ accuracy: <0.595041> ↑

26-12-2016 12:10:32:  INFO - LBP config - range:2 neighbours:10 neighbour_shape:4 shape_evaluation:1
26-12-2016 12:10:32:  INFO - HIST config - grid_size:10 uniform:1
26-12-2016 12:13:20:  INFO - ↑ accuracy: <0.583471> ↑

26-12-2016 12:13:20:  INFO - LBP config - range:2 neighbours:10 neighbour_shape:5 shape_evaluation:1
26-12-2016 12:13:20:  INFO - HIST config - grid_size:10 uniform:1
26-12-2016 12:16:11:  INFO - ↑ accuracy: <0.600000> ↑

26-12-2016 12:16:11:  INFO - LBP config - range:2 neighbours:10 neighbour_shape:6 shape_evaluation:1
26-12-2016 12:16:11:  INFO - HIST config - grid_size:10 uniform:1
26-12-2016 12:19:32:  INFO - ↑ accuracy: <0.604959> ↑

26-12-2016 12:19:32:  INFO - LBP config - range:3 neighbours:10 neighbour_shape:1 shape_evaluation:1
26-12-2016 12:19:32:  INFO - HIST config - grid_size:10 uniform:1
26-12-2016 12:22:03:  INFO - ↑ accuracy: <0.561983> ↑

26-12-2016 12:22:03:  INFO - LBP config - range:3 neighbours:10 neighbour_shape:2 shape_evaluation:1
26-12-2016 12:22:03:  INFO - HIST config - grid_size:10 uniform:1
26-12-2016 12:24:53:  INFO - ↑ accuracy: <0.611570> ↑

26-12-2016 12:24:53:  INFO - LBP config - range:3 neighbours:10 neighbour_shape:3 shape_evaluation:1
26-12-2016 12:24:53:  INFO - HIST config - grid_size:10 uniform:1
26-12-2016 12:28:11:  INFO - ↑ accuracy: <0.611570> ↑

26-12-2016 12:28:11:  INFO - LBP config - range:3 neighbours:10 neighbour_shape:4 shape_evaluation:1
26-12-2016 12:28:11:  INFO - HIST config - grid_size:10 uniform:1
26-12-2016 12:30:59:  INFO - ↑ accuracy: <0.591736> ↑

26-12-2016 12:30:59:  INFO - LBP config - range:3 neighbours:10 neighbour_shape:5 shape_evaluation:1
26-12-2016 12:30:59:  INFO - HIST config - grid_size:10 uniform:1
26-12-2016 12:33:51:  INFO - ↑ accuracy: <0.626446> ↑

26-12-2016 12:33:51:  INFO - LBP config - range:3 neighbours:10 neighbour_shape:6 shape_evaluation:1
26-12-2016 12:33:51:  INFO - HIST config - grid_size:10 uniform:1
26-12-2016 12:37:07:  INFO - ↑ accuracy: <0.621488> ↑

26-12-2016 12:37:07:  INFO - LBP config - range:1 neighbours:8 neighbour_shape:1 shape_evaluation:1
26-12-2016 12:37:07:  INFO - HIST config - grid_size:11 uniform:1
26-12-2016 12:39:22:  INFO - ↑ accuracy: <0.480992> ↑

26-12-2016 12:39:22:  INFO - LBP config - range:1 neighbours:8 neighbour_shape:2 shape_evaluation:1
26-12-2016 12:39:22:  INFO - HIST config - grid_size:11 uniform:1
26-12-2016 12:41:43:  INFO - ↑ accuracy: <0.540496> ↑

26-12-2016 12:41:43:  INFO - LBP config - range:1 neighbours:8 neighbour_shape:3 shape_evaluation:1
26-12-2016 12:41:43:  INFO - HIST config - grid_size:11 uniform:1
26-12-2016 12:44:31:  INFO - ↑ accuracy: <0.553719> ↑

26-12-2016 12:44:31:  INFO - LBP config - range:1 neighbours:8 neighbour_shape:4 shape_evaluation:1
26-12-2016 12:44:31:  INFO - HIST config - grid_size:11 uniform:1
26-12-2016 12:46:51:  INFO - ↑ accuracy: <0.522314> ↑

26-12-2016 12:46:51:  INFO - LBP config - range:1 neighbours:8 neighbour_shape:5 shape_evaluation:1
26-12-2016 12:46:51:  INFO - HIST config - grid_size:11 uniform:1
26-12-2016 12:49:20:  INFO - ↑ accuracy: <0.537190> ↑

26-12-2016 12:49:20:  INFO - LBP config - range:1 neighbours:8 neighbour_shape:6 shape_evaluation:1
26-12-2016 12:49:20:  INFO - HIST config - grid_size:11 uniform:1
26-12-2016 12:52:05:  INFO - ↑ accuracy: <0.550413> ↑

26-12-2016 12:52:05:  INFO - LBP config - range:2 neighbours:8 neighbour_shape:1 shape_evaluation:1
26-12-2016 12:52:05:  INFO - HIST config - grid_size:11 uniform:1
26-12-2016 12:54:21:  INFO - ↑ accuracy: <0.517355> ↑

26-12-2016 12:54:21:  INFO - LBP config - range:2 neighbours:8 neighbour_shape:2 shape_evaluation:1
26-12-2016 12:54:21:  INFO - HIST config - grid_size:11 uniform:1
26-12-2016 12:56:47:  INFO - ↑ accuracy: <0.570248> ↑

26-12-2016 12:56:47:  INFO - LBP config - range:2 neighbours:8 neighbour_shape:3 shape_evaluation:1
26-12-2016 12:56:47:  INFO - HIST config - grid_size:11 uniform:1
26-12-2016 12:59:32:  INFO - ↑ accuracy: <0.555372> ↑

26-12-2016 12:59:32:  INFO - LBP config - range:2 neighbours:8 neighbour_shape:4 shape_evaluation:1
26-12-2016 12:59:32:  INFO - HIST config - grid_size:11 uniform:1
26-12-2016 13:01:51:  INFO - ↑ accuracy: <0.561983> ↑

26-12-2016 13:01:51:  INFO - LBP config - range:2 neighbours:8 neighbour_shape:5 shape_evaluation:1
26-12-2016 13:01:51:  INFO - HIST config - grid_size:11 uniform:1
26-12-2016 13:04:18:  INFO - ↑ accuracy: <0.573554> ↑

26-12-2016 13:04:18:  INFO - LBP config - range:2 neighbours:8 neighbour_shape:6 shape_evaluation:1
26-12-2016 13:04:18:  INFO - HIST config - grid_size:11 uniform:1
26-12-2016 13:07:05:  INFO - ↑ accuracy: <0.571901> ↑

26-12-2016 13:07:05:  INFO - LBP config - range:3 neighbours:8 neighbour_shape:1 shape_evaluation:1
26-12-2016 13:07:05:  INFO - HIST config - grid_size:11 uniform:1
26-12-2016 13:09:14:  INFO - ↑ accuracy: <0.580165> ↑

26-12-2016 13:09:14:  INFO - LBP config - range:3 neighbours:8 neighbour_shape:2 shape_evaluation:1
26-12-2016 13:09:14:  INFO - HIST config - grid_size:11 uniform:1
26-12-2016 13:11:36:  INFO - ↑ accuracy: <0.604959> ↑

26-12-2016 13:11:37:  INFO - LBP config - range:3 neighbours:8 neighbour_shape:3 shape_evaluation:1
26-12-2016 13:11:37:  INFO - HIST config - grid_size:11 uniform:1
26-12-2016 13:14:25:  INFO - ↑ accuracy: <0.604959> ↑

26-12-2016 13:14:25:  INFO - LBP config - range:3 neighbours:8 neighbour_shape:4 shape_evaluation:1
26-12-2016 13:14:25:  INFO - HIST config - grid_size:11 uniform:1
26-12-2016 13:16:42:  INFO - ↑ accuracy: <0.604959> ↑

26-12-2016 13:16:42:  INFO - LBP config - range:3 neighbours:8 neighbour_shape:5 shape_evaluation:1
26-12-2016 13:16:42:  INFO - HIST config - grid_size:11 uniform:1
26-12-2016 13:19:16:  INFO - ↑ accuracy: <0.606612> ↑

26-12-2016 13:19:16:  INFO - LBP config - range:3 neighbours:8 neighbour_shape:6 shape_evaluation:1
26-12-2016 13:19:16:  INFO - HIST config - grid_size:11 uniform:1
26-12-2016 13:22:01:  INFO - ↑ accuracy: <0.609917> ↑

26-12-2016 13:22:01:  INFO - LBP config - range:1 neighbours:9 neighbour_shape:1 shape_evaluation:1
26-12-2016 13:22:01:  INFO - HIST config - grid_size:11 uniform:1
26-12-2016 13:24:32:  INFO - ↑ accuracy: <0.485950> ↑

26-12-2016 13:24:32:  INFO - LBP config - range:1 neighbours:9 neighbour_shape:2 shape_evaluation:1
26-12-2016 13:24:32:  INFO - HIST config - grid_size:11 uniform:1
26-12-2016 13:27:17:  INFO - ↑ accuracy: <0.525620> ↑

26-12-2016 13:27:17:  INFO - LBP config - range:1 neighbours:9 neighbour_shape:3 shape_evaluation:1
26-12-2016 13:27:17:  INFO - HIST config - grid_size:11 uniform:1
26-12-2016 13:30:33:  INFO - ↑ accuracy: <0.543802> ↑

26-12-2016 13:30:33:  INFO - LBP config - range:1 neighbours:9 neighbour_shape:4 shape_evaluation:1
26-12-2016 13:30:33:  INFO - HIST config - grid_size:11 uniform:1
26-12-2016 13:33:16:  INFO - ↑ accuracy: <0.528926> ↑

26-12-2016 13:33:16:  INFO - LBP config - range:1 neighbours:9 neighbour_shape:5 shape_evaluation:1
26-12-2016 13:33:16:  INFO - HIST config - grid_size:11 uniform:1
26-12-2016 13:36:09:  INFO - ↑ accuracy: <0.528926> ↑

26-12-2016 13:36:09:  INFO - LBP config - range:1 neighbours:9 neighbour_shape:6 shape_evaluation:1
26-12-2016 13:36:09:  INFO - HIST config - grid_size:11 uniform:1
26-12-2016 13:39:22:  INFO - ↑ accuracy: <0.542149> ↑

26-12-2016 13:39:22:  INFO - LBP config - range:2 neighbours:9 neighbour_shape:1 shape_evaluation:1
26-12-2016 13:39:22:  INFO - HIST config - grid_size:11 uniform:1
26-12-2016 13:42:09:  INFO - ↑ accuracy: <0.522314> ↑

26-12-2016 13:42:09:  INFO - LBP config - range:2 neighbours:9 neighbour_shape:2 shape_evaluation:1
26-12-2016 13:42:09:  INFO - HIST config - grid_size:11 uniform:1
26-12-2016 13:44:59:  INFO - ↑ accuracy: <0.575207> ↑

26-12-2016 13:44:59:  INFO - LBP config - range:2 neighbours:9 neighbour_shape:3 shape_evaluation:1
26-12-2016 13:44:59:  INFO - HIST config - grid_size:11 uniform:1
26-12-2016 13:48:22:  INFO - ↑ accuracy: <0.580165> ↑

26-12-2016 13:48:22:  INFO - LBP config - range:2 neighbours:9 neighbour_shape:4 shape_evaluation:1
26-12-2016 13:48:22:  INFO - HIST config - grid_size:11 uniform:1
26-12-2016 13:51:12:  INFO - ↑ accuracy: <0.571901> ↑

26-12-2016 13:51:12:  INFO - LBP config - range:2 neighbours:9 neighbour_shape:5 shape_evaluation:1
26-12-2016 13:51:12:  INFO - HIST config - grid_size:11 uniform:1
26-12-2016 13:54:08:  INFO - ↑ accuracy: <0.585124> ↑

26-12-2016 13:54:08:  INFO - LBP config - range:2 neighbours:9 neighbour_shape:6 shape_evaluation:1
26-12-2016 13:54:08:  INFO - HIST config - grid_size:11 uniform:1
26-12-2016 13:57:33:  INFO - ↑ accuracy: <0.585124> ↑

26-12-2016 13:57:33:  INFO - LBP config - range:3 neighbours:9 neighbour_shape:1 shape_evaluation:1
26-12-2016 13:57:33:  INFO - HIST config - grid_size:11 uniform:1
26-12-2016 14:00:14:  INFO - ↑ accuracy: <0.575207> ↑

26-12-2016 14:00:14:  INFO - LBP config - range:3 neighbours:9 neighbour_shape:2 shape_evaluation:1
26-12-2016 14:00:14:  INFO - HIST config - grid_size:11 uniform:1
26-12-2016 14:03:07:  INFO - ↑ accuracy: <0.609917> ↑

26-12-2016 14:03:07:  INFO - LBP config - range:3 neighbours:9 neighbour_shape:3 shape_evaluation:1
26-12-2016 14:03:07:  INFO - HIST config - grid_size:11 uniform:1
26-12-2016 14:06:23:  INFO - ↑ accuracy: <0.611570> ↑

26-12-2016 14:06:23:  INFO - LBP config - range:3 neighbours:9 neighbour_shape:4 shape_evaluation:1
26-12-2016 14:06:23:  INFO - HIST config - grid_size:11 uniform:1
26-12-2016 14:09:09:  INFO - ↑ accuracy: <0.604959> ↑

26-12-2016 14:09:09:  INFO - LBP config - range:3 neighbours:9 neighbour_shape:5 shape_evaluation:1
26-12-2016 14:09:09:  INFO - HIST config - grid_size:11 uniform:1
26-12-2016 14:12:01:  INFO - ↑ accuracy: <0.606612> ↑

26-12-2016 14:12:01:  INFO - LBP config - range:3 neighbours:9 neighbour_shape:6 shape_evaluation:1
26-12-2016 14:12:01:  INFO - HIST config - grid_size:11 uniform:1
26-12-2016 14:15:16:  INFO - ↑ accuracy: <0.624793> ↑

26-12-2016 14:15:16:  INFO - LBP config - range:1 neighbours:10 neighbour_shape:1 shape_evaluation:1
26-12-2016 14:15:16:  INFO - HIST config - grid_size:11 uniform:1
26-12-2016 14:18:22:  INFO - ↑ accuracy: <0.480992> ↑

26-12-2016 14:18:22:  INFO - LBP config - range:1 neighbours:10 neighbour_shape:2 shape_evaluation:1
26-12-2016 14:18:22:  INFO - HIST config - grid_size:11 uniform:1
26-12-2016 14:21:42:  INFO - ↑ accuracy: <0.540496> ↑

26-12-2016 14:21:42:  INFO - LBP config - range:1 neighbours:10 neighbour_shape:3 shape_evaluation:1
26-12-2016 14:21:42:  INFO - HIST config - grid_size:11 uniform:1
26-12-2016 14:25:34:  INFO - ↑ accuracy: <0.553719> ↑

26-12-2016 14:25:35:  INFO - LBP config - range:1 neighbours:10 neighbour_shape:4 shape_evaluation:1
26-12-2016 14:25:35:  INFO - HIST config - grid_size:11 uniform:1
26-12-2016 14:28:50:  INFO - ↑ accuracy: <0.522314> ↑

26-12-2016 14:28:50:  INFO - LBP config - range:1 neighbours:10 neighbour_shape:5 shape_evaluation:1
26-12-2016 14:28:50:  INFO - HIST config - grid_size:11 uniform:1
26-12-2016 14:32:15:  INFO - ↑ accuracy: <0.537190> ↑

26-12-2016 14:32:15:  INFO - LBP config - range:1 neighbours:10 neighbour_shape:6 shape_evaluation:1
26-12-2016 14:32:15:  INFO - HIST config - grid_size:11 uniform:1
26-12-2016 14:36:06:  INFO - ↑ accuracy: <0.550413> ↑

26-12-2016 14:36:06:  INFO - LBP config - range:2 neighbours:10 neighbour_shape:1 shape_evaluation:1
26-12-2016 14:36:06:  INFO - HIST config - grid_size:11 uniform:1
26-12-2016 14:39:17:  INFO - ↑ accuracy: <0.530579> ↑

26-12-2016 14:39:17:  INFO - LBP config - range:2 neighbours:10 neighbour_shape:2 shape_evaluation:1
26-12-2016 14:39:17:  INFO - HIST config - grid_size:11 uniform:1
26-12-2016 14:42:37:  INFO - ↑ accuracy: <0.590083> ↑

26-12-2016 14:42:37:  INFO - LBP config - range:2 neighbours:10 neighbour_shape:3 shape_evaluation:1
26-12-2016 14:42:37:  INFO - HIST config - grid_size:11 uniform:1
26-12-2016 14:46:32:  INFO - ↑ accuracy: <0.591736> ↑

26-12-2016 14:46:32:  INFO - LBP config - range:2 neighbours:10 neighbour_shape:4 shape_evaluation:1
26-12-2016 14:46:32:  INFO - HIST config - grid_size:11 uniform:1
26-12-2016 14:49:52:  INFO - ↑ accuracy: <0.578512> ↑

26-12-2016 14:49:52:  INFO - LBP config - range:2 neighbours:10 neighbour_shape:5 shape_evaluation:1
26-12-2016 14:49:52:  INFO - HIST config - grid_size:11 uniform:1
26-12-2016 14:53:21:  INFO - ↑ accuracy: <0.591736> ↑

26-12-2016 14:53:21:  INFO - LBP config - range:2 neighbours:10 neighbour_shape:6 shape_evaluation:1
26-12-2016 14:53:21:  INFO - HIST config - grid_size:11 uniform:1
26-12-2016 14:57:09:  INFO - ↑ accuracy: <0.590083> ↑

26-12-2016 14:57:09:  INFO - LBP config - range:3 neighbours:10 neighbour_shape:1 shape_evaluation:1
26-12-2016 14:57:09:  INFO - HIST config - grid_size:11 uniform:1
26-12-2016 15:00:12:  INFO - ↑ accuracy: <0.553719> ↑

26-12-2016 15:00:12:  INFO - LBP config - range:3 neighbours:10 neighbour_shape:2 shape_evaluation:1
26-12-2016 15:00:12:  INFO - HIST config - grid_size:11 uniform:1
26-12-2016 15:03:30:  INFO - ↑ accuracy: <0.611570> ↑

26-12-2016 15:03:30:  INFO - LBP config - range:3 neighbours:10 neighbour_shape:3 shape_evaluation:1
26-12-2016 15:03:30:  INFO - HIST config - grid_size:11 uniform:1
26-12-2016 15:07:27:  INFO - ↑ accuracy: <0.604959> ↑

26-12-2016 15:07:27:  INFO - LBP config - range:3 neighbours:10 neighbour_shape:4 shape_evaluation:1
26-12-2016 15:07:27:  INFO - HIST config - grid_size:11 uniform:1
26-12-2016 15:10:46:  INFO - ↑ accuracy: <0.588430> ↑

26-12-2016 15:10:46:  INFO - LBP config - range:3 neighbours:10 neighbour_shape:5 shape_evaluation:1
26-12-2016 15:10:46:  INFO - HIST config - grid_size:11 uniform:1
26-12-2016 15:14:09:  INFO - ↑ accuracy: <0.606612> ↑

26-12-2016 15:14:09:  INFO - LBP config - range:3 neighbours:10 neighbour_shape:6 shape_evaluation:1
26-12-2016 15:14:09:  INFO - HIST config - grid_size:11 uniform:1
26-12-2016 15:18:00:  INFO - ↑ accuracy: <0.614876> ↑

26-12-2016 15:18:00:  INFO - LBP config - range:1 neighbours:8 neighbour_shape:1 shape_evaluation:1
26-12-2016 15:18:00:  INFO - HIST config - grid_size:12 uniform:1
26-12-2016 15:20:39:  INFO - ↑ accuracy: <0.482645> ↑

26-12-2016 15:20:39:  INFO - LBP config - range:1 neighbours:8 neighbour_shape:2 shape_evaluation:1
26-12-2016 15:20:39:  INFO - HIST config - grid_size:12 uniform:1
26-12-2016 15:23:28:  INFO - ↑ accuracy: <0.543802> ↑

26-12-2016 15:23:28:  INFO - LBP config - range:1 neighbours:8 neighbour_shape:3 shape_evaluation:1
26-12-2016 15:23:28:  INFO - HIST config - grid_size:12 uniform:1
26-12-2016 15:26:39:  INFO - ↑ accuracy: <0.548760> ↑

26-12-2016 15:26:39:  INFO - LBP config - range:1 neighbours:8 neighbour_shape:4 shape_evaluation:1
26-12-2016 15:26:39:  INFO - HIST config - grid_size:12 uniform:1
26-12-2016 15:29:23:  INFO - ↑ accuracy: <0.547107> ↑

26-12-2016 15:29:23:  INFO - LBP config - range:1 neighbours:8 neighbour_shape:5 shape_evaluation:1
26-12-2016 15:29:23:  INFO - HIST config - grid_size:12 uniform:1
26-12-2016 15:32:19:  INFO - ↑ accuracy: <0.552066> ↑

26-12-2016 15:32:19:  INFO - LBP config - range:1 neighbours:8 neighbour_shape:6 shape_evaluation:1
26-12-2016 15:32:19:  INFO - HIST config - grid_size:12 uniform:1
26-12-2016 15:35:31:  INFO - ↑ accuracy: <0.558678> ↑

26-12-2016 15:35:31:  INFO - LBP config - range:2 neighbours:8 neighbour_shape:1 shape_evaluation:1
26-12-2016 15:35:31:  INFO - HIST config - grid_size:12 uniform:1
26-12-2016 15:38:11:  INFO - ↑ accuracy: <0.532231> ↑

26-12-2016 15:38:11:  INFO - LBP config - range:2 neighbours:8 neighbour_shape:2 shape_evaluation:1
26-12-2016 15:38:11:  INFO - HIST config - grid_size:12 uniform:1
26-12-2016 15:41:01:  INFO - ↑ accuracy: <0.565289> ↑

26-12-2016 15:41:01:  INFO - LBP config - range:2 neighbours:8 neighbour_shape:3 shape_evaluation:1
26-12-2016 15:41:01:  INFO - HIST config - grid_size:12 uniform:1
26-12-2016 15:44:09:  INFO - ↑ accuracy: <0.573554> ↑

26-12-2016 15:44:09:  INFO - LBP config - range:2 neighbours:8 neighbour_shape:4 shape_evaluation:1
26-12-2016 15:44:09:  INFO - HIST config - grid_size:12 uniform:1
26-12-2016 15:46:57:  INFO - ↑ accuracy: <0.561983> ↑

26-12-2016 15:46:57:  INFO - LBP config - range:2 neighbours:8 neighbour_shape:5 shape_evaluation:1
26-12-2016 15:46:57:  INFO - HIST config - grid_size:12 uniform:1
26-12-2016 15:49:47:  INFO - ↑ accuracy: <0.570248> ↑

26-12-2016 15:49:47:  INFO - LBP config - range:2 neighbours:8 neighbour_shape:6 shape_evaluation:1
26-12-2016 15:49:47:  INFO - HIST config - grid_size:12 uniform:1
26-12-2016 15:53:03:  INFO - ↑ accuracy: <0.576860> ↑

26-12-2016 15:53:03:  INFO - LBP config - range:3 neighbours:8 neighbour_shape:1 shape_evaluation:1
26-12-2016 15:53:03:  INFO - HIST config - grid_size:12 uniform:1
26-12-2016 15:55:38:  INFO - ↑ accuracy: <0.575207> ↑

26-12-2016 15:55:38:  INFO - LBP config - range:3 neighbours:8 neighbour_shape:2 shape_evaluation:1
26-12-2016 15:55:38:  INFO - HIST config - grid_size:12 uniform:1
26-12-2016 15:58:25:  INFO - ↑ accuracy: <0.608264> ↑

26-12-2016 15:58:25:  INFO - LBP config - range:3 neighbours:8 neighbour_shape:3 shape_evaluation:1
26-12-2016 15:58:25:  INFO - HIST config - grid_size:12 uniform:1
26-12-2016 16:01:41:  INFO - ↑ accuracy: <0.621488> ↑

26-12-2016 16:01:42:  INFO - LBP config - range:3 neighbours:8 neighbour_shape:4 shape_evaluation:1
26-12-2016 16:01:42:  INFO - HIST config - grid_size:12 uniform:1
26-12-2016 16:04:27:  INFO - ↑ accuracy: <0.601653> ↑

26-12-2016 16:04:27:  INFO - LBP config - range:3 neighbours:8 neighbour_shape:5 shape_evaluation:1
26-12-2016 16:04:27:  INFO - HIST config - grid_size:12 uniform:1
26-12-2016 16:07:20:  INFO - ↑ accuracy: <0.619835> ↑

26-12-2016 16:07:20:  INFO - LBP config - range:3 neighbours:8 neighbour_shape:6 shape_evaluation:1
26-12-2016 16:07:20:  INFO - HIST config - grid_size:12 uniform:1
26-12-2016 16:10:34:  INFO - ↑ accuracy: <0.623140> ↑

26-12-2016 16:10:34:  INFO - LBP config - range:1 neighbours:9 neighbour_shape:1 shape_evaluation:1
26-12-2016 16:10:34:  INFO - HIST config - grid_size:12 uniform:1
26-12-2016 16:13:36:  INFO - ↑ accuracy: <0.485950> ↑

26-12-2016 16:13:36:  INFO - LBP config - range:1 neighbours:9 neighbour_shape:2 shape_evaluation:1
26-12-2016 16:13:36:  INFO - HIST config - grid_size:12 uniform:1
26-12-2016 16:16:59:  INFO - ↑ accuracy: <0.542149> ↑

26-12-2016 16:16:59:  INFO - LBP config - range:1 neighbours:9 neighbour_shape:3 shape_evaluation:1
26-12-2016 16:16:59:  INFO - HIST config - grid_size:12 uniform:1
26-12-2016 16:20:45:  INFO - ↑ accuracy: <0.532231> ↑

26-12-2016 16:20:45:  INFO - LBP config - range:1 neighbours:9 neighbour_shape:4 shape_evaluation:1
26-12-2016 16:20:45:  INFO - HIST config - grid_size:12 uniform:1
26-12-2016 16:23:56:  INFO - ↑ accuracy: <0.535537> ↑

26-12-2016 16:23:56:  INFO - LBP config - range:1 neighbours:9 neighbour_shape:5 shape_evaluation:1
26-12-2016 16:23:56:  INFO - HIST config - grid_size:12 uniform:1
26-12-2016 16:27:20:  INFO - ↑ accuracy: <0.552066> ↑

26-12-2016 16:27:20:  INFO - LBP config - range:1 neighbours:9 neighbour_shape:6 shape_evaluation:1
26-12-2016 16:27:20:  INFO - HIST config - grid_size:12 uniform:1
26-12-2016 16:31:06:  INFO - ↑ accuracy: <0.545455> ↑

26-12-2016 16:31:06:  INFO - LBP config - range:2 neighbours:9 neighbour_shape:1 shape_evaluation:1
26-12-2016 16:31:06:  INFO - HIST config - grid_size:12 uniform:1
26-12-2016 16:34:12:  INFO - ↑ accuracy: <0.522314> ↑

26-12-2016 16:34:12:  INFO - LBP config - range:2 neighbours:9 neighbour_shape:2 shape_evaluation:1
26-12-2016 16:34:12:  INFO - HIST config - grid_size:12 uniform:1
26-12-2016 16:37:32:  INFO - ↑ accuracy: <0.581818> ↑

26-12-2016 16:37:32:  INFO - LBP config - range:2 neighbours:9 neighbour_shape:3 shape_evaluation:1
26-12-2016 16:37:32:  INFO - HIST config - grid_size:12 uniform:1
26-12-2016 16:41:19:  INFO - ↑ accuracy: <0.601653> ↑

26-12-2016 16:41:19:  INFO - LBP config - range:2 neighbours:9 neighbour_shape:4 shape_evaluation:1
26-12-2016 16:41:19:  INFO - HIST config - grid_size:12 uniform:1
26-12-2016 16:44:41:  INFO - ↑ accuracy: <0.585124> ↑

26-12-2016 16:44:41:  INFO - LBP config - range:2 neighbours:9 neighbour_shape:5 shape_evaluation:1
26-12-2016 16:44:41:  INFO - HIST config - grid_size:12 uniform:1
26-12-2016 16:48:07:  INFO - ↑ accuracy: <0.583471> ↑

26-12-2016 16:48:07:  INFO - LBP config - range:2 neighbours:9 neighbour_shape:6 shape_evaluation:1
26-12-2016 16:48:07:  INFO - HIST config - grid_size:12 uniform:1
26-12-2016 16:51:55:  INFO - ↑ accuracy: <0.588430> ↑

26-12-2016 16:51:55:  INFO - LBP config - range:3 neighbours:9 neighbour_shape:1 shape_evaluation:1
26-12-2016 16:51:55:  INFO - HIST config - grid_size:12 uniform:1
26-12-2016 16:55:02:  INFO - ↑ accuracy: <0.568595> ↑

26-12-2016 16:55:02:  INFO - LBP config - range:3 neighbours:9 neighbour_shape:2 shape_evaluation:1
26-12-2016 16:55:02:  INFO - HIST config - grid_size:12 uniform:1
26-12-2016 16:58:28:  INFO - ↑ accuracy: <0.611570> ↑

26-12-2016 16:58:28:  INFO - LBP config - range:3 neighbours:9 neighbour_shape:3 shape_evaluation:1
26-12-2016 16:58:28:  INFO - HIST config - grid_size:12 uniform:1
26-12-2016 17:02:14:  INFO - ↑ accuracy: <0.613223> ↑

26-12-2016 17:02:14:  INFO - LBP config - range:3 neighbours:9 neighbour_shape:4 shape_evaluation:1
26-12-2016 17:02:14:  INFO - HIST config - grid_size:12 uniform:1
26-12-2016 17:05:30:  INFO - ↑ accuracy: <0.598347> ↑

26-12-2016 17:05:30:  INFO - LBP config - range:3 neighbours:9 neighbour_shape:5 shape_evaluation:1
26-12-2016 17:05:30:  INFO - HIST config - grid_size:12 uniform:1
26-12-2016 17:08:55:  INFO - ↑ accuracy: <0.614876> ↑

26-12-2016 17:08:55:  INFO - LBP config - range:3 neighbours:9 neighbour_shape:6 shape_evaluation:1
26-12-2016 17:08:55:  INFO - HIST config - grid_size:12 uniform:1
26-12-2016 17:12:42:  INFO - ↑ accuracy: <0.623140> ↑

26-12-2016 17:12:42:  INFO - LBP config - range:1 neighbours:10 neighbour_shape:1 shape_evaluation:1
26-12-2016 17:12:42:  INFO - HIST config - grid_size:12 uniform:1
26-12-2016 17:16:25:  INFO - ↑ accuracy: <0.482645> ↑

26-12-2016 17:16:25:  INFO - LBP config - range:1 neighbours:10 neighbour_shape:2 shape_evaluation:1
26-12-2016 17:16:25:  INFO - HIST config - grid_size:12 uniform:1
26-12-2016 17:20:18:  INFO - ↑ accuracy: <0.543802> ↑

26-12-2016 17:20:18:  INFO - LBP config - range:1 neighbours:10 neighbour_shape:3 shape_evaluation:1
26-12-2016 17:20:18:  INFO - HIST config - grid_size:12 uniform:1
26-12-2016 17:24:37:  INFO - ↑ accuracy: <0.548760> ↑

26-12-2016 17:24:37:  INFO - LBP config - range:1 neighbours:10 neighbour_shape:4 shape_evaluation:1
26-12-2016 17:24:37:  INFO - HIST config - grid_size:12 uniform:1
26-12-2016 17:28:24:  INFO - ↑ accuracy: <0.547107> ↑

26-12-2016 17:28:24:  INFO - LBP config - range:1 neighbours:10 neighbour_shape:5 shape_evaluation:1
26-12-2016 17:28:24:  INFO - HIST config - grid_size:12 uniform:1
26-12-2016 17:32:19:  INFO - ↑ accuracy: <0.552066> ↑

26-12-2016 17:32:19:  INFO - LBP config - range:1 neighbours:10 neighbour_shape:6 shape_evaluation:1
26-12-2016 17:32:19:  INFO - HIST config - grid_size:12 uniform:1
26-12-2016 17:36:39:  INFO - ↑ accuracy: <0.558678> ↑

26-12-2016 17:36:39:  INFO - LBP config - range:2 neighbours:10 neighbour_shape:1 shape_evaluation:1
26-12-2016 17:36:39:  INFO - HIST config - grid_size:12 uniform:1
26-12-2016 17:40:16:  INFO - ↑ accuracy: <0.537190> ↑

26-12-2016 17:40:16:  INFO - LBP config - range:2 neighbours:10 neighbour_shape:2 shape_evaluation:1
26-12-2016 17:40:16:  INFO - HIST config - grid_size:12 uniform:1
26-12-2016 17:44:13:  INFO - ↑ accuracy: <0.585124> ↑

26-12-2016 17:44:13:  INFO - LBP config - range:2 neighbours:10 neighbour_shape:3 shape_evaluation:1
26-12-2016 17:44:13:  INFO - HIST config - grid_size:12 uniform:1
26-12-2016 17:48:39:  INFO - ↑ accuracy: <0.598347> ↑

26-12-2016 17:48:39:  INFO - LBP config - range:2 neighbours:10 neighbour_shape:4 shape_evaluation:1
26-12-2016 17:48:39:  INFO - HIST config - grid_size:12 uniform:1
26-12-2016 17:52:34:  INFO - ↑ accuracy: <0.590083> ↑

26-12-2016 17:52:34:  INFO - LBP config - range:2 neighbours:10 neighbour_shape:5 shape_evaluation:1
26-12-2016 17:52:34:  INFO - HIST config - grid_size:12 uniform:1
26-12-2016 17:56:31:  INFO - ↑ accuracy: <0.601653> ↑

26-12-2016 17:56:31:  INFO - LBP config - range:2 neighbours:10 neighbour_shape:6 shape_evaluation:1
26-12-2016 17:56:31:  INFO - HIST config - grid_size:12 uniform:1
26-12-2016 18:00:51:  INFO - ↑ accuracy: <0.606612> ↑

26-12-2016 18:00:51:  INFO - LBP config - range:3 neighbours:10 neighbour_shape:1 shape_evaluation:1
26-12-2016 18:00:51:  INFO - HIST config - grid_size:12 uniform:1
26-12-2016 18:04:32:  INFO - ↑ accuracy: <0.558678> ↑

26-12-2016 18:04:32:  INFO - LBP config - range:3 neighbours:10 neighbour_shape:2 shape_evaluation:1
26-12-2016 18:04:32:  INFO - HIST config - grid_size:12 uniform:1
26-12-2016 18:08:24:  INFO - ↑ accuracy: <0.611570> ↑

26-12-2016 18:08:24:  INFO - LBP config - range:3 neighbours:10 neighbour_shape:3 shape_evaluation:1
26-12-2016 18:08:24:  INFO - HIST config - grid_size:12 uniform:1
26-12-2016 18:12:47:  INFO - ↑ accuracy: <0.616529> ↑

26-12-2016 18:12:47:  INFO - LBP config - range:3 neighbours:10 neighbour_shape:4 shape_evaluation:1
26-12-2016 18:12:47:  INFO - HIST config - grid_size:12 uniform:1
26-12-2016 18:16:36:  INFO - ↑ accuracy: <0.591736> ↑

26-12-2016 18:16:36:  INFO - LBP config - range:3 neighbours:10 neighbour_shape:5 shape_evaluation:1
26-12-2016 18:16:36:  INFO - HIST config - grid_size:12 uniform:1
26-12-2016 18:20:31:  INFO - ↑ accuracy: <0.616529> ↑

26-12-2016 18:20:31:  INFO - LBP config - range:3 neighbours:10 neighbour_shape:6 shape_evaluation:1
26-12-2016 18:20:31:  INFO - HIST config - grid_size:12 uniform:1
26-12-2016 18:24:56:  INFO - ↑ accuracy: <0.614876> ↑

26-12-2016 18:24:56:  INFO - LBP config - range:1 neighbours:8 neighbour_shape:1 shape_evaluation:1
26-12-2016 18:24:56:  INFO - HIST config - grid_size:13 uniform:1
26-12-2016 18:28:03:  INFO - ↑ accuracy: <0.490909> ↑

26-12-2016 18:28:03:  INFO - LBP config - range:1 neighbours:8 neighbour_shape:2 shape_evaluation:1
26-12-2016 18:28:03:  INFO - HIST config - grid_size:13 uniform:1
26-12-2016 18:31:19:  INFO - ↑ accuracy: <0.547107> ↑

26-12-2016 18:31:19:  INFO - LBP config - range:1 neighbours:8 neighbour_shape:3 shape_evaluation:1
26-12-2016 18:31:19:  INFO - HIST config - grid_size:13 uniform:1
26-12-2016 18:35:02:  INFO - ↑ accuracy: <0.547107> ↑

26-12-2016 18:35:02:  INFO - LBP config - range:1 neighbours:8 neighbour_shape:4 shape_evaluation:1
26-12-2016 18:35:02:  INFO - HIST config - grid_size:13 uniform:1
26-12-2016 18:38:14:  INFO - ↑ accuracy: <0.537190> ↑

26-12-2016 18:38:14:  INFO - LBP config - range:1 neighbours:8 neighbour_shape:5 shape_evaluation:1
26-12-2016 18:38:14:  INFO - HIST config - grid_size:13 uniform:1
26-12-2016 18:41:39:  INFO - ↑ accuracy: <0.545455> ↑

26-12-2016 18:41:39:  INFO - LBP config - range:1 neighbours:8 neighbour_shape:6 shape_evaluation:1
26-12-2016 18:41:39:  INFO - HIST config - grid_size:13 uniform:1
26-12-2016 18:45:17:  INFO - ↑ accuracy: <0.561983> ↑

26-12-2016 18:45:17:  INFO - LBP config - range:2 neighbours:8 neighbour_shape:1 shape_evaluation:1
26-12-2016 18:45:17:  INFO - HIST config - grid_size:13 uniform:1
26-12-2016 18:48:23:  INFO - ↑ accuracy: <0.532231> ↑

26-12-2016 18:48:23:  INFO - LBP config - range:2 neighbours:8 neighbour_shape:2 shape_evaluation:1
26-12-2016 18:48:23:  INFO - HIST config - grid_size:13 uniform:1
26-12-2016 18:51:40:  INFO - ↑ accuracy: <0.583471> ↑

26-12-2016 18:51:40:  INFO - LBP config - range:2 neighbours:8 neighbour_shape:3 shape_evaluation:1
26-12-2016 18:51:40:  INFO - HIST config - grid_size:13 uniform:1
26-12-2016 18:55:23:  INFO - ↑ accuracy: <0.566942> ↑

26-12-2016 18:55:23:  INFO - LBP config - range:2 neighbours:8 neighbour_shape:4 shape_evaluation:1
26-12-2016 18:55:23:  INFO - HIST config - grid_size:13 uniform:1
26-12-2016 18:58:35:  INFO - ↑ accuracy: <0.552066> ↑

26-12-2016 18:58:36:  INFO - LBP config - range:2 neighbours:8 neighbour_shape:5 shape_evaluation:1
26-12-2016 18:58:36:  INFO - HIST config - grid_size:13 uniform:1
26-12-2016 19:01:55:  INFO - ↑ accuracy: <0.585124> ↑

26-12-2016 19:01:55:  INFO - LBP config - range:2 neighbours:8 neighbour_shape:6 shape_evaluation:1
26-12-2016 19:01:55:  INFO - HIST config - grid_size:13 uniform:1
26-12-2016 19:05:38:  INFO - ↑ accuracy: <0.583471> ↑

26-12-2016 19:05:38:  INFO - LBP config - range:3 neighbours:8 neighbour_shape:1 shape_evaluation:1
26-12-2016 19:05:38:  INFO - HIST config - grid_size:13 uniform:1
26-12-2016 19:08:41:  INFO - ↑ accuracy: <0.585124> ↑

26-12-2016 19:08:41:  INFO - LBP config - range:3 neighbours:8 neighbour_shape:2 shape_evaluation:1
26-12-2016 19:08:41:  INFO - HIST config - grid_size:13 uniform:1
26-12-2016 19:12:00:  INFO - ↑ accuracy: <0.618182> ↑

26-12-2016 19:12:00:  INFO - LBP config - range:3 neighbours:8 neighbour_shape:3 shape_evaluation:1
26-12-2016 19:12:00:  INFO - HIST config - grid_size:13 uniform:1
26-12-2016 19:15:40:  INFO - ↑ accuracy: <0.616529> ↑

26-12-2016 19:15:40:  INFO - LBP config - range:3 neighbours:8 neighbour_shape:4 shape_evaluation:1
26-12-2016 19:15:40:  INFO - HIST config - grid_size:13 uniform:1
26-12-2016 19:18:55:  INFO - ↑ accuracy: <0.611570> ↑

26-12-2016 19:18:55:  INFO - LBP config - range:3 neighbours:8 neighbour_shape:5 shape_evaluation:1
26-12-2016 19:18:55:  INFO - HIST config - grid_size:13 uniform:1
26-12-2016 19:22:16:  INFO - ↑ accuracy: <0.628099> ↑

26-12-2016 19:22:16:  INFO - LBP config - range:3 neighbours:8 neighbour_shape:6 shape_evaluation:1
26-12-2016 19:22:16:  INFO - HIST config - grid_size:13 uniform:1
26-12-2016 19:25:58:  INFO - ↑ accuracy: <0.626446> ↑

26-12-2016 19:25:58:  INFO - LBP config - range:1 neighbours:9 neighbour_shape:1 shape_evaluation:1
26-12-2016 19:25:58:  INFO - HIST config - grid_size:13 uniform:1
26-12-2016 19:29:31:  INFO - ↑ accuracy: <0.507438> ↑

26-12-2016 19:29:31:  INFO - LBP config - range:1 neighbours:9 neighbour_shape:2 shape_evaluation:1
26-12-2016 19:29:31:  INFO - HIST config - grid_size:13 uniform:1
26-12-2016 19:33:19:  INFO - ↑ accuracy: <0.530579> ↑

26-12-2016 19:33:19:  INFO - LBP config - range:1 neighbours:9 neighbour_shape:3 shape_evaluation:1
26-12-2016 19:33:19:  INFO - HIST config - grid_size:13 uniform:1
26-12-2016 19:37:27:  INFO - ↑ accuracy: <0.537190> ↑

26-12-2016 19:37:27:  INFO - LBP config - range:1 neighbours:9 neighbour_shape:4 shape_evaluation:1
26-12-2016 19:37:27:  INFO - HIST config - grid_size:13 uniform:1
26-12-2016 19:41:14:  INFO - ↑ accuracy: <0.535537> ↑

26-12-2016 19:41:14:  INFO - LBP config - range:1 neighbours:9 neighbour_shape:5 shape_evaluation:1
26-12-2016 19:41:14:  INFO - HIST config - grid_size:13 uniform:1
26-12-2016 19:45:12:  INFO - ↑ accuracy: <0.542149> ↑

26-12-2016 19:45:12:  INFO - LBP config - range:1 neighbours:9 neighbour_shape:6 shape_evaluation:1
26-12-2016 19:45:12:  INFO - HIST config - grid_size:13 uniform:1
26-12-2016 19:49:25:  INFO - ↑ accuracy: <0.540496> ↑

26-12-2016 19:49:25:  INFO - LBP config - range:2 neighbours:9 neighbour_shape:1 shape_evaluation:1
26-12-2016 19:49:25:  INFO - HIST config - grid_size:13 uniform:1
26-12-2016 19:53:04:  INFO - ↑ accuracy: <0.542149> ↑

26-12-2016 19:53:04:  INFO - LBP config - range:2 neighbours:9 neighbour_shape:2 shape_evaluation:1
26-12-2016 19:53:04:  INFO - HIST config - grid_size:13 uniform:1
26-12-2016 19:56:50:  INFO - ↑ accuracy: <0.598347> ↑

26-12-2016 19:56:50:  INFO - LBP config - range:2 neighbours:9 neighbour_shape:3 shape_evaluation:1
26-12-2016 19:56:50:  INFO - HIST config - grid_size:13 uniform:1
26-12-2016 20:01:09:  INFO - ↑ accuracy: <0.593388> ↑

26-12-2016 20:01:09:  INFO - LBP config - range:2 neighbours:9 neighbour_shape:4 shape_evaluation:1
26-12-2016 20:01:09:  INFO - HIST config - grid_size:13 uniform:1
26-12-2016 20:04:55:  INFO - ↑ accuracy: <0.581818> ↑

26-12-2016 20:04:55:  INFO - LBP config - range:2 neighbours:9 neighbour_shape:5 shape_evaluation:1
26-12-2016 20:04:55:  INFO - HIST config - grid_size:13 uniform:1
26-12-2016 20:08:48:  INFO - ↑ accuracy: <0.595041> ↑

26-12-2016 20:08:48:  INFO - LBP config - range:2 neighbours:9 neighbour_shape:6 shape_evaluation:1
26-12-2016 20:08:48:  INFO - HIST config - grid_size:13 uniform:1
26-12-2016 20:13:06:  INFO - ↑ accuracy: <0.601653> ↑

26-12-2016 20:13:06:  INFO - LBP config - range:3 neighbours:9 neighbour_shape:1 shape_evaluation:1
26-12-2016 20:13:06:  INFO - HIST config - grid_size:13 uniform:1
26-12-2016 20:16:47:  INFO - ↑ accuracy: <0.578512> ↑

26-12-2016 20:16:47:  INFO - LBP config - range:3 neighbours:9 neighbour_shape:2 shape_evaluation:1
26-12-2016 20:16:47:  INFO - HIST config - grid_size:13 uniform:1
26-12-2016 20:20:35:  INFO - ↑ accuracy: <0.621488> ↑

26-12-2016 20:20:35:  INFO - LBP config - range:3 neighbours:9 neighbour_shape:3 shape_evaluation:1
26-12-2016 20:20:35:  INFO - HIST config - grid_size:13 uniform:1
26-12-2016 20:24:54:  INFO - ↑ accuracy: <0.614876> ↑

26-12-2016 20:24:54:  INFO - LBP config - range:3 neighbours:9 neighbour_shape:4 shape_evaluation:1
26-12-2016 20:24:54:  INFO - HIST config - grid_size:13 uniform:1
26-12-2016 20:28:42:  INFO - ↑ accuracy: <0.609917> ↑

26-12-2016 20:28:42:  INFO - LBP config - range:3 neighbours:9 neighbour_shape:5 shape_evaluation:1
26-12-2016 20:28:42:  INFO - HIST config - grid_size:13 uniform:1
26-12-2016 20:32:33:  INFO - ↑ accuracy: <0.621488> ↑

26-12-2016 20:32:33:  INFO - LBP config - range:3 neighbours:9 neighbour_shape:6 shape_evaluation:1
26-12-2016 20:32:33:  INFO - HIST config - grid_size:13 uniform:1
26-12-2016 20:36:49:  INFO - ↑ accuracy: <0.628099> ↑

26-12-2016 20:36:49:  INFO - LBP config - range:1 neighbours:10 neighbour_shape:1 shape_evaluation:1
26-12-2016 20:36:49:  INFO - HIST config - grid_size:13 uniform:1
26-12-2016 20:40:55:  INFO - ↑ accuracy: <0.490909> ↑

26-12-2016 20:40:55:  INFO - LBP config - range:1 neighbours:10 neighbour_shape:2 shape_evaluation:1
26-12-2016 20:40:55:  INFO - HIST config - grid_size:13 uniform:1
26-12-2016 20:45:18:  INFO - ↑ accuracy: <0.547107> ↑

26-12-2016 20:45:18:  INFO - LBP config - range:1 neighbours:10 neighbour_shape:3 shape_evaluation:1
26-12-2016 20:45:18:  INFO - HIST config - grid_size:13 uniform:1
26-12-2016 20:50:11:  INFO - ↑ accuracy: <0.547107> ↑

26-12-2016 20:50:11:  INFO - LBP config - range:1 neighbours:10 neighbour_shape:4 shape_evaluation:1
26-12-2016 20:50:11:  INFO - HIST config - grid_size:13 uniform:1
26-12-2016 20:54:28:  INFO - ↑ accuracy: <0.537190> ↑

26-12-2016 20:54:28:  INFO - LBP config - range:1 neighbours:10 neighbour_shape:5 shape_evaluation:1
26-12-2016 20:54:28:  INFO - HIST config - grid_size:13 uniform:1
26-12-2016 20:59:00:  INFO - ↑ accuracy: <0.545455> ↑

26-12-2016 20:59:00:  INFO - LBP config - range:1 neighbours:10 neighbour_shape:6 shape_evaluation:1
26-12-2016 20:59:00:  INFO - HIST config - grid_size:13 uniform:1
26-12-2016 21:03:53:  INFO - ↑ accuracy: <0.561983> ↑

26-12-2016 21:03:53:  INFO - LBP config - range:2 neighbours:10 neighbour_shape:1 shape_evaluation:1
26-12-2016 21:03:53:  INFO - HIST config - grid_size:13 uniform:1
26-12-2016 21:08:07:  INFO - ↑ accuracy: <0.530579> ↑

26-12-2016 21:08:07:  INFO - LBP config - range:2 neighbours:10 neighbour_shape:2 shape_evaluation:1
26-12-2016 21:08:07:  INFO - HIST config - grid_size:13 uniform:1
26-12-2016 21:12:29:  INFO - ↑ accuracy: <0.596694> ↑

26-12-2016 21:12:30:  INFO - LBP config - range:2 neighbours:10 neighbour_shape:3 shape_evaluation:1
26-12-2016 21:12:30:  INFO - HIST config - grid_size:13 uniform:1
26-12-2016 21:17:30:  INFO - ↑ accuracy: <0.596694> ↑

26-12-2016 21:17:30:  INFO - LBP config - range:2 neighbours:10 neighbour_shape:4 shape_evaluation:1
26-12-2016 21:17:30:  INFO - HIST config - grid_size:13 uniform:1
26-12-2016 21:21:58:  INFO - ↑ accuracy: <0.585124> ↑

26-12-2016 21:21:58:  INFO - LBP config - range:2 neighbours:10 neighbour_shape:5 shape_evaluation:1
26-12-2016 21:21:58:  INFO - HIST config - grid_size:13 uniform:1
26-12-2016 21:26:25:  INFO - ↑ accuracy: <0.601653> ↑

26-12-2016 21:26:25:  INFO - LBP config - range:2 neighbours:10 neighbour_shape:6 shape_evaluation:1
26-12-2016 21:26:25:  INFO - HIST config - grid_size:13 uniform:1
26-12-2016 21:31:19:  INFO - ↑ accuracy: <0.603306> ↑

26-12-2016 21:31:19:  INFO - LBP config - range:3 neighbours:10 neighbour_shape:1 shape_evaluation:1
26-12-2016 21:31:19:  INFO - HIST config - grid_size:13 uniform:1
26-12-2016 21:35:32:  INFO - ↑ accuracy: <0.568595> ↑

26-12-2016 21:35:32:  INFO - LBP config - range:3 neighbours:10 neighbour_shape:2 shape_evaluation:1
26-12-2016 21:35:32:  INFO - HIST config - grid_size:13 uniform:1
26-12-2016 21:39:56:  INFO - ↑ accuracy: <0.619835> ↑

26-12-2016 21:39:56:  INFO - LBP config - range:3 neighbours:10 neighbour_shape:3 shape_evaluation:1
26-12-2016 21:39:56:  INFO - HIST config - grid_size:13 uniform:1
26-12-2016 21:44:51:  INFO - ↑ accuracy: <0.619835> ↑

26-12-2016 21:44:51:  INFO - LBP config - range:3 neighbours:10 neighbour_shape:4 shape_evaluation:1
26-12-2016 21:44:51:  INFO - HIST config - grid_size:13 uniform:1
26-12-2016 21:49:17:  INFO - ↑ accuracy: <0.595041> ↑

26-12-2016 21:49:17:  INFO - LBP config - range:3 neighbours:10 neighbour_shape:5 shape_evaluation:1
26-12-2016 21:49:17:  INFO - HIST config - grid_size:13 uniform:1
26-12-2016 21:53:46:  INFO - ↑ accuracy: <0.621488> ↑

26-12-2016 21:53:46:  INFO - LBP config - range:3 neighbours:10 neighbour_shape:6 shape_evaluation:1
26-12-2016 21:53:46:  INFO - HIST config - grid_size:13 uniform:1
26-12-2016 21:58:45:  INFO - ↑ accuracy: <0.621488> ↑

26-12-2016 21:58:45:  INFO - LBP config - range:1 neighbours:8 neighbour_shape:1 shape_evaluation:1
26-12-2016 21:58:45:  INFO - HIST config - grid_size:14 uniform:1
26-12-2016 22:02:29:  INFO - ↑ accuracy: <0.471074> ↑

26-12-2016 22:02:29:  INFO - LBP config - range:1 neighbours:8 neighbour_shape:2 shape_evaluation:1
26-12-2016 22:02:29:  INFO - HIST config - grid_size:14 uniform:1
26-12-2016 22:06:12:  INFO - ↑ accuracy: <0.520661> ↑

26-12-2016 22:06:12:  INFO - LBP config - range:1 neighbours:8 neighbour_shape:3 shape_evaluation:1
26-12-2016 22:06:12:  INFO - HIST config - grid_size:14 uniform:1
26-12-2016 22:10:20:  INFO - ↑ accuracy: <0.538843> ↑

26-12-2016 22:10:20:  INFO - LBP config - range:1 neighbours:8 neighbour_shape:4 shape_evaluation:1
26-12-2016 22:10:20:  INFO - HIST config - grid_size:14 uniform:1
26-12-2016 22:14:03:  INFO - ↑ accuracy: <0.523967> ↑

26-12-2016 22:14:03:  INFO - LBP config - range:1 neighbours:8 neighbour_shape:5 shape_evaluation:1
26-12-2016 22:14:03:  INFO - HIST config - grid_size:14 uniform:1
26-12-2016 22:17:55:  INFO - ↑ accuracy: <0.540496> ↑

26-12-2016 22:17:55:  INFO - LBP config - range:1 neighbours:8 neighbour_shape:6 shape_evaluation:1
26-12-2016 22:17:55:  INFO - HIST config - grid_size:14 uniform:1
26-12-2016 22:22:04:  INFO - ↑ accuracy: <0.548760> ↑

26-12-2016 22:22:04:  INFO - LBP config - range:2 neighbours:8 neighbour_shape:1 shape_evaluation:1
26-12-2016 22:22:04:  INFO - HIST config - grid_size:14 uniform:1
26-12-2016 22:25:43:  INFO - ↑ accuracy: <0.515702> ↑

26-12-2016 22:25:43:  INFO - LBP config - range:2 neighbours:8 neighbour_shape:2 shape_evaluation:1
26-12-2016 22:25:43:  INFO - HIST config - grid_size:14 uniform:1
26-12-2016 22:29:28:  INFO - ↑ accuracy: <0.566942> ↑

26-12-2016 22:29:28:  INFO - LBP config - range:2 neighbours:8 neighbour_shape:3 shape_evaluation:1
26-12-2016 22:29:28:  INFO - HIST config - grid_size:14 uniform:1
26-12-2016 22:33:39:  INFO - ↑ accuracy: <0.555372> ↑

26-12-2016 22:33:39:  INFO - LBP config - range:2 neighbours:8 neighbour_shape:4 shape_evaluation:1
26-12-2016 22:33:39:  INFO - HIST config - grid_size:14 uniform:1
26-12-2016 22:37:23:  INFO - ↑ accuracy: <0.548760> ↑

26-12-2016 22:37:23:  INFO - LBP config - range:2 neighbours:8 neighbour_shape:5 shape_evaluation:1
26-12-2016 22:37:23:  INFO - HIST config - grid_size:14 uniform:1
26-12-2016 22:41:14:  INFO - ↑ accuracy: <0.560331> ↑

26-12-2016 22:41:14:  INFO - LBP config - range:2 neighbours:8 neighbour_shape:6 shape_evaluation:1
26-12-2016 22:41:14:  INFO - HIST config - grid_size:14 uniform:1
26-12-2016 22:45:24:  INFO - ↑ accuracy: <0.576860> ↑

26-12-2016 22:45:24:  INFO - LBP config - range:3 neighbours:8 neighbour_shape:1 shape_evaluation:1
26-12-2016 22:45:24:  INFO - HIST config - grid_size:14 uniform:1
26-12-2016 22:49:02:  INFO - ↑ accuracy: <0.558678> ↑

26-12-2016 22:49:02:  INFO - LBP config - range:3 neighbours:8 neighbour_shape:2 shape_evaluation:1
26-12-2016 22:49:02:  INFO - HIST config - grid_size:14 uniform:1
26-12-2016 22:52:47:  INFO - ↑ accuracy: <0.608264> ↑

26-12-2016 22:52:47:  INFO - LBP config - range:3 neighbours:8 neighbour_shape:3 shape_evaluation:1
26-12-2016 22:52:47:  INFO - HIST config - grid_size:14 uniform:1
26-12-2016 22:56:53:  INFO - ↑ accuracy: <0.614876> ↑

26-12-2016 22:56:53:  INFO - LBP config - range:3 neighbours:8 neighbour_shape:4 shape_evaluation:1
26-12-2016 22:56:53:  INFO - HIST config - grid_size:14 uniform:1
26-12-2016 23:00:32:  INFO - ↑ accuracy: <0.601653> ↑

26-12-2016 23:00:32:  INFO - LBP config - range:3 neighbours:8 neighbour_shape:5 shape_evaluation:1
26-12-2016 23:00:32:  INFO - HIST config - grid_size:14 uniform:1
26-12-2016 23:04:27:  INFO - ↑ accuracy: <0.618182> ↑

26-12-2016 23:04:27:  INFO - LBP config - range:3 neighbours:8 neighbour_shape:6 shape_evaluation:1
26-12-2016 23:04:27:  INFO - HIST config - grid_size:14 uniform:1
26-12-2016 23:08:42:  INFO - ↑ accuracy: <0.626446> ↑

26-12-2016 23:08:42:  INFO - LBP config - range:1 neighbours:9 neighbour_shape:1 shape_evaluation:1
26-12-2016 23:08:42:  INFO - HIST config - grid_size:14 uniform:1
26-12-2016 23:13:00:  INFO - ↑ accuracy: <0.480992> ↑

26-12-2016 23:13:00:  INFO - LBP config - range:1 neighbours:9 neighbour_shape:2 shape_evaluation:1
26-12-2016 23:13:00:  INFO - HIST config - grid_size:14 uniform:1
26-12-2016 23:17:21:  INFO - ↑ accuracy: <0.528926> ↑

26-12-2016 23:17:21:  INFO - LBP config - range:1 neighbours:9 neighbour_shape:3 shape_evaluation:1
26-12-2016 23:17:21:  INFO - HIST config - grid_size:14 uniform:1
26-12-2016 23:22:01:  INFO - ↑ accuracy: <0.519008> ↑

26-12-2016 23:22:01:  INFO - LBP config - range:1 neighbours:9 neighbour_shape:4 shape_evaluation:1
26-12-2016 23:22:01:  INFO - HIST config - grid_size:14 uniform:1
26-12-2016 23:26:21:  INFO - ↑ accuracy: <0.528926> ↑

26-12-2016 23:26:21:  INFO - LBP config - range:1 neighbours:9 neighbour_shape:5 shape_evaluation:1
26-12-2016 23:26:21:  INFO - HIST config - grid_size:14 uniform:1
26-12-2016 23:30:46:  INFO - ↑ accuracy: <0.538843> ↑

26-12-2016 23:30:46:  INFO - LBP config - range:1 neighbours:9 neighbour_shape:6 shape_evaluation:1
26-12-2016 23:30:46:  INFO - HIST config - grid_size:14 uniform:1
26-12-2016 23:35:31:  INFO - ↑ accuracy: <0.542149> ↑

26-12-2016 23:35:31:  INFO - LBP config - range:2 neighbours:9 neighbour_shape:1 shape_evaluation:1
26-12-2016 23:35:31:  INFO - HIST config - grid_size:14 uniform:1
26-12-2016 23:39:42:  INFO - ↑ accuracy: <0.514050> ↑

26-12-2016 23:39:42:  INFO - LBP config - range:2 neighbours:9 neighbour_shape:2 shape_evaluation:1
26-12-2016 23:39:42:  INFO - HIST config - grid_size:14 uniform:1
26-12-2016 23:44:12:  INFO - ↑ accuracy: <0.586777> ↑

26-12-2016 23:44:12:  INFO - LBP config - range:2 neighbours:9 neighbour_shape:3 shape_evaluation:1
26-12-2016 23:44:12:  INFO - HIST config - grid_size:14 uniform:1
26-12-2016 23:49:08:  INFO - ↑ accuracy: <0.575207> ↑

26-12-2016 23:49:08:  INFO - LBP config - range:2 neighbours:9 neighbour_shape:4 shape_evaluation:1
26-12-2016 23:49:08:  INFO - HIST config - grid_size:14 uniform:1
26-12-2016 23:53:33:  INFO - ↑ accuracy: <0.580165> ↑

26-12-2016 23:53:33:  INFO - LBP config - range:2 neighbours:9 neighbour_shape:5 shape_evaluation:1
26-12-2016 23:53:33:  INFO - HIST config - grid_size:14 uniform:1
26-12-2016 23:58:01:  INFO - ↑ accuracy: <0.596694> ↑

26-12-2016 23:58:01:  INFO - LBP config - range:2 neighbours:9 neighbour_shape:6 shape_evaluation:1
26-12-2016 23:58:01:  INFO - HIST config - grid_size:14 uniform:1
27-12-2016 00:02:52:  INFO - ↑ accuracy: <0.590083> ↑

27-12-2016 00:02:52:  INFO - LBP config - range:3 neighbours:9 neighbour_shape:1 shape_evaluation:1
27-12-2016 00:02:52:  INFO - HIST config - grid_size:14 uniform:1
27-12-2016 00:07:05:  INFO - ↑ accuracy: <0.557025> ↑

27-12-2016 00:07:05:  INFO - LBP config - range:3 neighbours:9 neighbour_shape:2 shape_evaluation:1
27-12-2016 00:07:05:  INFO - HIST config - grid_size:14 uniform:1
27-12-2016 00:11:25:  INFO - ↑ accuracy: <0.608264> ↑

27-12-2016 00:11:25:  INFO - LBP config - range:3 neighbours:9 neighbour_shape:3 shape_evaluation:1
27-12-2016 00:11:25:  INFO - HIST config - grid_size:14 uniform:1
27-12-2016 00:16:15:  INFO - ↑ accuracy: <0.611570> ↑

27-12-2016 00:16:15:  INFO - LBP config - range:3 neighbours:9 neighbour_shape:4 shape_evaluation:1
27-12-2016 00:16:15:  INFO - HIST config - grid_size:14 uniform:1
27-12-2016 00:20:28:  INFO - ↑ accuracy: <0.591736> ↑

27-12-2016 00:20:28:  INFO - LBP config - range:3 neighbours:9 neighbour_shape:5 shape_evaluation:1
27-12-2016 00:20:28:  INFO - HIST config - grid_size:14 uniform:1
27-12-2016 00:24:58:  INFO - ↑ accuracy: <0.609917> ↑

27-12-2016 00:24:58:  INFO - LBP config - range:3 neighbours:9 neighbour_shape:6 shape_evaluation:1
27-12-2016 00:24:58:  INFO - HIST config - grid_size:14 uniform:1
27-12-2016 00:29:53:  INFO - ↑ accuracy: <0.623140> ↑

27-12-2016 00:29:53:  INFO - LBP config - range:1 neighbours:10 neighbour_shape:1 shape_evaluation:1
27-12-2016 00:29:53:  INFO - HIST config - grid_size:14 uniform:1
27-12-2016 00:34:37:  INFO - ↑ accuracy: <0.471074> ↑

27-12-2016 00:34:37:  INFO - LBP config - range:1 neighbours:10 neighbour_shape:2 shape_evaluation:1
27-12-2016 00:34:37:  INFO - HIST config - grid_size:14 uniform:1
27-12-2016 00:39:41:  INFO - ↑ accuracy: <0.520661> ↑

27-12-2016 00:39:41:  INFO - LBP config - range:1 neighbours:10 neighbour_shape:3 shape_evaluation:1
27-12-2016 00:39:41:  INFO - HIST config - grid_size:14 uniform:1
27-12-2016 00:45:29:  INFO - ↑ accuracy: <0.538843> ↑

27-12-2016 00:45:29:  INFO - LBP config - range:1 neighbours:10 neighbour_shape:4 shape_evaluation:1
27-12-2016 00:45:29:  INFO - HIST config - grid_size:14 uniform:1
27-12-2016 00:50:27:  INFO - ↑ accuracy: <0.523967> ↑

27-12-2016 00:50:27:  INFO - LBP config - range:1 neighbours:10 neighbour_shape:5 shape_evaluation:1
27-12-2016 00:50:27:  INFO - HIST config - grid_size:14 uniform:1
27-12-2016 00:55:38:  INFO - ↑ accuracy: <0.540496> ↑

27-12-2016 00:55:38:  INFO - LBP config - range:1 neighbours:10 neighbour_shape:6 shape_evaluation:1
27-12-2016 00:55:38:  INFO - HIST config - grid_size:14 uniform:1
27-12-2016 01:01:14:  INFO - ↑ accuracy: <0.548760> ↑

27-12-2016 01:01:14:  INFO - LBP config - range:2 neighbours:10 neighbour_shape:1 shape_evaluation:1
27-12-2016 01:01:14:  INFO - HIST config - grid_size:14 uniform:1
27-12-2016 01:06:05:  INFO - ↑ accuracy: <0.504132> ↑

27-12-2016 01:06:05:  INFO - LBP config - range:2 neighbours:10 neighbour_shape:2 shape_evaluation:1
27-12-2016 01:06:05:  INFO - HIST config - grid_size:14 uniform:1
27-12-2016 01:11:21:  INFO - ↑ accuracy: <0.585124> ↑

27-12-2016 01:11:21:  INFO - LBP config - range:2 neighbours:10 neighbour_shape:3 shape_evaluation:1
27-12-2016 01:11:21:  INFO - HIST config - grid_size:14 uniform:1
27-12-2016 01:16:54:  INFO - ↑ accuracy: <0.583471> ↑

27-12-2016 01:16:54:  INFO - LBP config - range:2 neighbours:10 neighbour_shape:4 shape_evaluation:1
27-12-2016 01:16:54:  INFO - HIST config - grid_size:14 uniform:1
27-12-2016 01:21:52:  INFO - ↑ accuracy: <0.581818> ↑

27-12-2016 01:21:52:  INFO - LBP config - range:2 neighbours:10 neighbour_shape:5 shape_evaluation:1
27-12-2016 01:21:52:  INFO - HIST config - grid_size:14 uniform:1
27-12-2016 01:27:11:  INFO - ↑ accuracy: <0.595041> ↑

27-12-2016 01:27:11:  INFO - LBP config - range:2 neighbours:10 neighbour_shape:6 shape_evaluation:1
27-12-2016 01:27:11:  INFO - HIST config - grid_size:14 uniform:1
27-12-2016 01:32:49:  INFO - ↑ accuracy: <0.595041> ↑

27-12-2016 01:32:49:  INFO - LBP config - range:3 neighbours:10 neighbour_shape:1 shape_evaluation:1
27-12-2016 01:32:49:  INFO - HIST config - grid_size:14 uniform:1
27-12-2016 01:37:42:  INFO - ↑ accuracy: <0.538843> ↑

27-12-2016 01:37:42:  INFO - LBP config - range:3 neighbours:10 neighbour_shape:2 shape_evaluation:1
27-12-2016 01:37:42:  INFO - HIST config - grid_size:14 uniform:1
27-12-2016 01:42:48:  INFO - ↑ accuracy: <0.601653> ↑

27-12-2016 01:42:48:  INFO - LBP config - range:3 neighbours:10 neighbour_shape:3 shape_evaluation:1
27-12-2016 01:42:48:  INFO - HIST config - grid_size:14 uniform:1
27-12-2016 01:48:24:  INFO - ↑ accuracy: <0.608264> ↑

27-12-2016 01:48:24:  INFO - LBP config - range:3 neighbours:10 neighbour_shape:4 shape_evaluation:1
27-12-2016 01:48:24:  INFO - HIST config - grid_size:14 uniform:1
27-12-2016 01:53:32:  INFO - ↑ accuracy: <0.575207> ↑

27-12-2016 01:53:32:  INFO - LBP config - range:3 neighbours:10 neighbour_shape:5 shape_evaluation:1
27-12-2016 01:53:32:  INFO - HIST config - grid_size:14 uniform:1
27-12-2016 01:58:46:  INFO - ↑ accuracy: <0.604959> ↑

27-12-2016 01:58:46:  INFO - LBP config - range:3 neighbours:10 neighbour_shape:6 shape_evaluation:1
27-12-2016 01:58:46:  INFO - HIST config - grid_size:14 uniform:1
27-12-2016 02:04:30:  INFO - ↑ accuracy: <0.621488> ↑

27-12-2016 02:04:30:  INFO - LBP config - range:1 neighbours:8 neighbour_shape:1 shape_evaluation:1
27-12-2016 02:04:30:  INFO - HIST config - grid_size:15 uniform:1
27-12-2016 02:08:35:  INFO - ↑ accuracy: <0.477686> ↑

27-12-2016 02:08:35:  INFO - LBP config - range:1 neighbours:8 neighbour_shape:2 shape_evaluation:1
27-12-2016 02:08:35:  INFO - HIST config - grid_size:15 uniform:1
27-12-2016 02:12:51:  INFO - ↑ accuracy: <0.535537> ↑

27-12-2016 02:12:51:  INFO - LBP config - range:1 neighbours:8 neighbour_shape:3 shape_evaluation:1
27-12-2016 02:12:51:  INFO - HIST config - grid_size:15 uniform:1
27-12-2016 02:17:33:  INFO - ↑ accuracy: <0.545455> ↑

27-12-2016 02:17:33:  INFO - LBP config - range:1 neighbours:8 neighbour_shape:4 shape_evaluation:1
27-12-2016 02:17:33:  INFO - HIST config - grid_size:15 uniform:1
27-12-2016 02:21:41:  INFO - ↑ accuracy: <0.533884> ↑

27-12-2016 02:21:41:  INFO - LBP config - range:1 neighbours:8 neighbour_shape:5 shape_evaluation:1
27-12-2016 02:21:41:  INFO - HIST config - grid_size:15 uniform:1
27-12-2016 02:26:01:  INFO - ↑ accuracy: <0.555372> ↑

27-12-2016 02:26:01:  INFO - LBP config - range:1 neighbours:8 neighbour_shape:6 shape_evaluation:1
27-12-2016 02:26:01:  INFO - HIST config - grid_size:15 uniform:1
27-12-2016 02:30:37:  INFO - ↑ accuracy: <0.557025> ↑

27-12-2016 02:30:37:  INFO - LBP config - range:2 neighbours:8 neighbour_shape:1 shape_evaluation:1
27-12-2016 02:30:37:  INFO - HIST config - grid_size:15 uniform:1
27-12-2016 02:34:38:  INFO - ↑ accuracy: <0.515702> ↑

27-12-2016 02:34:38:  INFO - LBP config - range:2 neighbours:8 neighbour_shape:2 shape_evaluation:1
27-12-2016 02:34:38:  INFO - HIST config - grid_size:15 uniform:1
27-12-2016 02:38:53:  INFO - ↑ accuracy: <0.573554> ↑

27-12-2016 02:38:53:  INFO - LBP config - range:2 neighbours:8 neighbour_shape:3 shape_evaluation:1
27-12-2016 02:38:53:  INFO - HIST config - grid_size:15 uniform:1
27-12-2016 02:43:33:  INFO - ↑ accuracy: <0.561983> ↑

27-12-2016 02:43:33:  INFO - LBP config - range:2 neighbours:8 neighbour_shape:4 shape_evaluation:1
27-12-2016 02:43:33:  INFO - HIST config - grid_size:15 uniform:1
27-12-2016 02:47:47:  INFO - ↑ accuracy: <0.548760> ↑

27-12-2016 02:47:47:  INFO - LBP config - range:2 neighbours:8 neighbour_shape:5 shape_evaluation:1
27-12-2016 02:47:47:  INFO - HIST config - grid_size:15 uniform:1
27-12-2016 02:52:06:  INFO - ↑ accuracy: <0.565289> ↑

27-12-2016 02:52:06:  INFO - LBP config - range:2 neighbours:8 neighbour_shape:6 shape_evaluation:1
27-12-2016 02:52:06:  INFO - HIST config - grid_size:15 uniform:1
27-12-2016 02:56:46:  INFO - ↑ accuracy: <0.578512> ↑

27-12-2016 02:56:46:  INFO - LBP config - range:3 neighbours:8 neighbour_shape:1 shape_evaluation:1
27-12-2016 02:56:46:  INFO - HIST config - grid_size:15 uniform:1
27-12-2016 03:00:45:  INFO - ↑ accuracy: <0.570248> ↑

27-12-2016 03:00:45:  INFO - LBP config - range:3 neighbours:8 neighbour_shape:2 shape_evaluation:1
27-12-2016 03:00:45:  INFO - HIST config - grid_size:15 uniform:1
27-12-2016 03:04:54:  INFO - ↑ accuracy: <0.611570> ↑

27-12-2016 03:04:54:  INFO - LBP config - range:3 neighbours:8 neighbour_shape:3 shape_evaluation:1
27-12-2016 03:04:54:  INFO - HIST config - grid_size:15 uniform:1
27-12-2016 03:09:32:  INFO - ↑ accuracy: <0.621488> ↑

27-12-2016 03:09:32:  INFO - LBP config - range:3 neighbours:8 neighbour_shape:4 shape_evaluation:1
27-12-2016 03:09:32:  INFO - HIST config - grid_size:15 uniform:1
27-12-2016 03:13:39:  INFO - ↑ accuracy: <0.608264> ↑

27-12-2016 03:13:39:  INFO - LBP config - range:3 neighbours:8 neighbour_shape:5 shape_evaluation:1
27-12-2016 03:13:39:  INFO - HIST config - grid_size:15 uniform:1
27-12-2016 03:17:51:  INFO - ↑ accuracy: <0.626446> ↑

27-12-2016 03:17:51:  INFO - LBP config - range:3 neighbours:8 neighbour_shape:6 shape_evaluation:1
27-12-2016 03:17:51:  INFO - HIST config - grid_size:15 uniform:1
27-12-2016 03:22:30:  INFO - ↑ accuracy: <0.626446> ↑

27-12-2016 03:22:30:  INFO - LBP config - range:1 neighbours:9 neighbour_shape:1 shape_evaluation:1
27-12-2016 03:22:30:  INFO - HIST config - grid_size:15 uniform:1
27-12-2016 03:27:12:  INFO - ↑ accuracy: <0.500826> ↑

27-12-2016 03:27:13:  INFO - LBP config - range:1 neighbours:9 neighbour_shape:2 shape_evaluation:1
27-12-2016 03:27:13:  INFO - HIST config - grid_size:15 uniform:1
27-12-2016 03:32:11:  INFO - ↑ accuracy: <0.535537> ↑

27-12-2016 03:32:11:  INFO - LBP config - range:1 neighbours:9 neighbour_shape:3 shape_evaluation:1
27-12-2016 03:32:11:  INFO - HIST config - grid_size:15 uniform:1
27-12-2016 03:37:29:  INFO - ↑ accuracy: <0.545455> ↑

27-12-2016 03:37:29:  INFO - LBP config - range:1 neighbours:9 neighbour_shape:4 shape_evaluation:1
27-12-2016 03:37:29:  INFO - HIST config - grid_size:15 uniform:1
27-12-2016 03:42:22:  INFO - ↑ accuracy: <0.522314> ↑

27-12-2016 03:42:22:  INFO - LBP config - range:1 neighbours:9 neighbour_shape:5 shape_evaluation:1
27-12-2016 03:42:22:  INFO - HIST config - grid_size:15 uniform:1
27-12-2016 03:47:15:  INFO - ↑ accuracy: <0.538843> ↑

27-12-2016 03:47:16:  INFO - LBP config - range:1 neighbours:9 neighbour_shape:6 shape_evaluation:1
27-12-2016 03:47:16:  INFO - HIST config - grid_size:15 uniform:1
27-12-2016 03:52:41:  INFO - ↑ accuracy: <0.538843> ↑

27-12-2016 03:52:41:  INFO - LBP config - range:2 neighbours:9 neighbour_shape:1 shape_evaluation:1
27-12-2016 03:52:41:  INFO - HIST config - grid_size:15 uniform:1
27-12-2016 03:57:31:  INFO - ↑ accuracy: <0.525620> ↑

27-12-2016 03:57:31:  INFO - LBP config - range:2 neighbours:9 neighbour_shape:2 shape_evaluation:1
27-12-2016 03:57:31:  INFO - HIST config - grid_size:15 uniform:1
27-12-2016 04:02:33:  INFO - ↑ accuracy: <0.598347> ↑

27-12-2016 04:02:33:  INFO - LBP config - range:2 neighbours:9 neighbour_shape:3 shape_evaluation:1
27-12-2016 04:02:33:  INFO - HIST config - grid_size:15 uniform:1
27-12-2016 04:08:09:  INFO - ↑ accuracy: <0.583471> ↑

27-12-2016 04:08:10:  INFO - LBP config - range:2 neighbours:9 neighbour_shape:4 shape_evaluation:1
27-12-2016 04:08:10:  INFO - HIST config - grid_size:15 uniform:1
27-12-2016 04:13:06:  INFO - ↑ accuracy: <0.573554> ↑

27-12-2016 04:13:06:  INFO - LBP config - range:2 neighbours:9 neighbour_shape:5 shape_evaluation:1
27-12-2016 04:13:06:  INFO - HIST config - grid_size:15 uniform:1
27-12-2016 04:18:10:  INFO - ↑ accuracy: <0.583471> ↑

27-12-2016 04:18:10:  INFO - LBP config - range:2 neighbours:9 neighbour_shape:6 shape_evaluation:1
27-12-2016 04:18:10:  INFO - HIST config - grid_size:15 uniform:1
27-12-2016 04:23:37:  INFO - ↑ accuracy: <0.585124> ↑

27-12-2016 04:23:37:  INFO - LBP config - range:3 neighbours:9 neighbour_shape:1 shape_evaluation:1
27-12-2016 04:23:37:  INFO - HIST config - grid_size:15 uniform:1
27-12-2016 04:28:23:  INFO - ↑ accuracy: <0.560331> ↑

27-12-2016 04:28:23:  INFO - LBP config - range:3 neighbours:9 neighbour_shape:2 shape_evaluation:1
27-12-2016 04:28:23:  INFO - HIST config - grid_size:15 uniform:1
27-12-2016 04:33:27:  INFO - ↑ accuracy: <0.621488> ↑

27-12-2016 04:33:27:  INFO - LBP config - range:3 neighbours:9 neighbour_shape:3 shape_evaluation:1
27-12-2016 04:33:27:  INFO - HIST config - grid_size:15 uniform:1
27-12-2016 04:38:52:  INFO - ↑ accuracy: <0.619835> ↑

27-12-2016 04:38:52:  INFO - LBP config - range:3 neighbours:9 neighbour_shape:4 shape_evaluation:1
27-12-2016 04:38:52:  INFO - HIST config - grid_size:15 uniform:1
27-12-2016 04:43:48:  INFO - ↑ accuracy: <0.601653> ↑

27-12-2016 04:43:48:  INFO - LBP config - range:3 neighbours:9 neighbour_shape:5 shape_evaluation:1
27-12-2016 04:43:48:  INFO - HIST config - grid_size:15 uniform:1
27-12-2016 04:48:51:  INFO - ↑ accuracy: <0.618182> ↑

27-12-2016 04:48:51:  INFO - LBP config - range:3 neighbours:9 neighbour_shape:6 shape_evaluation:1
27-12-2016 04:48:51:  INFO - HIST config - grid_size:15 uniform:1
27-12-2016 04:54:12:  INFO - ↑ accuracy: <0.628099> ↑

27-12-2016 04:54:12:  INFO - LBP config - range:1 neighbours:10 neighbour_shape:1 shape_evaluation:1
27-12-2016 04:54:12:  INFO - HIST config - grid_size:15 uniform:1
27-12-2016 04:59:42:  INFO - ↑ accuracy: <0.477686> ↑

27-12-2016 04:59:42:  INFO - LBP config - range:1 neighbours:10 neighbour_shape:2 shape_evaluation:1
27-12-2016 04:59:42:  INFO - HIST config - grid_size:15 uniform:1
27-12-2016 05:05:24:  INFO - ↑ accuracy: <0.535537> ↑

27-12-2016 05:05:24:  INFO - LBP config - range:1 neighbours:10 neighbour_shape:3 shape_evaluation:1
27-12-2016 05:05:24:  INFO - HIST config - grid_size:15 uniform:1
27-12-2016 05:11:37:  INFO - ↑ accuracy: <0.545455> ↑

27-12-2016 05:11:37:  INFO - LBP config - range:1 neighbours:10 neighbour_shape:4 shape_evaluation:1
27-12-2016 05:11:37:  INFO - HIST config - grid_size:15 uniform:1
27-12-2016 05:17:09:  INFO - ↑ accuracy: <0.533884> ↑

27-12-2016 05:17:09:  INFO - LBP config - range:1 neighbours:10 neighbour_shape:5 shape_evaluation:1
27-12-2016 05:17:09:  INFO - HIST config - grid_size:15 uniform:1
27-12-2016 05:22:48:  INFO - ↑ accuracy: <0.555372> ↑

27-12-2016 05:22:48:  INFO - LBP config - range:1 neighbours:10 neighbour_shape:6 shape_evaluation:1
27-12-2016 05:22:48:  INFO - HIST config - grid_size:15 uniform:1
27-12-2016 05:28:57:  INFO - ↑ accuracy: <0.557025> ↑

27-12-2016 05:28:57:  INFO - LBP config - range:2 neighbours:10 neighbour_shape:1 shape_evaluation:1
27-12-2016 05:28:57:  INFO - HIST config - grid_size:15 uniform:1
27-12-2016 05:34:30:  INFO - ↑ accuracy: <0.519008> ↑

27-12-2016 05:34:30:  INFO - LBP config - range:2 neighbours:10 neighbour_shape:2 shape_evaluation:1
27-12-2016 05:34:30:  INFO - HIST config - grid_size:15 uniform:1
27-12-2016 05:40:13:  INFO - ↑ accuracy: <0.578512> ↑

27-12-2016 05:40:13:  INFO - LBP config - range:2 neighbours:10 neighbour_shape:3 shape_evaluation:1
27-12-2016 05:40:13:  INFO - HIST config - grid_size:15 uniform:1
27-12-2016 05:46:27:  INFO - ↑ accuracy: <0.575207> ↑

27-12-2016 05:46:27:  INFO - LBP config - range:2 neighbours:10 neighbour_shape:4 shape_evaluation:1
27-12-2016 05:46:27:  INFO - HIST config - grid_size:15 uniform:1
27-12-2016 05:52:07:  INFO - ↑ accuracy: <0.578512> ↑

27-12-2016 05:52:07:  INFO - LBP config - range:2 neighbours:10 neighbour_shape:5 shape_evaluation:1
27-12-2016 05:52:07:  INFO - HIST config - grid_size:15 uniform:1
27-12-2016 05:57:50:  INFO - ↑ accuracy: <0.590083> ↑

27-12-2016 05:57:50:  INFO - LBP config - range:2 neighbours:10 neighbour_shape:6 shape_evaluation:1
27-12-2016 05:57:50:  INFO - HIST config - grid_size:15 uniform:1
27-12-2016 06:04:07:  INFO - ↑ accuracy: <0.590083> ↑

27-12-2016 06:04:07:  INFO - LBP config - range:3 neighbours:10 neighbour_shape:1 shape_evaluation:1
27-12-2016 06:04:07:  INFO - HIST config - grid_size:15 uniform:1
27-12-2016 06:09:48:  INFO - ↑ accuracy: <0.535537> ↑

27-12-2016 06:09:48:  INFO - LBP config - range:3 neighbours:10 neighbour_shape:2 shape_evaluation:1
27-12-2016 06:09:48:  INFO - HIST config - grid_size:15 uniform:1
27-12-2016 06:15:28:  INFO - ↑ accuracy: <0.608264> ↑

27-12-2016 06:15:28:  INFO - LBP config - range:3 neighbours:10 neighbour_shape:3 shape_evaluation:1
27-12-2016 06:15:28:  INFO - HIST config - grid_size:15 uniform:1
27-12-2016 06:21:39:  INFO - ↑ accuracy: <0.619835> ↑

27-12-2016 06:21:39:  INFO - LBP config - range:3 neighbours:10 neighbour_shape:4 shape_evaluation:1
27-12-2016 06:21:39:  INFO - HIST config - grid_size:15 uniform:1
27-12-2016 06:27:16:  INFO - ↑ accuracy: <0.590083> ↑

27-12-2016 06:27:16:  INFO - LBP config - range:3 neighbours:10 neighbour_shape:5 shape_evaluation:1
27-12-2016 06:27:16:  INFO - HIST config - grid_size:15 uniform:1
27-12-2016 06:33:04:  INFO - ↑ accuracy: <0.616529> ↑

27-12-2016 06:33:04:  INFO - LBP config - range:3 neighbours:10 neighbour_shape:6 shape_evaluation:1
27-12-2016 06:33:04:  INFO - HIST config - grid_size:15 uniform:1
27-12-2016 06:39:20:  INFO - ↑ accuracy: <0.623140> ↑

27-12-2016 06:39:20:  INFO - LBP config - range:1 neighbours:8 neighbour_shape:1 shape_evaluation:1
27-12-2016 06:39:20:  INFO - HIST config - grid_size:16 uniform:1
27-12-2016 06:43:55:  INFO - ↑ accuracy: <0.442975> ↑

27-12-2016 06:43:55:  INFO - LBP config - range:1 neighbours:8 neighbour_shape:2 shape_evaluation:1
27-12-2016 06:43:55:  INFO - HIST config - grid_size:16 uniform:1
27-12-2016 06:48:40:  INFO - ↑ accuracy: <0.523967> ↑

27-12-2016 06:48:40:  INFO - LBP config - range:1 neighbours:8 neighbour_shape:3 shape_evaluation:1
27-12-2016 06:48:40:  INFO - HIST config - grid_size:16 uniform:1
27-12-2016 06:53:46:  INFO - ↑ accuracy: <0.535537> ↑

27-12-2016 06:53:46:  INFO - LBP config - range:1 neighbours:8 neighbour_shape:4 shape_evaluation:1
27-12-2016 06:53:46:  INFO - HIST config - grid_size:16 uniform:1
27-12-2016 06:58:32:  INFO - ↑ accuracy: <0.515702> ↑

27-12-2016 06:58:33:  INFO - LBP config - range:1 neighbours:8 neighbour_shape:5 shape_evaluation:1
27-12-2016 06:58:33:  INFO - HIST config - grid_size:16 uniform:1
27-12-2016 07:03:32:  INFO - ↑ accuracy: <0.540496> ↑

27-12-2016 07:03:32:  INFO - LBP config - range:1 neighbours:8 neighbour_shape:6 shape_evaluation:1
27-12-2016 07:03:32:  INFO - HIST config - grid_size:16 uniform:1
27-12-2016 07:08:44:  INFO - ↑ accuracy: <0.530579> ↑

27-12-2016 07:08:44:  INFO - LBP config - range:2 neighbours:8 neighbour_shape:1 shape_evaluation:1
27-12-2016 07:08:44:  INFO - HIST config - grid_size:16 uniform:1
27-12-2016 07:13:19:  INFO - ↑ accuracy: <0.492562> ↑

27-12-2016 07:13:19:  INFO - LBP config - range:2 neighbours:8 neighbour_shape:2 shape_evaluation:1
27-12-2016 07:13:19:  INFO - HIST config - grid_size:16 uniform:1
27-12-2016 07:18:15:  INFO - ↑ accuracy: <0.560331> ↑

27-12-2016 07:18:15:  INFO - LBP config - range:2 neighbours:8 neighbour_shape:3 shape_evaluation:1
27-12-2016 07:18:15:  INFO - HIST config - grid_size:16 uniform:1
27-12-2016 07:23:30:  INFO - ↑ accuracy: <0.548760> ↑

27-12-2016 07:23:30:  INFO - LBP config - range:2 neighbours:8 neighbour_shape:4 shape_evaluation:1
27-12-2016 07:23:30:  INFO - HIST config - grid_size:16 uniform:1
27-12-2016 07:28:14:  INFO - ↑ accuracy: <0.538843> ↑

27-12-2016 07:28:14:  INFO - LBP config - range:2 neighbours:8 neighbour_shape:5 shape_evaluation:1
27-12-2016 07:28:14:  INFO - HIST config - grid_size:16 uniform:1
27-12-2016 07:33:10:  INFO - ↑ accuracy: <0.553719> ↑

27-12-2016 07:33:10:  INFO - LBP config - range:2 neighbours:8 neighbour_shape:6 shape_evaluation:1
27-12-2016 07:33:10:  INFO - HIST config - grid_size:16 uniform:1
27-12-2016 07:38:23:  INFO - ↑ accuracy: <0.570248> ↑

27-12-2016 07:38:23:  INFO - LBP config - range:3 neighbours:8 neighbour_shape:1 shape_evaluation:1
27-12-2016 07:38:23:  INFO - HIST config - grid_size:16 uniform:1
27-12-2016 07:43:03:  INFO - ↑ accuracy: <0.552066> ↑

27-12-2016 07:43:03:  INFO - LBP config - range:3 neighbours:8 neighbour_shape:2 shape_evaluation:1
27-12-2016 07:43:03:  INFO - HIST config - grid_size:16 uniform:1
27-12-2016 07:47:52:  INFO - ↑ accuracy: <0.596694> ↑

27-12-2016 07:47:52:  INFO - LBP config - range:3 neighbours:8 neighbour_shape:3 shape_evaluation:1
27-12-2016 07:47:52:  INFO - HIST config - grid_size:16 uniform:1
27-12-2016 07:53:02:  INFO - ↑ accuracy: <0.604959> ↑

27-12-2016 07:53:02:  INFO - LBP config - range:3 neighbours:8 neighbour_shape:4 shape_evaluation:1
27-12-2016 07:53:02:  INFO - HIST config - grid_size:16 uniform:1
27-12-2016 07:57:48:  INFO - ↑ accuracy: <0.588430> ↑

27-12-2016 07:57:48:  INFO - LBP config - range:3 neighbours:8 neighbour_shape:5 shape_evaluation:1
27-12-2016 07:57:48:  INFO - HIST config - grid_size:16 uniform:1
27-12-2016 08:02:36:  INFO - ↑ accuracy: <0.590083> ↑

27-12-2016 08:02:36:  INFO - LBP config - range:3 neighbours:8 neighbour_shape:6 shape_evaluation:1
27-12-2016 08:02:36:  INFO - HIST config - grid_size:16 uniform:1
27-12-2016 08:07:41:  INFO - ↑ accuracy: <0.603306> ↑

27-12-2016 08:07:41:  INFO - LBP config - range:1 neighbours:9 neighbour_shape:1 shape_evaluation:1
27-12-2016 08:07:41:  INFO - HIST config - grid_size:16 uniform:1
27-12-2016 08:13:05:  INFO - ↑ accuracy: <0.466116> ↑

27-12-2016 08:13:05:  INFO - LBP config - range:1 neighbours:9 neighbour_shape:2 shape_evaluation:1
27-12-2016 08:13:05:  INFO - HIST config - grid_size:16 uniform:1
27-12-2016 08:18:39:  INFO - ↑ accuracy: <0.528926> ↑

27-12-2016 08:18:39:  INFO - LBP config - range:1 neighbours:9 neighbour_shape:3 shape_evaluation:1
27-12-2016 08:18:39:  INFO - HIST config - grid_size:16 uniform:1
27-12-2016 08:24:45:  INFO - ↑ accuracy: <0.528926> ↑

27-12-2016 08:24:45:  INFO - LBP config - range:1 neighbours:9 neighbour_shape:4 shape_evaluation:1
27-12-2016 08:24:45:  INFO - HIST config - grid_size:16 uniform:1
27-12-2016 08:30:18:  INFO - ↑ accuracy: <0.520661> ↑

27-12-2016 08:30:18:  INFO - LBP config - range:1 neighbours:9 neighbour_shape:5 shape_evaluation:1
27-12-2016 08:30:18:  INFO - HIST config - grid_size:16 uniform:1
27-12-2016 08:35:58:  INFO - ↑ accuracy: <0.532231> ↑

27-12-2016 08:35:58:  INFO - LBP config - range:1 neighbours:9 neighbour_shape:6 shape_evaluation:1
27-12-2016 08:35:58:  INFO - HIST config - grid_size:16 uniform:1
27-12-2016 08:41:52:  INFO - ↑ accuracy: <0.525620> ↑

27-12-2016 08:41:52:  INFO - LBP config - range:2 neighbours:9 neighbour_shape:1 shape_evaluation:1
27-12-2016 08:41:52:  INFO - HIST config - grid_size:16 uniform:1
27-12-2016 08:47:12:  INFO - ↑ accuracy: <0.500826> ↑

27-12-2016 08:47:12:  INFO - LBP config - range:2 neighbours:9 neighbour_shape:2 shape_evaluation:1
27-12-2016 08:47:12:  INFO - HIST config - grid_size:16 uniform:1
27-12-2016 08:52:49:  INFO - ↑ accuracy: <0.578512> ↑

27-12-2016 08:52:49:  INFO - LBP config - range:2 neighbours:9 neighbour_shape:3 shape_evaluation:1
27-12-2016 08:52:49:  INFO - HIST config - grid_size:16 uniform:1
27-12-2016 08:58:58:  INFO - ↑ accuracy: <0.578512> ↑

27-12-2016 08:58:58:  INFO - LBP config - range:2 neighbours:9 neighbour_shape:4 shape_evaluation:1
27-12-2016 08:58:58:  INFO - HIST config - grid_size:16 uniform:1
27-12-2016 09:04:35:  INFO - ↑ accuracy: <0.561983> ↑

27-12-2016 09:04:35:  INFO - LBP config - range:2 neighbours:9 neighbour_shape:5 shape_evaluation:1
27-12-2016 09:04:35:  INFO - HIST config - grid_size:16 uniform:1
27-12-2016 09:10:09:  INFO - ↑ accuracy: <0.585124> ↑

27-12-2016 09:10:09:  INFO - LBP config - range:2 neighbours:9 neighbour_shape:6 shape_evaluation:1
27-12-2016 09:10:09:  INFO - HIST config - grid_size:16 uniform:1
27-12-2016 09:16:18:  INFO - ↑ accuracy: <0.568595> ↑

27-12-2016 09:16:18:  INFO - LBP config - range:3 neighbours:9 neighbour_shape:1 shape_evaluation:1
27-12-2016 09:16:18:  INFO - HIST config - grid_size:16 uniform:1
27-12-2016 09:21:36:  INFO - ↑ accuracy: <0.543802> ↑

27-12-2016 09:21:36:  INFO - LBP config - range:3 neighbours:9 neighbour_shape:2 shape_evaluation:1
27-12-2016 09:21:36:  INFO - HIST config - grid_size:16 uniform:1
27-12-2016 09:27:10:  INFO - ↑ accuracy: <0.603306> ↑

27-12-2016 09:27:10:  INFO - LBP config - range:3 neighbours:9 neighbour_shape:3 shape_evaluation:1
27-12-2016 09:27:10:  INFO - HIST config - grid_size:16 uniform:1
27-12-2016 09:33:16:  INFO - ↑ accuracy: <0.596694> ↑

27-12-2016 09:33:16:  INFO - LBP config - range:3 neighbours:9 neighbour_shape:4 shape_evaluation:1
27-12-2016 09:33:16:  INFO - HIST config - grid_size:16 uniform:1
27-12-2016 09:38:48:  INFO - ↑ accuracy: <0.583471> ↑

27-12-2016 09:38:48:  INFO - LBP config - range:3 neighbours:9 neighbour_shape:5 shape_evaluation:1
27-12-2016 09:38:48:  INFO - HIST config - grid_size:16 uniform:1
27-12-2016 09:44:23:  INFO - ↑ accuracy: <0.601653> ↑

27-12-2016 09:44:23:  INFO - LBP config - range:3 neighbours:9 neighbour_shape:6 shape_evaluation:1
27-12-2016 09:44:23:  INFO - HIST config - grid_size:16 uniform:1
27-12-2016 09:50:31:  INFO - ↑ accuracy: <0.608264> ↑

27-12-2016 09:50:31:  INFO - LBP config - range:1 neighbours:10 neighbour_shape:1 shape_evaluation:1
27-12-2016 09:50:31:  INFO - HIST config - grid_size:16 uniform:1
27-12-2016 09:56:50:  INFO - ↑ accuracy: <0.442975> ↑

27-12-2016 09:56:50:  INFO - LBP config - range:1 neighbours:10 neighbour_shape:2 shape_evaluation:1
27-12-2016 09:56:50:  INFO - HIST config - grid_size:16 uniform:1
27-12-2016 10:03:08:  INFO - ↑ accuracy: <0.523967> ↑

27-12-2016 10:03:08:  INFO - LBP config - range:1 neighbours:10 neighbour_shape:3 shape_evaluation:1
27-12-2016 10:03:08:  INFO - HIST config - grid_size:16 uniform:1
27-12-2016 10:10:03:  INFO - ↑ accuracy: <0.535537> ↑

27-12-2016 10:10:03:  INFO - LBP config - range:1 neighbours:10 neighbour_shape:4 shape_evaluation:1
27-12-2016 10:10:03:  INFO - HIST config - grid_size:16 uniform:1
27-12-2016 10:16:34:  INFO - ↑ accuracy: <0.515702> ↑

27-12-2016 10:16:34:  INFO - LBP config - range:1 neighbours:10 neighbour_shape:5 shape_evaluation:1
27-12-2016 10:16:34:  INFO - HIST config - grid_size:16 uniform:1
27-12-2016 10:23:00:  INFO - ↑ accuracy: <0.540496> ↑

27-12-2016 10:23:00:  INFO - LBP config - range:1 neighbours:10 neighbour_shape:6 shape_evaluation:1
27-12-2016 10:23:00:  INFO - HIST config - grid_size:16 uniform:1
27-12-2016 10:30:04:  INFO - ↑ accuracy: <0.530579> ↑

27-12-2016 10:30:04:  INFO - LBP config - range:2 neighbours:10 neighbour_shape:1 shape_evaluation:1
27-12-2016 10:30:04:  INFO - HIST config - grid_size:16 uniform:1
27-12-2016 10:36:17:  INFO - ↑ accuracy: <0.480992> ↑

27-12-2016 10:36:17:  INFO - LBP config - range:2 neighbours:10 neighbour_shape:2 shape_evaluation:1
27-12-2016 10:36:17:  INFO - HIST config - grid_size:16 uniform:1
27-12-2016 10:42:35:  INFO - ↑ accuracy: <0.565289> ↑

27-12-2016 10:42:35:  INFO - LBP config - range:2 neighbours:10 neighbour_shape:3 shape_evaluation:1
27-12-2016 10:42:35:  INFO - HIST config - grid_size:16 uniform:1
27-12-2016 10:49:32:  INFO - ↑ accuracy: <0.578512> ↑

27-12-2016 10:49:32:  INFO - LBP config - range:2 neighbours:10 neighbour_shape:4 shape_evaluation:1
27-12-2016 10:49:32:  INFO - HIST config - grid_size:16 uniform:1
27-12-2016 10:56:02:  INFO - ↑ accuracy: <0.550413> ↑

27-12-2016 10:56:02:  INFO - LBP config - range:2 neighbours:10 neighbour_shape:5 shape_evaluation:1
27-12-2016 10:56:02:  INFO - HIST config - grid_size:16 uniform:1
27-12-2016 11:02:29:  INFO - ↑ accuracy: <0.566942> ↑

27-12-2016 11:02:29:  INFO - LBP config - range:2 neighbours:10 neighbour_shape:6 shape_evaluation:1
27-12-2016 11:02:29:  INFO - HIST config - grid_size:16 uniform:1
27-12-2016 11:09:21:  INFO - ↑ accuracy: <0.581818> ↑

27-12-2016 11:09:21:  INFO - LBP config - range:3 neighbours:10 neighbour_shape:1 shape_evaluation:1
27-12-2016 11:09:21:  INFO - HIST config - grid_size:16 uniform:1
27-12-2016 11:15:33:  INFO - ↑ accuracy: <0.535537> ↑

27-12-2016 11:15:33:  INFO - LBP config - range:3 neighbours:10 neighbour_shape:2 shape_evaluation:1
27-12-2016 11:15:33:  INFO - HIST config - grid_size:16 uniform:1
27-12-2016 11:21:55:  INFO - ↑ accuracy: <0.588430> ↑

27-12-2016 11:21:55:  INFO - LBP config - range:3 neighbours:10 neighbour_shape:3 shape_evaluation:1
27-12-2016 11:21:55:  INFO - HIST config - grid_size:16 uniform:1
27-12-2016 11:29:00:  INFO - ↑ accuracy: <0.598347> ↑

27-12-2016 11:29:00:  INFO - LBP config - range:3 neighbours:10 neighbour_shape:4 shape_evaluation:1
27-12-2016 11:29:00:  INFO - HIST config - grid_size:16 uniform:1
27-12-2016 11:35:24:  INFO - ↑ accuracy: <0.571901> ↑

27-12-2016 11:35:24:  INFO - LBP config - range:3 neighbours:10 neighbour_shape:5 shape_evaluation:1
27-12-2016 11:35:24:  INFO - HIST config - grid_size:16 uniform:1
27-12-2016 11:41:50:  INFO - ↑ accuracy: <0.590083> ↑

27-12-2016 11:41:50:  INFO - LBP config - range:3 neighbours:10 neighbour_shape:6 shape_evaluation:1
27-12-2016 11:41:50:  INFO - HIST config - grid_size:16 uniform:1
27-12-2016 11:48:54:  INFO - ↑ accuracy: <0.595041> ↑

27-12-2016 11:48:54:  INFO - Application ended correctly...
