14-01-2017 15:50:18:  INFO - Application started in [JOB MODE]
14-01-2017 15:50:18:  INFO - ------ config ------

				data_config:[test_folder:test/, train_folder:train/]
				preprocessing_config:[equalize_hist:0, gaussina_blur:0]
				classification_threads:8
				comparison_method:INTERSECTION

14-01-2017 15:50:18:  INFO - LBP config - range:4 neighbours:8 neighbour_shape:5 shape_evaluation:1
14-01-2017 15:50:18:  INFO - HIST config - grid_size:8 uniform:1
14-01-2017 15:51:51:  INFO - ↑ accuracy: <0.611570> ↑

14-01-2017 15:51:51:  INFO - LBP config - range:4 neighbours:8 neighbour_shape:6 shape_evaluation:1
14-01-2017 15:51:51:  INFO - HIST config - grid_size:8 uniform:1
14-01-2017 15:53:43:  INFO - ↑ accuracy: <0.604959> ↑

14-01-2017 15:53:43:  INFO - LBP config - range:5 neighbours:8 neighbour_shape:5 shape_evaluation:1
14-01-2017 15:53:43:  INFO - HIST config - grid_size:8 uniform:1
14-01-2017 15:55:16:  INFO - ↑ accuracy: <0.606612> ↑

14-01-2017 15:55:16:  INFO - LBP config - range:5 neighbours:8 neighbour_shape:6 shape_evaluation:1
14-01-2017 15:55:16:  INFO - HIST config - grid_size:8 uniform:1
14-01-2017 15:57:12:  INFO - ↑ accuracy: <0.608264> ↑

14-01-2017 15:57:12:  INFO - LBP config - range:4 neighbours:9 neighbour_shape:5 shape_evaluation:1
14-01-2017 15:57:12:  INFO - HIST config - grid_size:8 uniform:1
14-01-2017 15:59:01:  INFO - ↑ accuracy: <0.611570> ↑

14-01-2017 15:59:01:  INFO - LBP config - range:4 neighbours:9 neighbour_shape:6 shape_evaluation:1
14-01-2017 15:59:01:  INFO - HIST config - grid_size:8 uniform:1
14-01-2017 16:01:13:  INFO - ↑ accuracy: <0.619835> ↑

14-01-2017 16:01:13:  INFO - LBP config - range:5 neighbours:9 neighbour_shape:5 shape_evaluation:1
14-01-2017 16:01:13:  INFO - HIST config - grid_size:8 uniform:1
14-01-2017 16:02:59:  INFO - ↑ accuracy: <0.593388> ↑

14-01-2017 16:02:59:  INFO - LBP config - range:5 neighbours:9 neighbour_shape:6 shape_evaluation:1
14-01-2017 16:02:59:  INFO - HIST config - grid_size:8 uniform:1
14-01-2017 16:05:09:  INFO - ↑ accuracy: <0.608264> ↑

14-01-2017 16:05:09:  INFO - LBP config - range:4 neighbours:10 neighbour_shape:5 shape_evaluation:1
14-01-2017 16:05:09:  INFO - HIST config - grid_size:8 uniform:1
14-01-2017 16:07:14:  INFO - ↑ accuracy: <0.609917> ↑

14-01-2017 16:07:14:  INFO - LBP config - range:4 neighbours:10 neighbour_shape:6 shape_evaluation:1
14-01-2017 16:07:14:  INFO - HIST config - grid_size:8 uniform:1
14-01-2017 16:09:43:  INFO - ↑ accuracy: <0.623140> ↑

14-01-2017 16:09:43:  INFO - LBP config - range:5 neighbours:10 neighbour_shape:5 shape_evaluation:1
14-01-2017 16:09:43:  INFO - HIST config - grid_size:8 uniform:1
14-01-2017 16:11:50:  INFO - ↑ accuracy: <0.609917> ↑

14-01-2017 16:11:50:  INFO - LBP config - range:5 neighbours:10 neighbour_shape:6 shape_evaluation:1
14-01-2017 16:11:50:  INFO - HIST config - grid_size:8 uniform:1
14-01-2017 16:14:17:  INFO - ↑ accuracy: <0.609917> ↑

14-01-2017 16:14:17:  INFO - LBP config - range:4 neighbours:11 neighbour_shape:5 shape_evaluation:1
14-01-2017 16:14:17:  INFO - HIST config - grid_size:8 uniform:1
14-01-2017 16:16:36:  INFO - ↑ accuracy: <0.604959> ↑

14-01-2017 16:16:36:  INFO - LBP config - range:4 neighbours:11 neighbour_shape:6 shape_evaluation:1
14-01-2017 16:16:36:  INFO - HIST config - grid_size:8 uniform:1
14-01-2017 16:19:23:  INFO - ↑ accuracy: <0.618182> ↑

14-01-2017 16:19:23:  INFO - LBP config - range:5 neighbours:11 neighbour_shape:5 shape_evaluation:1
14-01-2017 16:19:23:  INFO - HIST config - grid_size:8 uniform:1
14-01-2017 16:21:39:  INFO - ↑ accuracy: <0.606612> ↑

14-01-2017 16:21:39:  INFO - LBP config - range:5 neighbours:11 neighbour_shape:6 shape_evaluation:1
14-01-2017 16:21:39:  INFO - HIST config - grid_size:8 uniform:1
14-01-2017 16:24:29:  INFO - ↑ accuracy: <0.614876> ↑

14-01-2017 16:24:29:  INFO - LBP config - range:4 neighbours:12 neighbour_shape:5 shape_evaluation:1
14-01-2017 16:24:29:  INFO - HIST config - grid_size:8 uniform:1
14-01-2017 16:27:05:  INFO - ↑ accuracy: <0.604959> ↑

14-01-2017 16:27:05:  INFO - LBP config - range:4 neighbours:12 neighbour_shape:6 shape_evaluation:1
14-01-2017 16:27:05:  INFO - HIST config - grid_size:8 uniform:1
14-01-2017 16:30:22:  INFO - ↑ accuracy: <0.603306> ↑

14-01-2017 16:30:22:  INFO - LBP config - range:5 neighbours:12 neighbour_shape:5 shape_evaluation:1
14-01-2017 16:30:22:  INFO - HIST config - grid_size:8 uniform:1
14-01-2017 16:33:03:  INFO - ↑ accuracy: <0.603306> ↑

14-01-2017 16:33:03:  INFO - LBP config - range:5 neighbours:12 neighbour_shape:6 shape_evaluation:1
14-01-2017 16:33:03:  INFO - HIST config - grid_size:8 uniform:1
14-01-2017 16:36:16:  INFO - ↑ accuracy: <0.614876> ↑

14-01-2017 16:36:16:  INFO - LBP config - range:4 neighbours:13 neighbour_shape:5 shape_evaluation:1
14-01-2017 16:36:16:  INFO - HIST config - grid_size:8 uniform:1
14-01-2017 16:39:14:  INFO - ↑ accuracy: <0.601653> ↑

14-01-2017 16:39:14:  INFO - LBP config - range:4 neighbours:13 neighbour_shape:6 shape_evaluation:1
14-01-2017 16:39:14:  INFO - HIST config - grid_size:8 uniform:1
14-01-2017 16:42:47:  INFO - ↑ accuracy: <0.618182> ↑

14-01-2017 16:42:47:  INFO - LBP config - range:5 neighbours:13 neighbour_shape:5 shape_evaluation:1
14-01-2017 16:42:47:  INFO - HIST config - grid_size:8 uniform:1
14-01-2017 16:45:45:  INFO - ↑ accuracy: <0.606612> ↑

14-01-2017 16:45:45:  INFO - LBP config - range:5 neighbours:13 neighbour_shape:6 shape_evaluation:1
14-01-2017 16:45:45:  INFO - HIST config - grid_size:8 uniform:1
14-01-2017 16:49:19:  INFO - ↑ accuracy: <0.614876> ↑

14-01-2017 16:49:19:  INFO - LBP config - range:4 neighbours:14 neighbour_shape:5 shape_evaluation:1
14-01-2017 16:49:19:  INFO - HIST config - grid_size:8 uniform:1
14-01-2017 16:52:44:  INFO - ↑ accuracy: <0.613223> ↑

14-01-2017 16:52:44:  INFO - LBP config - range:4 neighbours:14 neighbour_shape:6 shape_evaluation:1
14-01-2017 16:52:44:  INFO - HIST config - grid_size:8 uniform:1
14-01-2017 16:56:49:  INFO - ↑ accuracy: <0.611570> ↑

14-01-2017 16:56:49:  INFO - LBP config - range:5 neighbours:14 neighbour_shape:5 shape_evaluation:1
14-01-2017 16:56:49:  INFO - HIST config - grid_size:8 uniform:1
14-01-2017 17:00:11:  INFO - ↑ accuracy: <0.611570> ↑

14-01-2017 17:00:11:  INFO - LBP config - range:5 neighbours:14 neighbour_shape:6 shape_evaluation:1
14-01-2017 17:00:11:  INFO - HIST config - grid_size:8 uniform:1
14-01-2017 17:04:12:  INFO - ↑ accuracy: <0.619835> ↑

14-01-2017 17:04:12:  INFO - LBP config - range:4 neighbours:15 neighbour_shape:5 shape_evaluation:1
14-01-2017 17:04:12:  INFO - HIST config - grid_size:8 uniform:1
14-01-2017 17:08:04:  INFO - ↑ accuracy: <0.600000> ↑

14-01-2017 17:08:05:  INFO - LBP config - range:4 neighbours:15 neighbour_shape:6 shape_evaluation:1
14-01-2017 17:08:05:  INFO - HIST config - grid_size:8 uniform:1
14-01-2017 17:12:34:  INFO - ↑ accuracy: <0.613223> ↑

14-01-2017 17:12:34:  INFO - LBP config - range:5 neighbours:15 neighbour_shape:5 shape_evaluation:1
14-01-2017 17:12:34:  INFO - HIST config - grid_size:8 uniform:1
14-01-2017 17:16:19:  INFO - ↑ accuracy: <0.608264> ↑

14-01-2017 17:16:19:  INFO - LBP config - range:5 neighbours:15 neighbour_shape:6 shape_evaluation:1
14-01-2017 17:16:19:  INFO - HIST config - grid_size:8 uniform:1
14-01-2017 17:20:42:  INFO - ↑ accuracy: <0.611570> ↑

14-01-2017 17:20:42:  INFO - LBP config - range:4 neighbours:16 neighbour_shape:5 shape_evaluation:1
14-01-2017 17:20:42:  INFO - HIST config - grid_size:8 uniform:1
14-01-2017 17:24:54:  INFO - ↑ accuracy: <0.601653> ↑

14-01-2017 17:24:54:  INFO - LBP config - range:4 neighbours:16 neighbour_shape:6 shape_evaluation:1
14-01-2017 17:24:54:  INFO - HIST config - grid_size:8 uniform:1
14-01-2017 17:29:52:  INFO - ↑ accuracy: <0.609917> ↑

14-01-2017 17:29:52:  INFO - LBP config - range:5 neighbours:16 neighbour_shape:5 shape_evaluation:1
14-01-2017 17:29:52:  INFO - HIST config - grid_size:8 uniform:1
14-01-2017 17:34:03:  INFO - ↑ accuracy: <0.593388> ↑

14-01-2017 17:34:03:  INFO - LBP config - range:5 neighbours:16 neighbour_shape:6 shape_evaluation:1
14-01-2017 17:34:03:  INFO - HIST config - grid_size:8 uniform:1
14-01-2017 17:38:59:  INFO - ↑ accuracy: <0.613223> ↑

14-01-2017 17:38:59:  INFO - LBP config - range:4 neighbours:8 neighbour_shape:5 shape_evaluation:1
14-01-2017 17:38:59:  INFO - HIST config - grid_size:9 uniform:1
14-01-2017 17:40:49:  INFO - ↑ accuracy: <0.608264> ↑

14-01-2017 17:40:49:  INFO - LBP config - range:4 neighbours:8 neighbour_shape:6 shape_evaluation:1
14-01-2017 17:40:49:  INFO - HIST config - grid_size:9 uniform:1
14-01-2017 17:43:02:  INFO - ↑ accuracy: <0.624793> ↑

14-01-2017 17:43:02:  INFO - LBP config - range:5 neighbours:8 neighbour_shape:5 shape_evaluation:1
14-01-2017 17:43:02:  INFO - HIST config - grid_size:9 uniform:1
14-01-2017 17:44:49:  INFO - ↑ accuracy: <0.619835> ↑

14-01-2017 17:44:49:  INFO - LBP config - range:5 neighbours:8 neighbour_shape:6 shape_evaluation:1
14-01-2017 17:44:49:  INFO - HIST config - grid_size:9 uniform:1
14-01-2017 17:47:00:  INFO - ↑ accuracy: <0.626446> ↑

14-01-2017 17:47:00:  INFO - LBP config - range:4 neighbours:9 neighbour_shape:5 shape_evaluation:1
14-01-2017 17:47:00:  INFO - HIST config - grid_size:9 uniform:1
14-01-2017 17:49:03:  INFO - ↑ accuracy: <0.601653> ↑

14-01-2017 17:49:03:  INFO - LBP config - range:4 neighbours:9 neighbour_shape:6 shape_evaluation:1
14-01-2017 17:49:03:  INFO - HIST config - grid_size:9 uniform:1
14-01-2017 17:51:29:  INFO - ↑ accuracy: <0.609917> ↑

14-01-2017 17:51:29:  INFO - LBP config - range:5 neighbours:9 neighbour_shape:5 shape_evaluation:1
14-01-2017 17:51:29:  INFO - HIST config - grid_size:9 uniform:1
14-01-2017 17:53:32:  INFO - ↑ accuracy: <0.616529> ↑

14-01-2017 17:53:32:  INFO - LBP config - range:5 neighbours:9 neighbour_shape:6 shape_evaluation:1
14-01-2017 17:53:32:  INFO - HIST config - grid_size:9 uniform:1
14-01-2017 17:56:01:  INFO - ↑ accuracy: <0.624793> ↑

14-01-2017 17:56:01:  INFO - LBP config - range:4 neighbours:10 neighbour_shape:5 shape_evaluation:1
14-01-2017 17:56:01:  INFO - HIST config - grid_size:9 uniform:1
14-01-2017 17:58:24:  INFO - ↑ accuracy: <0.611570> ↑

14-01-2017 17:58:24:  INFO - LBP config - range:4 neighbours:10 neighbour_shape:6 shape_evaluation:1
14-01-2017 17:58:24:  INFO - HIST config - grid_size:9 uniform:1
14-01-2017 18:01:13:  INFO - ↑ accuracy: <0.623140> ↑

14-01-2017 18:01:13:  INFO - LBP config - range:5 neighbours:10 neighbour_shape:5 shape_evaluation:1
14-01-2017 18:01:13:  INFO - HIST config - grid_size:9 uniform:1
14-01-2017 18:03:35:  INFO - ↑ accuracy: <0.613223> ↑

14-01-2017 18:03:35:  INFO - LBP config - range:5 neighbours:10 neighbour_shape:6 shape_evaluation:1
14-01-2017 18:03:35:  INFO - HIST config - grid_size:9 uniform:1
14-01-2017 18:06:22:  INFO - ↑ accuracy: <0.624793> ↑

14-01-2017 18:06:22:  INFO - LBP config - range:4 neighbours:11 neighbour_shape:5 shape_evaluation:1
14-01-2017 18:06:22:  INFO - HIST config - grid_size:9 uniform:1
14-01-2017 18:09:08:  INFO - ↑ accuracy: <0.611570> ↑

14-01-2017 18:09:08:  INFO - LBP config - range:4 neighbours:11 neighbour_shape:6 shape_evaluation:1
14-01-2017 18:09:08:  INFO - HIST config - grid_size:9 uniform:1
14-01-2017 18:12:30:  INFO - ↑ accuracy: <0.619835> ↑

14-01-2017 18:12:30:  INFO - LBP config - range:5 neighbours:11 neighbour_shape:5 shape_evaluation:1
14-01-2017 18:12:30:  INFO - HIST config - grid_size:9 uniform:1
14-01-2017 18:15:17:  INFO - ↑ accuracy: <0.614876> ↑

14-01-2017 18:15:18:  INFO - LBP config - range:5 neighbours:11 neighbour_shape:6 shape_evaluation:1
14-01-2017 18:15:18:  INFO - HIST config - grid_size:9 uniform:1
14-01-2017 18:18:36:  INFO - ↑ accuracy: <0.619835> ↑

14-01-2017 18:18:36:  INFO - LBP config - range:4 neighbours:12 neighbour_shape:5 shape_evaluation:1
14-01-2017 18:18:36:  INFO - HIST config - grid_size:9 uniform:1
14-01-2017 18:21:47:  INFO - ↑ accuracy: <0.606612> ↑

14-01-2017 18:21:47:  INFO - LBP config - range:4 neighbours:12 neighbour_shape:6 shape_evaluation:1
14-01-2017 18:21:47:  INFO - HIST config - grid_size:9 uniform:1
14-01-2017 18:25:34:  INFO - ↑ accuracy: <0.613223> ↑

14-01-2017 18:25:34:  INFO - LBP config - range:5 neighbours:12 neighbour_shape:5 shape_evaluation:1
14-01-2017 18:25:34:  INFO - HIST config - grid_size:9 uniform:1
14-01-2017 18:28:46:  INFO - ↑ accuracy: <0.611570> ↑

14-01-2017 18:28:46:  INFO - LBP config - range:5 neighbours:12 neighbour_shape:6 shape_evaluation:1
14-01-2017 18:28:46:  INFO - HIST config - grid_size:9 uniform:1
14-01-2017 18:32:32:  INFO - ↑ accuracy: <0.613223> ↑

14-01-2017 18:32:32:  INFO - LBP config - range:4 neighbours:13 neighbour_shape:5 shape_evaluation:1
14-01-2017 18:32:32:  INFO - HIST config - grid_size:9 uniform:1
14-01-2017 18:36:10:  INFO - ↑ accuracy: <0.595041> ↑

14-01-2017 18:36:10:  INFO - LBP config - range:4 neighbours:13 neighbour_shape:6 shape_evaluation:1
14-01-2017 18:36:10:  INFO - HIST config - grid_size:9 uniform:1
14-01-2017 18:40:26:  INFO - ↑ accuracy: <0.613223> ↑

14-01-2017 18:40:26:  INFO - LBP config - range:5 neighbours:13 neighbour_shape:5 shape_evaluation:1
14-01-2017 18:40:26:  INFO - HIST config - grid_size:9 uniform:1
14-01-2017 18:44:01:  INFO - ↑ accuracy: <0.603306> ↑

14-01-2017 18:44:01:  INFO - LBP config - range:5 neighbours:13 neighbour_shape:6 shape_evaluation:1
14-01-2017 18:44:01:  INFO - HIST config - grid_size:9 uniform:1
14-01-2017 18:48:18:  INFO - ↑ accuracy: <0.626446> ↑

14-01-2017 18:48:18:  INFO - LBP config - range:4 neighbours:14 neighbour_shape:5 shape_evaluation:1
14-01-2017 18:48:18:  INFO - HIST config - grid_size:9 uniform:1
14-01-2017 18:52:25:  INFO - ↑ accuracy: <0.600000> ↑

14-01-2017 18:52:25:  INFO - LBP config - range:4 neighbours:14 neighbour_shape:6 shape_evaluation:1
14-01-2017 18:52:25:  INFO - HIST config - grid_size:9 uniform:1
14-01-2017 18:57:10:  INFO - ↑ accuracy: <0.609917> ↑

14-01-2017 18:57:10:  INFO - LBP config - range:5 neighbours:14 neighbour_shape:5 shape_evaluation:1
14-01-2017 18:57:10:  INFO - HIST config - grid_size:9 uniform:1
14-01-2017 19:01:13:  INFO - ↑ accuracy: <0.606612> ↑

14-01-2017 19:01:13:  INFO - LBP config - range:5 neighbours:14 neighbour_shape:6 shape_evaluation:1
14-01-2017 19:01:13:  INFO - HIST config - grid_size:9 uniform:1
14-01-2017 19:06:00:  INFO - ↑ accuracy: <0.633058> ↑

14-01-2017 19:06:00:  INFO - LBP config - range:4 neighbours:15 neighbour_shape:5 shape_evaluation:1
14-01-2017 19:06:00:  INFO - HIST config - grid_size:9 uniform:1
14-01-2017 19:10:42:  INFO - ↑ accuracy: <0.590083> ↑

14-01-2017 19:10:42:  INFO - LBP config - range:4 neighbours:15 neighbour_shape:6 shape_evaluation:1
14-01-2017 19:10:42:  INFO - HIST config - grid_size:9 uniform:1
14-01-2017 19:16:04:  INFO - ↑ accuracy: <0.614876> ↑

14-01-2017 19:16:04:  INFO - LBP config - range:5 neighbours:15 neighbour_shape:5 shape_evaluation:1
14-01-2017 19:16:04:  INFO - HIST config - grid_size:9 uniform:1
14-01-2017 19:20:33:  INFO - ↑ accuracy: <0.604959> ↑

14-01-2017 19:20:33:  INFO - LBP config - range:5 neighbours:15 neighbour_shape:6 shape_evaluation:1
14-01-2017 19:20:33:  INFO - HIST config - grid_size:9 uniform:1
14-01-2017 19:25:54:  INFO - ↑ accuracy: <0.624793> ↑

14-01-2017 19:25:54:  INFO - LBP config - range:4 neighbours:16 neighbour_shape:5 shape_evaluation:1
14-01-2017 19:25:54:  INFO - HIST config - grid_size:9 uniform:1
14-01-2017 19:31:00:  INFO - ↑ accuracy: <0.596694> ↑

14-01-2017 19:31:00:  INFO - LBP config - range:4 neighbours:16 neighbour_shape:6 shape_evaluation:1
14-01-2017 19:31:00:  INFO - HIST config - grid_size:9 uniform:1
14-01-2017 19:36:56:  INFO - ↑ accuracy: <0.608264> ↑

14-01-2017 19:36:56:  INFO - LBP config - range:5 neighbours:16 neighbour_shape:5 shape_evaluation:1
14-01-2017 19:36:56:  INFO - HIST config - grid_size:9 uniform:1
14-01-2017 19:42:05:  INFO - ↑ accuracy: <0.606612> ↑

14-01-2017 19:42:05:  INFO - LBP config - range:5 neighbours:16 neighbour_shape:6 shape_evaluation:1
14-01-2017 19:42:05:  INFO - HIST config - grid_size:9 uniform:1
14-01-2017 19:48:03:  INFO - ↑ accuracy: <0.619835> ↑

14-01-2017 19:48:03:  INFO - LBP config - range:4 neighbours:8 neighbour_shape:5 shape_evaluation:1
14-01-2017 19:48:03:  INFO - HIST config - grid_size:10 uniform:1
14-01-2017 19:50:09:  INFO - ↑ accuracy: <0.628099> ↑

14-01-2017 19:50:09:  INFO - LBP config - range:4 neighbours:8 neighbour_shape:6 shape_evaluation:1
14-01-2017 19:50:09:  INFO - HIST config - grid_size:10 uniform:1
14-01-2017 19:52:33:  INFO - ↑ accuracy: <0.631405> ↑

14-01-2017 19:52:33:  INFO - LBP config - range:5 neighbours:8 neighbour_shape:5 shape_evaluation:1
14-01-2017 19:52:33:  INFO - HIST config - grid_size:10 uniform:1
14-01-2017 19:54:37:  INFO - ↑ accuracy: <0.631405> ↑

14-01-2017 19:54:37:  INFO - LBP config - range:5 neighbours:8 neighbour_shape:6 shape_evaluation:1
14-01-2017 19:54:37:  INFO - HIST config - grid_size:10 uniform:1
14-01-2017 19:57:06:  INFO - ↑ accuracy: <0.624793> ↑

14-01-2017 19:57:06:  INFO - LBP config - range:4 neighbours:9 neighbour_shape:5 shape_evaluation:1
14-01-2017 19:57:06:  INFO - HIST config - grid_size:10 uniform:1
14-01-2017 19:59:34:  INFO - ↑ accuracy: <0.624793> ↑

14-01-2017 19:59:34:  INFO - LBP config - range:4 neighbours:9 neighbour_shape:6 shape_evaluation:1
14-01-2017 19:59:34:  INFO - HIST config - grid_size:10 uniform:1
14-01-2017 20:02:30:  INFO - ↑ accuracy: <0.634711> ↑

14-01-2017 20:02:30:  INFO - LBP config - range:5 neighbours:9 neighbour_shape:5 shape_evaluation:1
14-01-2017 20:02:30:  INFO - HIST config - grid_size:10 uniform:1
14-01-2017 20:04:59:  INFO - ↑ accuracy: <0.629752> ↑

14-01-2017 20:04:59:  INFO - LBP config - range:5 neighbours:9 neighbour_shape:6 shape_evaluation:1
14-01-2017 20:04:59:  INFO - HIST config - grid_size:10 uniform:1
14-01-2017 20:07:54:  INFO - ↑ accuracy: <0.638017> ↑

14-01-2017 20:07:54:  INFO - LBP config - range:4 neighbours:10 neighbour_shape:5 shape_evaluation:1
14-01-2017 20:07:54:  INFO - HIST config - grid_size:10 uniform:1
14-01-2017 20:10:47:  INFO - ↑ accuracy: <0.624793> ↑

14-01-2017 20:10:47:  INFO - LBP config - range:4 neighbours:10 neighbour_shape:6 shape_evaluation:1
14-01-2017 20:10:47:  INFO - HIST config - grid_size:10 uniform:1
14-01-2017 20:14:07:  INFO - ↑ accuracy: <0.634711> ↑

14-01-2017 20:14:07:  INFO - LBP config - range:5 neighbours:10 neighbour_shape:5 shape_evaluation:1
14-01-2017 20:14:07:  INFO - HIST config - grid_size:10 uniform:1
14-01-2017 20:17:06:  INFO - ↑ accuracy: <0.629752> ↑

14-01-2017 20:17:06:  INFO - LBP config - range:5 neighbours:10 neighbour_shape:6 shape_evaluation:1
14-01-2017 20:17:06:  INFO - HIST config - grid_size:10 uniform:1
14-01-2017 20:20:27:  INFO - ↑ accuracy: <0.634711> ↑

14-01-2017 20:20:27:  INFO - LBP config - range:4 neighbours:11 neighbour_shape:5 shape_evaluation:1
14-01-2017 20:20:27:  INFO - HIST config - grid_size:10 uniform:1
14-01-2017 20:23:49:  INFO - ↑ accuracy: <0.623140> ↑

14-01-2017 20:23:49:  INFO - LBP config - range:4 neighbours:11 neighbour_shape:6 shape_evaluation:1
14-01-2017 20:23:49:  INFO - HIST config - grid_size:10 uniform:1
14-01-2017 20:27:45:  INFO - ↑ accuracy: <0.629752> ↑

14-01-2017 20:27:45:  INFO - LBP config - range:5 neighbours:11 neighbour_shape:5 shape_evaluation:1
14-01-2017 20:27:45:  INFO - HIST config - grid_size:10 uniform:1
14-01-2017 20:31:05:  INFO - ↑ accuracy: <0.631405> ↑

14-01-2017 20:31:05:  INFO - LBP config - range:5 neighbours:11 neighbour_shape:6 shape_evaluation:1
14-01-2017 20:31:05:  INFO - HIST config - grid_size:10 uniform:1
14-01-2017 20:34:53:  INFO - ↑ accuracy: <0.641322> ↑

14-01-2017 20:34:53:  INFO - LBP config - range:4 neighbours:12 neighbour_shape:5 shape_evaluation:1
14-01-2017 20:34:53:  INFO - HIST config - grid_size:10 uniform:1
14-01-2017 20:38:38:  INFO - ↑ accuracy: <0.629752> ↑

14-01-2017 20:38:38:  INFO - LBP config - range:4 neighbours:12 neighbour_shape:6 shape_evaluation:1
14-01-2017 20:38:38:  INFO - HIST config - grid_size:10 uniform:1
14-01-2017 20:43:08:  INFO - ↑ accuracy: <0.628099> ↑

14-01-2017 20:43:08:  INFO - LBP config - range:5 neighbours:12 neighbour_shape:5 shape_evaluation:1
14-01-2017 20:43:08:  INFO - HIST config - grid_size:10 uniform:1
14-01-2017 20:46:53:  INFO - ↑ accuracy: <0.629752> ↑

14-01-2017 20:46:53:  INFO - LBP config - range:5 neighbours:12 neighbour_shape:6 shape_evaluation:1
14-01-2017 20:46:53:  INFO - HIST config - grid_size:10 uniform:1
14-01-2017 20:51:18:  INFO - ↑ accuracy: <0.633058> ↑

14-01-2017 20:51:18:  INFO - LBP config - range:4 neighbours:13 neighbour_shape:5 shape_evaluation:1
14-01-2017 20:51:18:  INFO - HIST config - grid_size:10 uniform:1
14-01-2017 20:55:35:  INFO - ↑ accuracy: <0.623140> ↑

14-01-2017 20:55:35:  INFO - LBP config - range:4 neighbours:13 neighbour_shape:6 shape_evaluation:1
14-01-2017 20:55:35:  INFO - HIST config - grid_size:10 uniform:1
14-01-2017 21:00:27:  INFO - ↑ accuracy: <0.619835> ↑

14-01-2017 21:00:27:  INFO - LBP config - range:5 neighbours:13 neighbour_shape:5 shape_evaluation:1
14-01-2017 21:00:27:  INFO - HIST config - grid_size:10 uniform:1
14-01-2017 21:04:41:  INFO - ↑ accuracy: <0.619835> ↑

14-01-2017 21:04:41:  INFO - LBP config - range:5 neighbours:13 neighbour_shape:6 shape_evaluation:1
14-01-2017 21:04:41:  INFO - HIST config - grid_size:10 uniform:1
14-01-2017 21:09:37:  INFO - ↑ accuracy: <0.631405> ↑

14-01-2017 21:09:37:  INFO - LBP config - range:4 neighbours:14 neighbour_shape:5 shape_evaluation:1
14-01-2017 21:09:37:  INFO - HIST config - grid_size:10 uniform:1
14-01-2017 21:14:26:  INFO - ↑ accuracy: <0.613223> ↑

14-01-2017 21:14:26:  INFO - LBP config - range:4 neighbours:14 neighbour_shape:6 shape_evaluation:1
14-01-2017 21:14:26:  INFO - HIST config - grid_size:10 uniform:1
14-01-2017 21:19:53:  INFO - ↑ accuracy: <0.629752> ↑

14-01-2017 21:19:53:  INFO - LBP config - range:5 neighbours:14 neighbour_shape:5 shape_evaluation:1
14-01-2017 21:19:53:  INFO - HIST config - grid_size:10 uniform:1
14-01-2017 21:24:47:  INFO - ↑ accuracy: <0.616529> ↑

14-01-2017 21:24:47:  INFO - LBP config - range:5 neighbours:14 neighbour_shape:6 shape_evaluation:1
14-01-2017 21:24:47:  INFO - HIST config - grid_size:10 uniform:1
14-01-2017 21:30:16:  INFO - ↑ accuracy: <0.636364> ↑

14-01-2017 21:30:16:  INFO - LBP config - range:4 neighbours:15 neighbour_shape:5 shape_evaluation:1
14-01-2017 21:30:16:  INFO - HIST config - grid_size:10 uniform:1
14-01-2017 21:35:37:  INFO - ↑ accuracy: <0.598347> ↑

14-01-2017 21:35:37:  INFO - LBP config - range:4 neighbours:15 neighbour_shape:6 shape_evaluation:1
14-01-2017 21:35:37:  INFO - HIST config - grid_size:10 uniform:1
14-01-2017 21:41:48:  INFO - ↑ accuracy: <0.624793> ↑

14-01-2017 21:41:48:  INFO - LBP config - range:5 neighbours:15 neighbour_shape:5 shape_evaluation:1
14-01-2017 21:41:48:  INFO - HIST config - grid_size:10 uniform:1
14-01-2017 21:47:15:  INFO - ↑ accuracy: <0.603306> ↑

14-01-2017 21:47:15:  INFO - LBP config - range:5 neighbours:15 neighbour_shape:6 shape_evaluation:1
14-01-2017 21:47:15:  INFO - HIST config - grid_size:10 uniform:1
14-01-2017 21:53:11:  INFO - ↑ accuracy: <0.624793> ↑

14-01-2017 21:53:11:  INFO - LBP config - range:4 neighbours:16 neighbour_shape:5 shape_evaluation:1
14-01-2017 21:53:11:  INFO - HIST config - grid_size:10 uniform:1
14-01-2017 21:59:06:  INFO - ↑ accuracy: <0.604959> ↑

14-01-2017 21:59:06:  INFO - LBP config - range:4 neighbours:16 neighbour_shape:6 shape_evaluation:1
14-01-2017 21:59:06:  INFO - HIST config - grid_size:10 uniform:1
14-01-2017 22:05:49:  INFO - ↑ accuracy: <0.628099> ↑

14-01-2017 22:05:49:  INFO - LBP config - range:5 neighbours:16 neighbour_shape:5 shape_evaluation:1
14-01-2017 22:05:49:  INFO - HIST config - grid_size:10 uniform:1
14-01-2017 22:11:39:  INFO - ↑ accuracy: <0.604959> ↑

14-01-2017 22:11:39:  INFO - LBP config - range:5 neighbours:16 neighbour_shape:6 shape_evaluation:1
14-01-2017 22:11:39:  INFO - HIST config - grid_size:10 uniform:1
14-01-2017 22:18:11:  INFO - ↑ accuracy: <0.626446> ↑

14-01-2017 22:18:11:  INFO - LBP config - range:4 neighbours:8 neighbour_shape:5 shape_evaluation:1
14-01-2017 22:18:11:  INFO - HIST config - grid_size:11 uniform:1
14-01-2017 22:20:34:  INFO - ↑ accuracy: <0.636364> ↑

14-01-2017 22:20:34:  INFO - LBP config - range:4 neighbours:8 neighbour_shape:6 shape_evaluation:1
14-01-2017 22:20:34:  INFO - HIST config - grid_size:11 uniform:1
14-01-2017 22:23:20:  INFO - ↑ accuracy: <0.639669> ↑

14-01-2017 22:23:20:  INFO - LBP config - range:5 neighbours:8 neighbour_shape:5 shape_evaluation:1
14-01-2017 22:23:20:  INFO - HIST config - grid_size:11 uniform:1
14-01-2017 22:25:49:  INFO - ↑ accuracy: <0.633058> ↑

14-01-2017 22:25:49:  INFO - LBP config - range:5 neighbours:8 neighbour_shape:6 shape_evaluation:1
14-01-2017 22:25:49:  INFO - HIST config - grid_size:11 uniform:1
14-01-2017 22:28:34:  INFO - ↑ accuracy: <0.638017> ↑

14-01-2017 22:28:34:  INFO - LBP config - range:4 neighbours:9 neighbour_shape:5 shape_evaluation:1
14-01-2017 22:28:34:  INFO - HIST config - grid_size:11 uniform:1
14-01-2017 22:31:29:  INFO - ↑ accuracy: <0.636364> ↑

14-01-2017 22:31:29:  INFO - LBP config - range:4 neighbours:9 neighbour_shape:6 shape_evaluation:1
14-01-2017 22:31:29:  INFO - HIST config - grid_size:11 uniform:1
14-01-2017 22:34:56:  INFO - ↑ accuracy: <0.644628> ↑

14-01-2017 22:34:56:  INFO - LBP config - range:5 neighbours:9 neighbour_shape:5 shape_evaluation:1
14-01-2017 22:34:56:  INFO - HIST config - grid_size:11 uniform:1
14-01-2017 22:37:51:  INFO - ↑ accuracy: <0.629752> ↑

14-01-2017 22:37:51:  INFO - LBP config - range:5 neighbours:9 neighbour_shape:6 shape_evaluation:1
14-01-2017 22:37:51:  INFO - HIST config - grid_size:11 uniform:1
14-01-2017 22:41:08:  INFO - ↑ accuracy: <0.634711> ↑

14-01-2017 22:41:08:  INFO - LBP config - range:4 neighbours:10 neighbour_shape:5 shape_evaluation:1
14-01-2017 22:41:08:  INFO - HIST config - grid_size:11 uniform:1
14-01-2017 22:44:31:  INFO - ↑ accuracy: <0.628099> ↑

14-01-2017 22:44:31:  INFO - LBP config - range:4 neighbours:10 neighbour_shape:6 shape_evaluation:1
14-01-2017 22:44:31:  INFO - HIST config - grid_size:11 uniform:1
14-01-2017 22:48:28:  INFO - ↑ accuracy: <0.642975> ↑

14-01-2017 22:48:28:  INFO - LBP config - range:5 neighbours:10 neighbour_shape:5 shape_evaluation:1
14-01-2017 22:48:28:  INFO - HIST config - grid_size:11 uniform:1
14-01-2017 22:51:54:  INFO - ↑ accuracy: <0.642975> ↑

14-01-2017 22:51:54:  INFO - LBP config - range:5 neighbours:10 neighbour_shape:6 shape_evaluation:1
14-01-2017 22:51:54:  INFO - HIST config - grid_size:11 uniform:1
14-01-2017 22:55:41:  INFO - ↑ accuracy: <0.644628> ↑

14-01-2017 22:55:41:  INFO - LBP config - range:4 neighbours:11 neighbour_shape:5 shape_evaluation:1
14-01-2017 22:55:41:  INFO - HIST config - grid_size:11 uniform:1
14-01-2017 22:59:37:  INFO - ↑ accuracy: <0.624793> ↑

14-01-2017 22:59:37:  INFO - LBP config - range:4 neighbours:11 neighbour_shape:6 shape_evaluation:1
14-01-2017 22:59:37:  INFO - HIST config - grid_size:11 uniform:1
14-01-2017 23:04:02:  INFO - ↑ accuracy: <0.638017> ↑

14-01-2017 23:04:02:  INFO - LBP config - range:5 neighbours:11 neighbour_shape:5 shape_evaluation:1
14-01-2017 23:04:02:  INFO - HIST config - grid_size:11 uniform:1
14-01-2017 23:07:51:  INFO - ↑ accuracy: <0.633058> ↑

14-01-2017 23:07:51:  INFO - LBP config - range:5 neighbours:11 neighbour_shape:6 shape_evaluation:1
14-01-2017 23:07:51:  INFO - HIST config - grid_size:11 uniform:1
14-01-2017 23:12:18:  INFO - ↑ accuracy: <0.639669> ↑

14-01-2017 23:12:18:  INFO - LBP config - range:4 neighbours:12 neighbour_shape:5 shape_evaluation:1
14-01-2017 23:12:18:  INFO - HIST config - grid_size:11 uniform:1
14-01-2017 23:16:52:  INFO - ↑ accuracy: <0.619835> ↑

14-01-2017 23:16:52:  INFO - LBP config - range:4 neighbours:12 neighbour_shape:6 shape_evaluation:1
14-01-2017 23:16:52:  INFO - HIST config - grid_size:11 uniform:1
14-01-2017 23:21:54:  INFO - ↑ accuracy: <0.631405> ↑

14-01-2017 23:21:54:  INFO - LBP config - range:5 neighbours:12 neighbour_shape:5 shape_evaluation:1
14-01-2017 23:21:54:  INFO - HIST config - grid_size:11 uniform:1
14-01-2017 23:26:25:  INFO - ↑ accuracy: <0.626446> ↑

14-01-2017 23:26:25:  INFO - LBP config - range:5 neighbours:12 neighbour_shape:6 shape_evaluation:1
14-01-2017 23:26:25:  INFO - HIST config - grid_size:11 uniform:1
14-01-2017 23:31:28:  INFO - ↑ accuracy: <0.639669> ↑

14-01-2017 23:31:28:  INFO - LBP config - range:4 neighbours:13 neighbour_shape:5 shape_evaluation:1
14-01-2017 23:31:28:  INFO - HIST config - grid_size:11 uniform:1
14-01-2017 23:36:28:  INFO - ↑ accuracy: <0.619835> ↑

14-01-2017 23:36:28:  INFO - LBP config - range:4 neighbours:13 neighbour_shape:6 shape_evaluation:1
14-01-2017 23:36:28:  INFO - HIST config - grid_size:11 uniform:1
14-01-2017 23:42:05:  INFO - ↑ accuracy: <0.629752> ↑

14-01-2017 23:42:05:  INFO - LBP config - range:5 neighbours:13 neighbour_shape:5 shape_evaluation:1
14-01-2017 23:42:05:  INFO - HIST config - grid_size:11 uniform:1
14-01-2017 23:47:07:  INFO - ↑ accuracy: <0.631405> ↑

14-01-2017 23:47:07:  INFO - LBP config - range:5 neighbours:13 neighbour_shape:6 shape_evaluation:1
14-01-2017 23:47:07:  INFO - HIST config - grid_size:11 uniform:1
14-01-2017 23:52:49:  INFO - ↑ accuracy: <0.644628> ↑

14-01-2017 23:52:49:  INFO - LBP config - range:4 neighbours:14 neighbour_shape:5 shape_evaluation:1
14-01-2017 23:52:49:  INFO - HIST config - grid_size:11 uniform:1
14-01-2017 23:58:26:  INFO - ↑ accuracy: <0.623140> ↑

14-01-2017 23:58:26:  INFO - LBP config - range:4 neighbours:14 neighbour_shape:6 shape_evaluation:1
14-01-2017 23:58:26:  INFO - HIST config - grid_size:11 uniform:1
15-01-2017 00:04:53:  INFO - ↑ accuracy: <0.628099> ↑

15-01-2017 00:04:53:  INFO - LBP config - range:5 neighbours:14 neighbour_shape:5 shape_evaluation:1
15-01-2017 00:04:53:  INFO - HIST config - grid_size:11 uniform:1
15-01-2017 00:10:34:  INFO - ↑ accuracy: <0.628099> ↑

15-01-2017 00:10:34:  INFO - LBP config - range:5 neighbours:14 neighbour_shape:6 shape_evaluation:1
15-01-2017 00:10:34:  INFO - HIST config - grid_size:11 uniform:1
15-01-2017 00:16:54:  INFO - ↑ accuracy: <0.638017> ↑

15-01-2017 00:16:54:  INFO - LBP config - range:4 neighbours:15 neighbour_shape:5 shape_evaluation:1
15-01-2017 00:16:54:  INFO - HIST config - grid_size:11 uniform:1
15-01-2017 00:23:05:  INFO - ↑ accuracy: <0.606612> ↑

15-01-2017 00:23:05:  INFO - LBP config - range:4 neighbours:15 neighbour_shape:6 shape_evaluation:1
15-01-2017 00:23:05:  INFO - HIST config - grid_size:11 uniform:1
15-01-2017 00:30:06:  INFO - ↑ accuracy: <0.626446> ↑

15-01-2017 00:30:06:  INFO - LBP config - range:5 neighbours:15 neighbour_shape:5 shape_evaluation:1
15-01-2017 00:30:06:  INFO - HIST config - grid_size:11 uniform:1
15-01-2017 00:36:23:  INFO - ↑ accuracy: <0.624793> ↑

15-01-2017 00:36:23:  INFO - LBP config - range:5 neighbours:15 neighbour_shape:6 shape_evaluation:1
15-01-2017 00:36:23:  INFO - HIST config - grid_size:11 uniform:1
15-01-2017 00:43:17:  INFO - ↑ accuracy: <0.639669> ↑

15-01-2017 00:43:17:  INFO - LBP config - range:4 neighbours:16 neighbour_shape:5 shape_evaluation:1
15-01-2017 00:43:17:  INFO - HIST config - grid_size:11 uniform:1
15-01-2017 00:50:16:  INFO - ↑ accuracy: <0.611570> ↑

15-01-2017 00:50:16:  INFO - LBP config - range:4 neighbours:16 neighbour_shape:6 shape_evaluation:1
15-01-2017 00:50:16:  INFO - HIST config - grid_size:11 uniform:1
15-01-2017 00:58:10:  INFO - ↑ accuracy: <0.623140> ↑

15-01-2017 00:58:10:  INFO - LBP config - range:5 neighbours:16 neighbour_shape:5 shape_evaluation:1
15-01-2017 00:58:10:  INFO - HIST config - grid_size:11 uniform:1
15-01-2017 01:05:04:  INFO - ↑ accuracy: <0.604959> ↑

15-01-2017 01:05:04:  INFO - LBP config - range:5 neighbours:16 neighbour_shape:6 shape_evaluation:1
15-01-2017 01:05:04:  INFO - HIST config - grid_size:11 uniform:1
15-01-2017 01:12:39:  INFO - ↑ accuracy: <0.636364> ↑

15-01-2017 01:12:39:  INFO - LBP config - range:4 neighbours:8 neighbour_shape:5 shape_evaluation:1
15-01-2017 01:12:39:  INFO - HIST config - grid_size:12 uniform:1
15-01-2017 01:15:31:  INFO - ↑ accuracy: <0.636364> ↑

15-01-2017 01:15:31:  INFO - LBP config - range:4 neighbours:8 neighbour_shape:6 shape_evaluation:1
15-01-2017 01:15:31:  INFO - HIST config - grid_size:12 uniform:1
15-01-2017 01:18:43:  INFO - ↑ accuracy: <0.633058> ↑

15-01-2017 01:18:43:  INFO - LBP config - range:5 neighbours:8 neighbour_shape:5 shape_evaluation:1
15-01-2017 01:18:43:  INFO - HIST config - grid_size:12 uniform:1
15-01-2017 01:21:31:  INFO - ↑ accuracy: <0.629752> ↑

15-01-2017 01:21:31:  INFO - LBP config - range:5 neighbours:8 neighbour_shape:6 shape_evaluation:1
15-01-2017 01:21:31:  INFO - HIST config - grid_size:12 uniform:1
15-01-2017 01:24:44:  INFO - ↑ accuracy: <0.633058> ↑

15-01-2017 01:24:44:  INFO - LBP config - range:4 neighbours:9 neighbour_shape:5 shape_evaluation:1
15-01-2017 01:24:44:  INFO - HIST config - grid_size:12 uniform:1
15-01-2017 01:28:07:  INFO - ↑ accuracy: <0.626446> ↑

15-01-2017 01:28:07:  INFO - LBP config - range:4 neighbours:9 neighbour_shape:6 shape_evaluation:1
15-01-2017 01:28:07:  INFO - HIST config - grid_size:12 uniform:1
15-01-2017 01:32:04:  INFO - ↑ accuracy: <0.634711> ↑

15-01-2017 01:32:04:  INFO - LBP config - range:5 neighbours:9 neighbour_shape:5 shape_evaluation:1
15-01-2017 01:32:04:  INFO - HIST config - grid_size:12 uniform:1
15-01-2017 01:35:30:  INFO - ↑ accuracy: <0.621488> ↑

15-01-2017 01:35:30:  INFO - LBP config - range:5 neighbours:9 neighbour_shape:6 shape_evaluation:1
15-01-2017 01:35:30:  INFO - HIST config - grid_size:12 uniform:1
15-01-2017 01:39:18:  INFO - ↑ accuracy: <0.636364> ↑

15-01-2017 01:39:18:  INFO - LBP config - range:4 neighbours:10 neighbour_shape:5 shape_evaluation:1
15-01-2017 01:39:18:  INFO - HIST config - grid_size:12 uniform:1
15-01-2017 01:43:25:  INFO - ↑ accuracy: <0.618182> ↑

15-01-2017 01:43:25:  INFO - LBP config - range:4 neighbours:10 neighbour_shape:6 shape_evaluation:1
15-01-2017 01:43:25:  INFO - HIST config - grid_size:12 uniform:1
15-01-2017 01:47:53:  INFO - ↑ accuracy: <0.633058> ↑

15-01-2017 01:47:53:  INFO - LBP config - range:5 neighbours:10 neighbour_shape:5 shape_evaluation:1
15-01-2017 01:47:53:  INFO - HIST config - grid_size:12 uniform:1
15-01-2017 01:51:56:  INFO - ↑ accuracy: <0.633058> ↑

15-01-2017 01:51:56:  INFO - LBP config - range:5 neighbours:10 neighbour_shape:6 shape_evaluation:1
15-01-2017 01:51:56:  INFO - HIST config - grid_size:12 uniform:1
15-01-2017 01:56:12:  INFO - ↑ accuracy: <0.636364> ↑

15-01-2017 01:56:12:  INFO - LBP config - range:4 neighbours:11 neighbour_shape:5 shape_evaluation:1
15-01-2017 01:56:12:  INFO - HIST config - grid_size:12 uniform:1
15-01-2017 02:00:42:  INFO - ↑ accuracy: <0.624793> ↑

15-01-2017 02:00:42:  INFO - LBP config - range:4 neighbours:11 neighbour_shape:6 shape_evaluation:1
15-01-2017 02:00:42:  INFO - HIST config - grid_size:12 uniform:1
15-01-2017 02:05:47:  INFO - ↑ accuracy: <0.641322> ↑

15-01-2017 02:05:47:  INFO - LBP config - range:5 neighbours:11 neighbour_shape:5 shape_evaluation:1
15-01-2017 02:05:47:  INFO - HIST config - grid_size:12 uniform:1
15-01-2017 02:10:19:  INFO - ↑ accuracy: <0.638017> ↑

15-01-2017 02:10:19:  INFO - LBP config - range:5 neighbours:11 neighbour_shape:6 shape_evaluation:1
15-01-2017 02:10:19:  INFO - HIST config - grid_size:12 uniform:1
15-01-2017 02:15:20:  INFO - ↑ accuracy: <0.633058> ↑

15-01-2017 02:15:20:  INFO - LBP config - range:4 neighbours:12 neighbour_shape:5 shape_evaluation:1
15-01-2017 02:15:20:  INFO - HIST config - grid_size:12 uniform:1
15-01-2017 02:20:27:  INFO - ↑ accuracy: <0.626446> ↑

15-01-2017 02:20:27:  INFO - LBP config - range:4 neighbours:12 neighbour_shape:6 shape_evaluation:1
15-01-2017 02:20:27:  INFO - HIST config - grid_size:12 uniform:1
15-01-2017 02:26:08:  INFO - ↑ accuracy: <0.634711> ↑

15-01-2017 02:26:08:  INFO - LBP config - range:5 neighbours:12 neighbour_shape:5 shape_evaluation:1
15-01-2017 02:26:08:  INFO - HIST config - grid_size:12 uniform:1
15-01-2017 02:31:20:  INFO - ↑ accuracy: <0.633058> ↑

15-01-2017 02:31:20:  INFO - LBP config - range:5 neighbours:12 neighbour_shape:6 shape_evaluation:1
15-01-2017 02:31:20:  INFO - HIST config - grid_size:12 uniform:1
15-01-2017 02:37:10:  INFO - ↑ accuracy: <0.639669> ↑

15-01-2017 02:37:10:  INFO - LBP config - range:4 neighbours:13 neighbour_shape:5 shape_evaluation:1
15-01-2017 02:37:10:  INFO - HIST config - grid_size:12 uniform:1
15-01-2017 02:42:54:  INFO - ↑ accuracy: <0.623140> ↑

15-01-2017 02:42:54:  INFO - LBP config - range:4 neighbours:13 neighbour_shape:6 shape_evaluation:1
15-01-2017 02:42:54:  INFO - HIST config - grid_size:12 uniform:1
15-01-2017 02:49:18:  INFO - ↑ accuracy: <0.636364> ↑

15-01-2017 02:49:18:  INFO - LBP config - range:5 neighbours:13 neighbour_shape:5 shape_evaluation:1
15-01-2017 02:49:18:  INFO - HIST config - grid_size:12 uniform:1
15-01-2017 02:55:04:  INFO - ↑ accuracy: <0.626446> ↑

15-01-2017 02:55:04:  INFO - LBP config - range:5 neighbours:13 neighbour_shape:6 shape_evaluation:1
15-01-2017 02:55:04:  INFO - HIST config - grid_size:12 uniform:1
15-01-2017 03:01:30:  INFO - ↑ accuracy: <0.634711> ↑

15-01-2017 03:01:30:  INFO - LBP config - range:4 neighbours:14 neighbour_shape:5 shape_evaluation:1
15-01-2017 03:01:30:  INFO - HIST config - grid_size:12 uniform:1
15-01-2017 03:08:06:  INFO - ↑ accuracy: <0.614876> ↑

15-01-2017 03:08:06:  INFO - LBP config - range:4 neighbours:14 neighbour_shape:6 shape_evaluation:1
15-01-2017 03:08:06:  INFO - HIST config - grid_size:12 uniform:1
15-01-2017 03:15:18:  INFO - ↑ accuracy: <0.629752> ↑

15-01-2017 03:15:18:  INFO - LBP config - range:5 neighbours:14 neighbour_shape:5 shape_evaluation:1
15-01-2017 03:15:18:  INFO - HIST config - grid_size:12 uniform:1
15-01-2017 03:21:44:  INFO - ↑ accuracy: <0.628099> ↑

15-01-2017 03:21:44:  INFO - LBP config - range:5 neighbours:14 neighbour_shape:6 shape_evaluation:1
15-01-2017 03:21:44:  INFO - HIST config - grid_size:12 uniform:1
15-01-2017 03:29:01:  INFO - ↑ accuracy: <0.641322> ↑

15-01-2017 03:29:01:  INFO - LBP config - range:4 neighbours:15 neighbour_shape:5 shape_evaluation:1
15-01-2017 03:29:01:  INFO - HIST config - grid_size:12 uniform:1
15-01-2017 03:36:30:  INFO - ↑ accuracy: <0.609917> ↑

15-01-2017 03:36:30:  INFO - LBP config - range:4 neighbours:15 neighbour_shape:6 shape_evaluation:1
15-01-2017 03:36:30:  INFO - HIST config - grid_size:12 uniform:1
15-01-2017 03:44:34:  INFO - ↑ accuracy: <0.626446> ↑

15-01-2017 03:44:34:  INFO - LBP config - range:5 neighbours:15 neighbour_shape:5 shape_evaluation:1
15-01-2017 03:44:34:  INFO - HIST config - grid_size:12 uniform:1
15-01-2017 03:52:05:  INFO - ↑ accuracy: <0.634711> ↑

15-01-2017 03:52:05:  INFO - LBP config - range:5 neighbours:15 neighbour_shape:6 shape_evaluation:1
15-01-2017 03:52:05:  INFO - HIST config - grid_size:12 uniform:1
15-01-2017 04:00:11:  INFO - ↑ accuracy: <0.629752> ↑

15-01-2017 04:00:11:  INFO - LBP config - range:4 neighbours:16 neighbour_shape:5 shape_evaluation:1
15-01-2017 04:00:11:  INFO - HIST config - grid_size:12 uniform:1
15-01-2017 04:08:26:  INFO - ↑ accuracy: <0.608264> ↑

15-01-2017 04:08:26:  INFO - LBP config - range:4 neighbours:16 neighbour_shape:6 shape_evaluation:1
15-01-2017 04:08:26:  INFO - HIST config - grid_size:12 uniform:1
15-01-2017 04:17:24:  INFO - ↑ accuracy: <0.628099> ↑

15-01-2017 04:17:24:  INFO - LBP config - range:5 neighbours:16 neighbour_shape:5 shape_evaluation:1
15-01-2017 04:17:24:  INFO - HIST config - grid_size:12 uniform:1
15-01-2017 04:25:33:  INFO - ↑ accuracy: <0.613223> ↑

15-01-2017 04:25:33:  INFO - LBP config - range:5 neighbours:16 neighbour_shape:6 shape_evaluation:1
15-01-2017 04:25:33:  INFO - HIST config - grid_size:12 uniform:1
15-01-2017 04:34:21:  INFO - ↑ accuracy: <0.636364> ↑

15-01-2017 04:34:21:  INFO - LBP config - range:4 neighbours:8 neighbour_shape:5 shape_evaluation:1
15-01-2017 04:34:21:  INFO - HIST config - grid_size:13 uniform:1
15-01-2017 04:37:44:  INFO - ↑ accuracy: <0.638017> ↑

15-01-2017 04:37:44:  INFO - LBP config - range:4 neighbours:8 neighbour_shape:6 shape_evaluation:1
15-01-2017 04:37:44:  INFO - HIST config - grid_size:13 uniform:1
15-01-2017 04:41:23:  INFO - ↑ accuracy: <0.641322> ↑

15-01-2017 04:41:23:  INFO - LBP config - range:5 neighbours:8 neighbour_shape:5 shape_evaluation:1
15-01-2017 04:41:23:  INFO - HIST config - grid_size:13 uniform:1
15-01-2017 04:44:43:  INFO - ↑ accuracy: <0.642975> ↑

15-01-2017 04:44:43:  INFO - LBP config - range:5 neighbours:8 neighbour_shape:6 shape_evaluation:1
15-01-2017 04:44:43:  INFO - HIST config - grid_size:13 uniform:1
15-01-2017 04:48:24:  INFO - ↑ accuracy: <0.649587> ↑

15-01-2017 04:48:24:  INFO - LBP config - range:4 neighbours:9 neighbour_shape:5 shape_evaluation:1
15-01-2017 04:48:24:  INFO - HIST config - grid_size:13 uniform:1
15-01-2017 04:52:16:  INFO - ↑ accuracy: <0.633058> ↑

15-01-2017 04:52:16:  INFO - LBP config - range:4 neighbours:9 neighbour_shape:6 shape_evaluation:1
15-01-2017 04:52:16:  INFO - HIST config - grid_size:13 uniform:1
15-01-2017 04:56:36:  INFO - ↑ accuracy: <0.644628> ↑

15-01-2017 04:56:36:  INFO - LBP config - range:5 neighbours:9 neighbour_shape:5 shape_evaluation:1
15-01-2017 04:56:36:  INFO - HIST config - grid_size:13 uniform:1
15-01-2017 05:00:34:  INFO - ↑ accuracy: <0.641322> ↑

15-01-2017 05:00:34:  INFO - LBP config - range:5 neighbours:9 neighbour_shape:6 shape_evaluation:1
15-01-2017 05:00:34:  INFO - HIST config - grid_size:13 uniform:1
15-01-2017 05:04:52:  INFO - ↑ accuracy: <0.644628> ↑

15-01-2017 05:04:52:  INFO - LBP config - range:4 neighbours:10 neighbour_shape:5 shape_evaluation:1
15-01-2017 05:04:52:  INFO - HIST config - grid_size:13 uniform:1
15-01-2017 05:09:18:  INFO - ↑ accuracy: <0.631405> ↑

15-01-2017 05:09:18:  INFO - LBP config - range:4 neighbours:10 neighbour_shape:6 shape_evaluation:1
15-01-2017 05:09:18:  INFO - HIST config - grid_size:13 uniform:1
15-01-2017 05:14:11:  INFO - ↑ accuracy: <0.641322> ↑

15-01-2017 05:14:11:  INFO - LBP config - range:5 neighbours:10 neighbour_shape:5 shape_evaluation:1
15-01-2017 05:14:11:  INFO - HIST config - grid_size:13 uniform:1
15-01-2017 05:18:48:  INFO - ↑ accuracy: <0.641322> ↑

15-01-2017 05:18:48:  INFO - LBP config - range:5 neighbours:10 neighbour_shape:6 shape_evaluation:1
15-01-2017 05:18:48:  INFO - HIST config - grid_size:13 uniform:1
15-01-2017 05:23:42:  INFO - ↑ accuracy: <0.649587> ↑

15-01-2017 05:23:42:  INFO - LBP config - range:4 neighbours:11 neighbour_shape:5 shape_evaluation:1
15-01-2017 05:23:42:  INFO - HIST config - grid_size:13 uniform:1
15-01-2017 05:28:48:  INFO - ↑ accuracy: <0.629752> ↑

15-01-2017 05:28:48:  INFO - LBP config - range:4 neighbours:11 neighbour_shape:6 shape_evaluation:1
15-01-2017 05:28:48:  INFO - HIST config - grid_size:13 uniform:1
15-01-2017 05:34:24:  INFO - ↑ accuracy: <0.646281> ↑

15-01-2017 05:34:24:  INFO - LBP config - range:5 neighbours:11 neighbour_shape:5 shape_evaluation:1
15-01-2017 05:34:24:  INFO - HIST config - grid_size:13 uniform:1
15-01-2017 05:39:36:  INFO - ↑ accuracy: <0.644628> ↑

15-01-2017 05:39:36:  INFO - LBP config - range:5 neighbours:11 neighbour_shape:6 shape_evaluation:1
15-01-2017 05:39:36:  INFO - HIST config - grid_size:13 uniform:1
15-01-2017 05:45:13:  INFO - ↑ accuracy: <0.657851> ↑

15-01-2017 05:45:13:  INFO - LBP config - range:4 neighbours:12 neighbour_shape:5 shape_evaluation:1
15-01-2017 05:45:13:  INFO - HIST config - grid_size:13 uniform:1
15-01-2017 05:51:06:  INFO - ↑ accuracy: <0.634711> ↑

15-01-2017 05:51:06:  INFO - LBP config - range:4 neighbours:12 neighbour_shape:6 shape_evaluation:1
15-01-2017 05:51:06:  INFO - HIST config - grid_size:13 uniform:1
15-01-2017 05:57:27:  INFO - ↑ accuracy: <0.638017> ↑

15-01-2017 05:57:27:  INFO - LBP config - range:5 neighbours:12 neighbour_shape:5 shape_evaluation:1
15-01-2017 05:57:27:  INFO - HIST config - grid_size:13 uniform:1
15-01-2017 06:03:18:  INFO - ↑ accuracy: <0.638017> ↑

15-01-2017 06:03:18:  INFO - LBP config - range:5 neighbours:12 neighbour_shape:6 shape_evaluation:1
15-01-2017 06:03:18:  INFO - HIST config - grid_size:13 uniform:1
15-01-2017 06:09:41:  INFO - ↑ accuracy: <0.649587> ↑

15-01-2017 06:09:41:  INFO - LBP config - range:4 neighbours:13 neighbour_shape:5 shape_evaluation:1
15-01-2017 06:09:41:  INFO - HIST config - grid_size:13 uniform:1
15-01-2017 06:16:13:  INFO - ↑ accuracy: <0.621488> ↑

15-01-2017 06:16:13:  INFO - LBP config - range:4 neighbours:13 neighbour_shape:6 shape_evaluation:1
15-01-2017 06:16:13:  INFO - HIST config - grid_size:13 uniform:1
15-01-2017 06:23:22:  INFO - ↑ accuracy: <0.634711> ↑

15-01-2017 06:23:22:  INFO - LBP config - range:5 neighbours:13 neighbour_shape:5 shape_evaluation:1
15-01-2017 06:23:22:  INFO - HIST config - grid_size:13 uniform:1
15-01-2017 06:29:55:  INFO - ↑ accuracy: <0.638017> ↑

15-01-2017 06:29:55:  INFO - LBP config - range:5 neighbours:13 neighbour_shape:6 shape_evaluation:1
15-01-2017 06:29:55:  INFO - HIST config - grid_size:13 uniform:1
15-01-2017 06:37:04:  INFO - ↑ accuracy: <0.647934> ↑

15-01-2017 06:37:04:  INFO - LBP config - range:4 neighbours:14 neighbour_shape:5 shape_evaluation:1
15-01-2017 06:37:04:  INFO - HIST config - grid_size:13 uniform:1
15-01-2017 06:44:28:  INFO - ↑ accuracy: <0.611570> ↑

15-01-2017 06:44:28:  INFO - LBP config - range:4 neighbours:14 neighbour_shape:6 shape_evaluation:1
15-01-2017 06:44:28:  INFO - HIST config - grid_size:13 uniform:1
15-01-2017 06:52:26:  INFO - ↑ accuracy: <0.631405> ↑

15-01-2017 06:52:26:  INFO - LBP config - range:5 neighbours:14 neighbour_shape:5 shape_evaluation:1
15-01-2017 06:52:26:  INFO - HIST config - grid_size:13 uniform:1
15-01-2017 07:00:03:  INFO - ↑ accuracy: <0.633058> ↑

15-01-2017 07:00:03:  INFO - LBP config - range:5 neighbours:14 neighbour_shape:6 shape_evaluation:1
15-01-2017 07:00:03:  INFO - HIST config - grid_size:13 uniform:1
15-01-2017 07:08:11:  INFO - ↑ accuracy: <0.644628> ↑

15-01-2017 07:08:11:  INFO - LBP config - range:4 neighbours:15 neighbour_shape:5 shape_evaluation:1
15-01-2017 07:08:11:  INFO - HIST config - grid_size:13 uniform:1
15-01-2017 07:16:36:  INFO - ↑ accuracy: <0.608264> ↑

15-01-2017 07:16:36:  INFO - LBP config - range:4 neighbours:15 neighbour_shape:6 shape_evaluation:1
15-01-2017 07:16:36:  INFO - HIST config - grid_size:13 uniform:1
15-01-2017 07:25:48:  INFO - ↑ accuracy: <0.633058> ↑

15-01-2017 07:25:48:  INFO - LBP config - range:5 neighbours:15 neighbour_shape:5 shape_evaluation:1
15-01-2017 07:25:48:  INFO - HIST config - grid_size:13 uniform:1
15-01-2017 07:34:17:  INFO - ↑ accuracy: <0.631405> ↑

15-01-2017 07:34:17:  INFO - LBP config - range:5 neighbours:15 neighbour_shape:6 shape_evaluation:1
15-01-2017 07:34:17:  INFO - HIST config - grid_size:13 uniform:1
15-01-2017 07:43:28:  INFO - ↑ accuracy: <0.642975> ↑

15-01-2017 07:43:28:  INFO - LBP config - range:4 neighbours:16 neighbour_shape:5 shape_evaluation:1
15-01-2017 07:43:28:  INFO - HIST config - grid_size:13 uniform:1
15-01-2017 07:53:09:  INFO - ↑ accuracy: <0.601653> ↑

15-01-2017 07:53:09:  INFO - LBP config - range:4 neighbours:16 neighbour_shape:6 shape_evaluation:1
15-01-2017 07:53:09:  INFO - HIST config - grid_size:13 uniform:1
15-01-2017 08:03:15:  INFO - ↑ accuracy: <0.634711> ↑

15-01-2017 08:03:15:  INFO - LBP config - range:5 neighbours:16 neighbour_shape:5 shape_evaluation:1
15-01-2017 08:03:15:  INFO - HIST config - grid_size:13 uniform:1
15-01-2017 08:12:37:  INFO - ↑ accuracy: <0.619835> ↑

15-01-2017 08:12:37:  INFO - LBP config - range:5 neighbours:16 neighbour_shape:6 shape_evaluation:1
15-01-2017 08:12:37:  INFO - HIST config - grid_size:13 uniform:1
15-01-2017 08:22:44:  INFO - ↑ accuracy: <0.641322> ↑

15-01-2017 08:22:44:  INFO - LBP config - range:4 neighbours:8 neighbour_shape:5 shape_evaluation:1
15-01-2017 08:22:44:  INFO - HIST config - grid_size:14 uniform:1
15-01-2017 08:26:37:  INFO - ↑ accuracy: <0.613223> ↑

15-01-2017 08:26:37:  INFO - LBP config - range:4 neighbours:8 neighbour_shape:6 shape_evaluation:1
15-01-2017 08:26:37:  INFO - HIST config - grid_size:14 uniform:1
15-01-2017 08:30:47:  INFO - ↑ accuracy: <0.626446> ↑

15-01-2017 08:30:47:  INFO - LBP config - range:5 neighbours:8 neighbour_shape:5 shape_evaluation:1
15-01-2017 08:30:47:  INFO - HIST config - grid_size:14 uniform:1
15-01-2017 08:34:32:  INFO - ↑ accuracy: <0.613223> ↑

15-01-2017 08:34:32:  INFO - LBP config - range:5 neighbours:8 neighbour_shape:6 shape_evaluation:1
15-01-2017 08:34:32:  INFO - HIST config - grid_size:14 uniform:1
15-01-2017 08:38:46:  INFO - ↑ accuracy: <0.614876> ↑

15-01-2017 08:38:46:  INFO - LBP config - range:4 neighbours:9 neighbour_shape:5 shape_evaluation:1
15-01-2017 08:38:46:  INFO - HIST config - grid_size:14 uniform:1
15-01-2017 08:43:15:  INFO - ↑ accuracy: <0.614876> ↑

15-01-2017 08:43:15:  INFO - LBP config - range:4 neighbours:9 neighbour_shape:6 shape_evaluation:1
15-01-2017 08:43:15:  INFO - HIST config - grid_size:14 uniform:1
15-01-2017 08:48:02:  INFO - ↑ accuracy: <0.628099> ↑

15-01-2017 08:48:02:  INFO - LBP config - range:5 neighbours:9 neighbour_shape:5 shape_evaluation:1
15-01-2017 08:48:02:  INFO - HIST config - grid_size:14 uniform:1
15-01-2017 08:52:27:  INFO - ↑ accuracy: <0.618182> ↑

15-01-2017 08:52:27:  INFO - LBP config - range:5 neighbours:9 neighbour_shape:6 shape_evaluation:1
15-01-2017 08:52:27:  INFO - HIST config - grid_size:14 uniform:1
15-01-2017 08:57:26:  INFO - ↑ accuracy: <0.623140> ↑

15-01-2017 08:57:26:  INFO - LBP config - range:4 neighbours:10 neighbour_shape:5 shape_evaluation:1
15-01-2017 08:57:26:  INFO - HIST config - grid_size:14 uniform:1
15-01-2017 09:02:31:  INFO - ↑ accuracy: <0.619835> ↑

15-01-2017 09:02:31:  INFO - LBP config - range:4 neighbours:10 neighbour_shape:6 shape_evaluation:1
15-01-2017 09:02:31:  INFO - HIST config - grid_size:14 uniform:1
15-01-2017 09:08:10:  INFO - ↑ accuracy: <0.623140> ↑

15-01-2017 09:08:10:  INFO - LBP config - range:5 neighbours:10 neighbour_shape:5 shape_evaluation:1
15-01-2017 09:08:10:  INFO - HIST config - grid_size:14 uniform:1
15-01-2017 09:13:23:  INFO - ↑ accuracy: <0.618182> ↑

15-01-2017 09:13:23:  INFO - LBP config - range:5 neighbours:10 neighbour_shape:6 shape_evaluation:1
15-01-2017 09:13:23:  INFO - HIST config - grid_size:14 uniform:1
15-01-2017 09:18:53:  INFO - ↑ accuracy: <0.626446> ↑

15-01-2017 09:18:53:  INFO - LBP config - range:4 neighbours:11 neighbour_shape:5 shape_evaluation:1
15-01-2017 09:18:53:  INFO - HIST config - grid_size:14 uniform:1
15-01-2017 09:24:44:  INFO - ↑ accuracy: <0.611570> ↑

15-01-2017 09:24:44:  INFO - LBP config - range:4 neighbours:11 neighbour_shape:6 shape_evaluation:1
15-01-2017 09:24:44:  INFO - HIST config - grid_size:14 uniform:1
15-01-2017 09:31:11:  INFO - ↑ accuracy: <0.624793> ↑

15-01-2017 09:31:11:  INFO - LBP config - range:5 neighbours:11 neighbour_shape:5 shape_evaluation:1
15-01-2017 09:31:11:  INFO - HIST config - grid_size:14 uniform:1
15-01-2017 09:36:58:  INFO - ↑ accuracy: <0.621488> ↑

15-01-2017 09:36:58:  INFO - LBP config - range:5 neighbours:11 neighbour_shape:6 shape_evaluation:1
15-01-2017 09:36:58:  INFO - HIST config - grid_size:14 uniform:1
15-01-2017 09:43:24:  INFO - ↑ accuracy: <0.619835> ↑

15-01-2017 09:43:24:  INFO - LBP config - range:4 neighbours:12 neighbour_shape:5 shape_evaluation:1
15-01-2017 09:43:24:  INFO - HIST config - grid_size:14 uniform:1
15-01-2017 09:50:02:  INFO - ↑ accuracy: <0.614876> ↑

15-01-2017 09:50:02:  INFO - LBP config - range:4 neighbours:12 neighbour_shape:6 shape_evaluation:1
15-01-2017 09:50:02:  INFO - HIST config - grid_size:14 uniform:1
15-01-2017 09:57:24:  INFO - ↑ accuracy: <0.623140> ↑

15-01-2017 09:57:24:  INFO - LBP config - range:5 neighbours:12 neighbour_shape:5 shape_evaluation:1
15-01-2017 09:57:24:  INFO - HIST config - grid_size:14 uniform:1
15-01-2017 10:03:56:  INFO - ↑ accuracy: <0.614876> ↑

15-01-2017 10:03:56:  INFO - LBP config - range:5 neighbours:12 neighbour_shape:6 shape_evaluation:1
15-01-2017 10:03:56:  INFO - HIST config - grid_size:14 uniform:1
15-01-2017 10:11:06:  INFO - ↑ accuracy: <0.623140> ↑

15-01-2017 10:11:06:  INFO - LBP config - range:4 neighbours:13 neighbour_shape:5 shape_evaluation:1
15-01-2017 10:11:06:  INFO - HIST config - grid_size:14 uniform:1
15-01-2017 10:18:39:  INFO - ↑ accuracy: <0.609917> ↑

15-01-2017 10:18:39:  INFO - LBP config - range:4 neighbours:13 neighbour_shape:6 shape_evaluation:1
15-01-2017 10:18:39:  INFO - HIST config - grid_size:14 uniform:1
15-01-2017 10:26:48:  INFO - ↑ accuracy: <0.623140> ↑

15-01-2017 10:26:48:  INFO - LBP config - range:5 neighbours:13 neighbour_shape:5 shape_evaluation:1
15-01-2017 10:26:48:  INFO - HIST config - grid_size:14 uniform:1
15-01-2017 10:34:26:  INFO - ↑ accuracy: <0.613223> ↑

15-01-2017 10:34:26:  INFO - LBP config - range:5 neighbours:13 neighbour_shape:6 shape_evaluation:1
15-01-2017 10:34:26:  INFO - HIST config - grid_size:14 uniform:1
15-01-2017 10:42:25:  INFO - ↑ accuracy: <0.636364> ↑

15-01-2017 10:42:25:  INFO - LBP config - range:4 neighbours:14 neighbour_shape:5 shape_evaluation:1
15-01-2017 10:42:25:  INFO - HIST config - grid_size:14 uniform:1
15-01-2017 10:50:56:  INFO - ↑ accuracy: <0.601653> ↑

15-01-2017 10:50:56:  INFO - LBP config - range:4 neighbours:14 neighbour_shape:6 shape_evaluation:1
15-01-2017 10:50:56:  INFO - HIST config - grid_size:14 uniform:1
15-01-2017 11:00:03:  INFO - ↑ accuracy: <0.623140> ↑

15-01-2017 11:00:03:  INFO - LBP config - range:5 neighbours:14 neighbour_shape:5 shape_evaluation:1
15-01-2017 11:00:03:  INFO - HIST config - grid_size:14 uniform:1
15-01-2017 11:08:44:  INFO - ↑ accuracy: <0.614876> ↑

15-01-2017 11:08:44:  INFO - LBP config - range:5 neighbours:14 neighbour_shape:6 shape_evaluation:1
15-01-2017 11:08:44:  INFO - HIST config - grid_size:14 uniform:1
15-01-2017 11:17:53:  INFO - ↑ accuracy: <0.624793> ↑

15-01-2017 11:17:53:  INFO - LBP config - range:4 neighbours:15 neighbour_shape:5 shape_evaluation:1
15-01-2017 11:17:53:  INFO - HIST config - grid_size:14 uniform:1
15-01-2017 11:27:40:  INFO - ↑ accuracy: <0.593388> ↑

15-01-2017 11:27:40:  INFO - LBP config - range:4 neighbours:15 neighbour_shape:6 shape_evaluation:1
15-01-2017 11:27:40:  INFO - HIST config - grid_size:14 uniform:1
15-01-2017 11:38:00:  INFO - ↑ accuracy: <0.611570> ↑

15-01-2017 11:38:00:  INFO - LBP config - range:5 neighbours:15 neighbour_shape:5 shape_evaluation:1
15-01-2017 11:38:00:  INFO - HIST config - grid_size:14 uniform:1
15-01-2017 11:47:40:  INFO - ↑ accuracy: <0.601653> ↑

15-01-2017 11:47:40:  INFO - LBP config - range:5 neighbours:15 neighbour_shape:6 shape_evaluation:1
15-01-2017 11:47:40:  INFO - HIST config - grid_size:14 uniform:1
15-01-2017 11:57:57:  INFO - ↑ accuracy: <0.623140> ↑

15-01-2017 11:57:57:  INFO - LBP config - range:4 neighbours:16 neighbour_shape:5 shape_evaluation:1
15-01-2017 11:57:57:  INFO - HIST config - grid_size:14 uniform:1
15-01-2017 12:08:40:  INFO - ↑ accuracy: <0.583471> ↑

15-01-2017 12:08:40:  INFO - LBP config - range:4 neighbours:16 neighbour_shape:6 shape_evaluation:1
15-01-2017 12:08:40:  INFO - HIST config - grid_size:14 uniform:1
15-01-2017 12:20:17:  INFO - ↑ accuracy: <0.608264> ↑

15-01-2017 12:20:17:  INFO - LBP config - range:5 neighbours:16 neighbour_shape:5 shape_evaluation:1
15-01-2017 12:20:17:  INFO - HIST config - grid_size:14 uniform:1
15-01-2017 12:31:04:  INFO - ↑ accuracy: <0.593388> ↑

15-01-2017 12:31:04:  INFO - LBP config - range:5 neighbours:16 neighbour_shape:6 shape_evaluation:1
15-01-2017 12:31:04:  INFO - HIST config - grid_size:14 uniform:1
15-01-2017 12:42:23:  INFO - ↑ accuracy: <0.618182> ↑

15-01-2017 12:42:23:  INFO - LBP config - range:4 neighbours:8 neighbour_shape:5 shape_evaluation:1
15-01-2017 12:42:23:  INFO - HIST config - grid_size:15 uniform:1
15-01-2017 12:46:31:  INFO - ↑ accuracy: <0.628099> ↑

15-01-2017 12:46:31:  INFO - LBP config - range:4 neighbours:8 neighbour_shape:6 shape_evaluation:1
15-01-2017 12:46:31:  INFO - HIST config - grid_size:15 uniform:1
15-01-2017 12:51:11:  INFO - ↑ accuracy: <0.639669> ↑

15-01-2017 12:51:11:  INFO - LBP config - range:5 neighbours:8 neighbour_shape:5 shape_evaluation:1
15-01-2017 12:51:11:  INFO - HIST config - grid_size:15 uniform:1
15-01-2017 12:55:32:  INFO - ↑ accuracy: <0.626446> ↑

15-01-2017 12:55:32:  INFO - LBP config - range:5 neighbours:8 neighbour_shape:6 shape_evaluation:1
15-01-2017 12:55:32:  INFO - HIST config - grid_size:15 uniform:1
15-01-2017 13:00:10:  INFO - ↑ accuracy: <0.641322> ↑

15-01-2017 13:00:11:  INFO - LBP config - range:4 neighbours:9 neighbour_shape:5 shape_evaluation:1
15-01-2017 13:00:11:  INFO - HIST config - grid_size:15 uniform:1
15-01-2017 13:05:14:  INFO - ↑ accuracy: <0.629752> ↑

15-01-2017 13:05:14:  INFO - LBP config - range:4 neighbours:9 neighbour_shape:6 shape_evaluation:1
15-01-2017 13:05:14:  INFO - HIST config - grid_size:15 uniform:1
15-01-2017 13:10:39:  INFO - ↑ accuracy: <0.641322> ↑

15-01-2017 13:10:39:  INFO - LBP config - range:5 neighbours:9 neighbour_shape:5 shape_evaluation:1
15-01-2017 13:10:39:  INFO - HIST config - grid_size:15 uniform:1
15-01-2017 13:15:38:  INFO - ↑ accuracy: <0.631405> ↑

15-01-2017 13:15:38:  INFO - LBP config - range:5 neighbours:9 neighbour_shape:6 shape_evaluation:1
15-01-2017 13:15:38:  INFO - HIST config - grid_size:15 uniform:1
15-01-2017 13:20:58:  INFO - ↑ accuracy: <0.638017> ↑

15-01-2017 13:20:58:  INFO - LBP config - range:4 neighbours:10 neighbour_shape:5 shape_evaluation:1
15-01-2017 13:20:58:  INFO - HIST config - grid_size:15 uniform:1
15-01-2017 13:26:38:  INFO - ↑ accuracy: <0.624793> ↑

15-01-2017 13:26:38:  INFO - LBP config - range:4 neighbours:10 neighbour_shape:6 shape_evaluation:1
15-01-2017 13:26:38:  INFO - HIST config - grid_size:15 uniform:1
15-01-2017 13:32:54:  INFO - ↑ accuracy: <0.638017> ↑

15-01-2017 13:32:54:  INFO - LBP config - range:5 neighbours:10 neighbour_shape:5 shape_evaluation:1
15-01-2017 13:32:54:  INFO - HIST config - grid_size:15 uniform:1
15-01-2017 13:38:41:  INFO - ↑ accuracy: <0.633058> ↑

15-01-2017 13:38:41:  INFO - LBP config - range:5 neighbours:10 neighbour_shape:6 shape_evaluation:1
15-01-2017 13:38:41:  INFO - HIST config - grid_size:15 uniform:1
15-01-2017 13:44:55:  INFO - ↑ accuracy: <0.641322> ↑

15-01-2017 13:44:55:  INFO - LBP config - range:4 neighbours:11 neighbour_shape:5 shape_evaluation:1
15-01-2017 13:44:55:  INFO - HIST config - grid_size:15 uniform:1
15-01-2017 13:51:23:  INFO - ↑ accuracy: <0.626446> ↑

15-01-2017 13:51:23:  INFO - LBP config - range:4 neighbours:11 neighbour_shape:6 shape_evaluation:1
15-01-2017 13:51:23:  INFO - HIST config - grid_size:15 uniform:1
15-01-2017 13:58:23:  INFO - ↑ accuracy: <0.639669> ↑

15-01-2017 13:58:23:  INFO - LBP config - range:5 neighbours:11 neighbour_shape:5 shape_evaluation:1
15-01-2017 13:58:23:  INFO - HIST config - grid_size:15 uniform:1
15-01-2017 14:04:56:  INFO - ↑ accuracy: <0.629752> ↑

15-01-2017 14:04:56:  INFO - LBP config - range:5 neighbours:11 neighbour_shape:6 shape_evaluation:1
15-01-2017 14:04:56:  INFO - HIST config - grid_size:15 uniform:1
15-01-2017 14:12:02:  INFO - ↑ accuracy: <0.641322> ↑

15-01-2017 14:12:02:  INFO - LBP config - range:4 neighbours:12 neighbour_shape:5 shape_evaluation:1
15-01-2017 14:12:02:  INFO - HIST config - grid_size:15 uniform:1
15-01-2017 14:19:32:  INFO - ↑ accuracy: <0.616529> ↑

15-01-2017 14:19:32:  INFO - LBP config - range:4 neighbours:12 neighbour_shape:6 shape_evaluation:1
15-01-2017 14:19:32:  INFO - HIST config - grid_size:15 uniform:1
15-01-2017 14:27:38:  INFO - ↑ accuracy: <0.636364> ↑

15-01-2017 14:27:38:  INFO - LBP config - range:5 neighbours:12 neighbour_shape:5 shape_evaluation:1
15-01-2017 14:27:38:  INFO - HIST config - grid_size:15 uniform:1
15-01-2017 14:35:08:  INFO - ↑ accuracy: <0.626446> ↑

15-01-2017 14:35:08:  INFO - LBP config - range:5 neighbours:12 neighbour_shape:6 shape_evaluation:1
15-01-2017 14:35:08:  INFO - HIST config - grid_size:15 uniform:1
15-01-2017 14:43:06:  INFO - ↑ accuracy: <0.634711> ↑

15-01-2017 14:43:06:  INFO - LBP config - range:4 neighbours:13 neighbour_shape:5 shape_evaluation:1
15-01-2017 14:43:06:  INFO - HIST config - grid_size:15 uniform:1
15-01-2017 14:51:39:  INFO - ↑ accuracy: <0.608264> ↑

15-01-2017 14:51:39:  INFO - LBP config - range:4 neighbours:13 neighbour_shape:6 shape_evaluation:1
15-01-2017 14:51:39:  INFO - HIST config - grid_size:15 uniform:1
15-01-2017 15:00:50:  INFO - ↑ accuracy: <0.629752> ↑

15-01-2017 15:00:50:  INFO - LBP config - range:5 neighbours:13 neighbour_shape:5 shape_evaluation:1
15-01-2017 15:00:50:  INFO - HIST config - grid_size:15 uniform:1
15-01-2017 15:09:24:  INFO - ↑ accuracy: <0.616529> ↑

15-01-2017 15:09:24:  INFO - LBP config - range:5 neighbours:13 neighbour_shape:6 shape_evaluation:1
15-01-2017 15:09:24:  INFO - HIST config - grid_size:15 uniform:1
15-01-2017 15:18:28:  INFO - ↑ accuracy: <0.633058> ↑

15-01-2017 15:18:28:  INFO - LBP config - range:4 neighbours:14 neighbour_shape:5 shape_evaluation:1
15-01-2017 15:18:28:  INFO - HIST config - grid_size:15 uniform:1
15-01-2017 15:28:12:  INFO - ↑ accuracy: <0.606612> ↑

15-01-2017 15:28:12:  INFO - LBP config - range:4 neighbours:14 neighbour_shape:6 shape_evaluation:1
15-01-2017 15:28:12:  INFO - HIST config - grid_size:15 uniform:1
15-01-2017 15:38:34:  INFO - ↑ accuracy: <0.621488> ↑

15-01-2017 15:38:34:  INFO - LBP config - range:5 neighbours:14 neighbour_shape:5 shape_evaluation:1
15-01-2017 15:38:34:  INFO - HIST config - grid_size:15 uniform:1
15-01-2017 15:48:12:  INFO - ↑ accuracy: <0.613223> ↑

15-01-2017 15:48:12:  INFO - LBP config - range:5 neighbours:14 neighbour_shape:6 shape_evaluation:1
15-01-2017 15:48:12:  INFO - HIST config - grid_size:15 uniform:1
15-01-2017 15:58:53:  INFO - ↑ accuracy: <0.633058> ↑

15-01-2017 15:58:53:  INFO - LBP config - range:4 neighbours:15 neighbour_shape:5 shape_evaluation:1
15-01-2017 15:58:53:  INFO - HIST config - grid_size:15 uniform:1
15-01-2017 16:09:47:  INFO - ↑ accuracy: <0.595041> ↑

15-01-2017 16:09:47:  INFO - LBP config - range:4 neighbours:15 neighbour_shape:6 shape_evaluation:1
15-01-2017 16:09:47:  INFO - HIST config - grid_size:15 uniform:1
15-01-2017 16:21:08:  INFO - ↑ accuracy: <0.618182> ↑

15-01-2017 16:21:08:  INFO - LBP config - range:5 neighbours:15 neighbour_shape:5 shape_evaluation:1
15-01-2017 16:21:08:  INFO - HIST config - grid_size:15 uniform:1
15-01-2017 16:32:18:  INFO - ↑ accuracy: <0.608264> ↑

15-01-2017 16:32:18:  INFO - LBP config - range:5 neighbours:15 neighbour_shape:6 shape_evaluation:1
15-01-2017 16:32:18:  INFO - HIST config - grid_size:15 uniform:1
15-01-2017 16:43:47:  INFO - ↑ accuracy: <0.628099> ↑

15-01-2017 16:43:47:  INFO - LBP config - range:4 neighbours:16 neighbour_shape:5 shape_evaluation:1
15-01-2017 16:43:47:  INFO - HIST config - grid_size:15 uniform:1
15-01-2017 16:55:53:  INFO - ↑ accuracy: <0.585124> ↑

15-01-2017 16:55:53:  INFO - LBP config - range:4 neighbours:16 neighbour_shape:6 shape_evaluation:1
15-01-2017 16:55:53:  INFO - HIST config - grid_size:15 uniform:1
15-01-2017 17:09:01:  INFO - ↑ accuracy: <0.613223> ↑

15-01-2017 17:09:01:  INFO - LBP config - range:5 neighbours:16 neighbour_shape:5 shape_evaluation:1
15-01-2017 17:09:01:  INFO - HIST config - grid_size:15 uniform:1
15-01-2017 17:21:24:  INFO - ↑ accuracy: <0.603306> ↑

15-01-2017 17:21:24:  INFO - LBP config - range:5 neighbours:16 neighbour_shape:6 shape_evaluation:1
15-01-2017 17:21:24:  INFO - HIST config - grid_size:15 uniform:1
15-01-2017 17:34:19:  INFO - ↑ accuracy: <0.624793> ↑

15-01-2017 17:34:19:  INFO - LBP config - range:4 neighbours:8 neighbour_shape:5 shape_evaluation:1
15-01-2017 17:34:19:  INFO - HIST config - grid_size:16 uniform:1
15-01-2017 17:39:05:  INFO - ↑ accuracy: <0.613223> ↑

15-01-2017 17:39:05:  INFO - LBP config - range:4 neighbours:8 neighbour_shape:6 shape_evaluation:1
15-01-2017 17:39:05:  INFO - HIST config - grid_size:16 uniform:1
15-01-2017 17:44:20:  INFO - ↑ accuracy: <0.613223> ↑

15-01-2017 17:44:20:  INFO - LBP config - range:5 neighbours:8 neighbour_shape:5 shape_evaluation:1
15-01-2017 17:44:20:  INFO - HIST config - grid_size:16 uniform:1
15-01-2017 17:49:04:  INFO - ↑ accuracy: <0.618182> ↑

15-01-2017 17:49:04:  INFO - LBP config - range:5 neighbours:8 neighbour_shape:6 shape_evaluation:1
15-01-2017 17:49:04:  INFO - HIST config - grid_size:16 uniform:1
15-01-2017 17:54:13:  INFO - ↑ accuracy: <0.614876> ↑

15-01-2017 17:54:13:  INFO - LBP config - range:4 neighbours:9 neighbour_shape:5 shape_evaluation:1
15-01-2017 17:54:13:  INFO - HIST config - grid_size:16 uniform:1
15-01-2017 18:00:06:  INFO - ↑ accuracy: <0.609917> ↑

15-01-2017 18:00:06:  INFO - LBP config - range:4 neighbours:9 neighbour_shape:6 shape_evaluation:1
15-01-2017 18:00:06:  INFO - HIST config - grid_size:16 uniform:1
15-01-2017 18:06:07:  INFO - ↑ accuracy: <0.618182> ↑

15-01-2017 18:06:07:  INFO - LBP config - range:5 neighbours:9 neighbour_shape:5 shape_evaluation:1
15-01-2017 18:06:07:  INFO - HIST config - grid_size:16 uniform:1
15-01-2017 18:11:46:  INFO - ↑ accuracy: <0.611570> ↑

15-01-2017 18:11:46:  INFO - LBP config - range:5 neighbours:9 neighbour_shape:6 shape_evaluation:1
15-01-2017 18:11:46:  INFO - HIST config - grid_size:16 uniform:1
15-01-2017 18:17:44:  INFO - ↑ accuracy: <0.621488> ↑

15-01-2017 18:17:44:  INFO - LBP config - range:4 neighbours:10 neighbour_shape:5 shape_evaluation:1
15-01-2017 18:17:44:  INFO - HIST config - grid_size:16 uniform:1
15-01-2017 18:24:11:  INFO - ↑ accuracy: <0.616529> ↑

15-01-2017 18:24:11:  INFO - LBP config - range:4 neighbours:10 neighbour_shape:6 shape_evaluation:1
15-01-2017 18:24:11:  INFO - HIST config - grid_size:16 uniform:1
15-01-2017 18:31:15:  INFO - ↑ accuracy: <0.616529> ↑

15-01-2017 18:31:15:  INFO - LBP config - range:5 neighbours:10 neighbour_shape:5 shape_evaluation:1
15-01-2017 18:31:15:  INFO - HIST config - grid_size:16 uniform:1
15-01-2017 18:37:46:  INFO - ↑ accuracy: <0.613223> ↑

15-01-2017 18:37:46:  INFO - LBP config - range:5 neighbours:10 neighbour_shape:6 shape_evaluation:1
15-01-2017 18:37:46:  INFO - HIST config - grid_size:16 uniform:1
15-01-2017 18:44:48:  INFO - ↑ accuracy: <0.618182> ↑

15-01-2017 18:44:48:  INFO - LBP config - range:4 neighbours:11 neighbour_shape:5 shape_evaluation:1
15-01-2017 18:44:48:  INFO - HIST config - grid_size:16 uniform:1
15-01-2017 18:52:09:  INFO - ↑ accuracy: <0.609917> ↑

15-01-2017 18:52:09:  INFO - LBP config - range:4 neighbours:11 neighbour_shape:6 shape_evaluation:1
15-01-2017 18:52:09:  INFO - HIST config - grid_size:16 uniform:1
15-01-2017 19:00:03:  INFO - ↑ accuracy: <0.613223> ↑

15-01-2017 19:00:03:  INFO - LBP config - range:5 neighbours:11 neighbour_shape:5 shape_evaluation:1
15-01-2017 19:00:03:  INFO - HIST config - grid_size:16 uniform:1
15-01-2017 19:07:21:  INFO - ↑ accuracy: <0.608264> ↑

15-01-2017 19:07:21:  INFO - LBP config - range:5 neighbours:11 neighbour_shape:6 shape_evaluation:1
15-01-2017 19:07:21:  INFO - HIST config - grid_size:16 uniform:1
15-01-2017 19:15:20:  INFO - ↑ accuracy: <0.618182> ↑

15-01-2017 19:15:20:  INFO - LBP config - range:4 neighbours:12 neighbour_shape:5 shape_evaluation:1
15-01-2017 19:15:20:  INFO - HIST config - grid_size:16 uniform:1
15-01-2017 19:23:45:  INFO - ↑ accuracy: <0.595041> ↑

15-01-2017 19:23:45:  INFO - LBP config - range:4 neighbours:12 neighbour_shape:6 shape_evaluation:1
15-01-2017 19:23:45:  INFO - HIST config - grid_size:16 uniform:1
15-01-2017 19:33:07:  INFO - ↑ accuracy: <0.611570> ↑

15-01-2017 19:33:07:  INFO - LBP config - range:5 neighbours:12 neighbour_shape:5 shape_evaluation:1
15-01-2017 19:33:07:  INFO - HIST config - grid_size:16 uniform:1
15-01-2017 19:41:35:  INFO - ↑ accuracy: <0.601653> ↑

15-01-2017 19:41:35:  INFO - LBP config - range:5 neighbours:12 neighbour_shape:6 shape_evaluation:1
15-01-2017 19:41:35:  INFO - HIST config - grid_size:16 uniform:1
15-01-2017 19:50:42:  INFO - ↑ accuracy: <0.619835> ↑

15-01-2017 19:50:42:  INFO - LBP config - range:4 neighbours:13 neighbour_shape:5 shape_evaluation:1
15-01-2017 19:50:42:  INFO - HIST config - grid_size:16 uniform:1
15-01-2017 20:00:16:  INFO - ↑ accuracy: <0.591736> ↑

15-01-2017 20:00:16:  INFO - LBP config - range:4 neighbours:13 neighbour_shape:6 shape_evaluation:1
15-01-2017 20:00:16:  INFO - HIST config - grid_size:16 uniform:1
15-01-2017 20:10:38:  INFO - ↑ accuracy: <0.611570> ↑

15-01-2017 20:10:38:  INFO - LBP config - range:5 neighbours:13 neighbour_shape:5 shape_evaluation:1
15-01-2017 20:10:38:  INFO - HIST config - grid_size:16 uniform:1
15-01-2017 20:20:16:  INFO - ↑ accuracy: <0.588430> ↑

15-01-2017 20:20:16:  INFO - LBP config - range:5 neighbours:13 neighbour_shape:6 shape_evaluation:1
15-01-2017 20:20:16:  INFO - HIST config - grid_size:16 uniform:1
15-01-2017 20:30:38:  INFO - ↑ accuracy: <0.611570> ↑

15-01-2017 20:30:38:  INFO - LBP config - range:4 neighbours:14 neighbour_shape:5 shape_evaluation:1
15-01-2017 20:30:38:  INFO - HIST config - grid_size:16 uniform:1
15-01-2017 20:41:36:  INFO - ↑ accuracy: <0.583471> ↑

15-01-2017 20:41:36:  INFO - LBP config - range:4 neighbours:14 neighbour_shape:6 shape_evaluation:1
15-01-2017 20:41:36:  INFO - HIST config - grid_size:16 uniform:1
15-01-2017 20:53:18:  INFO - ↑ accuracy: <0.603306> ↑

15-01-2017 20:53:18:  INFO - LBP config - range:5 neighbours:14 neighbour_shape:5 shape_evaluation:1
15-01-2017 20:53:18:  INFO - HIST config - grid_size:16 uniform:1
15-01-2017 21:04:09:  INFO - ↑ accuracy: <0.591736> ↑

15-01-2017 21:04:09:  INFO - LBP config - range:5 neighbours:14 neighbour_shape:6 shape_evaluation:1
15-01-2017 21:04:09:  INFO - HIST config - grid_size:16 uniform:1
15-01-2017 21:15:38:  INFO - ↑ accuracy: <0.609917> ↑

15-01-2017 21:15:38:  INFO - LBP config - range:4 neighbours:15 neighbour_shape:5 shape_evaluation:1
15-01-2017 21:15:38:  INFO - HIST config - grid_size:16 uniform:1
15-01-2017 21:28:04:  INFO - ↑ accuracy: <0.563636> ↑

15-01-2017 21:28:04:  INFO - LBP config - range:4 neighbours:15 neighbour_shape:6 shape_evaluation:1
15-01-2017 21:28:04:  INFO - HIST config - grid_size:16 uniform:1
15-01-2017 21:41:02:  INFO - ↑ accuracy: <0.604959> ↑

15-01-2017 21:41:02:  INFO - LBP config - range:5 neighbours:15 neighbour_shape:5 shape_evaluation:1
15-01-2017 21:41:02:  INFO - HIST config - grid_size:16 uniform:1
15-01-2017 21:53:03:  INFO - ↑ accuracy: <0.580165> ↑

15-01-2017 21:53:03:  INFO - LBP config - range:5 neighbours:15 neighbour_shape:6 shape_evaluation:1
15-01-2017 21:53:03:  INFO - HIST config - grid_size:16 uniform:1
15-01-2017 22:05:58:  INFO - ↑ accuracy: <0.616529> ↑

15-01-2017 22:05:58:  INFO - LBP config - range:4 neighbours:16 neighbour_shape:5 shape_evaluation:1
15-01-2017 22:05:58:  INFO - HIST config - grid_size:16 uniform:1
15-01-2017 22:19:42:  INFO - ↑ accuracy: <0.573554> ↑

15-01-2017 22:19:42:  INFO - LBP config - range:4 neighbours:16 neighbour_shape:6 shape_evaluation:1
15-01-2017 22:19:42:  INFO - HIST config - grid_size:16 uniform:1
15-01-2017 22:34:22:  INFO - ↑ accuracy: <0.601653> ↑

15-01-2017 22:34:22:  INFO - LBP config - range:5 neighbours:16 neighbour_shape:5 shape_evaluation:1
15-01-2017 22:34:22:  INFO - HIST config - grid_size:16 uniform:1
15-01-2017 22:48:14:  INFO - ↑ accuracy: <0.571901> ↑

15-01-2017 22:48:14:  INFO - LBP config - range:5 neighbours:16 neighbour_shape:6 shape_evaluation:1
15-01-2017 22:48:14:  INFO - HIST config - grid_size:16 uniform:1
15-01-2017 23:02:43:  INFO - ↑ accuracy: <0.600000> ↑

15-01-2017 23:02:43:  INFO - Application ended correctly...
