27-12-2016 13:11:53:  INFO - Application started in [JOB MODE]
27-12-2016 13:11:53:  INFO - ------ config ------

				data_config:[test_folder:test/, train_folder:train/]
				preprocessing_config:[equalize_hist:0, gaussina_blur:0]
				classification_threads:8
				comparison_method:INTERSECTION

27-12-2016 13:11:53:  INFO - LBP config - range:1 neighbours:8 neighbour_shape:1 shape_evaluation:1
27-12-2016 13:11:53:  INFO - HIST config - grid_size:8 uniform:1
27-12-2016 13:13:12:  INFO - ↑ accuracy: <0.464463> ↑

27-12-2016 13:13:12:  INFO - LBP config - range:1 neighbours:8 neighbour_shape:2 shape_evaluation:1
27-12-2016 13:13:12:  INFO - HIST config - grid_size:8 uniform:1
27-12-2016 13:14:43:  INFO - ↑ accuracy: <0.519008> ↑

27-12-2016 13:14:43:  INFO - LBP config - range:1 neighbours:8 neighbour_shape:3 shape_evaluation:1
27-12-2016 13:14:43:  INFO - HIST config - grid_size:8 uniform:1
27-12-2016 13:16:38:  INFO - ↑ accuracy: <0.519008> ↑

27-12-2016 13:16:38:  INFO - LBP config - range:1 neighbours:8 neighbour_shape:4 shape_evaluation:1
27-12-2016 13:16:38:  INFO - HIST config - grid_size:8 uniform:1
27-12-2016 13:18:03:  INFO - ↑ accuracy: <0.510744> ↑

27-12-2016 13:18:03:  INFO - LBP config - range:1 neighbours:8 neighbour_shape:5 shape_evaluation:1
27-12-2016 13:18:03:  INFO - HIST config - grid_size:8 uniform:1
27-12-2016 13:19:41:  INFO - ↑ accuracy: <0.530579> ↑

27-12-2016 13:19:41:  INFO - LBP config - range:1 neighbours:8 neighbour_shape:6 shape_evaluation:1
27-12-2016 13:19:41:  INFO - HIST config - grid_size:8 uniform:1
27-12-2016 13:21:36:  INFO - ↑ accuracy: <0.538843> ↑

27-12-2016 13:21:36:  INFO - LBP config - range:2 neighbours:8 neighbour_shape:1 shape_evaluation:1
27-12-2016 13:21:36:  INFO - HIST config - grid_size:8 uniform:1
27-12-2016 13:22:58:  INFO - ↑ accuracy: <0.489256> ↑

27-12-2016 13:22:58:  INFO - LBP config - range:2 neighbours:8 neighbour_shape:2 shape_evaluation:1
27-12-2016 13:22:58:  INFO - HIST config - grid_size:8 uniform:1
27-12-2016 13:24:26:  INFO - ↑ accuracy: <0.543802> ↑

27-12-2016 13:24:26:  INFO - LBP config - range:2 neighbours:8 neighbour_shape:3 shape_evaluation:1
27-12-2016 13:24:26:  INFO - HIST config - grid_size:8 uniform:1
27-12-2016 13:26:22:  INFO - ↑ accuracy: <0.540496> ↑

27-12-2016 13:26:22:  INFO - LBP config - range:2 neighbours:8 neighbour_shape:4 shape_evaluation:1
27-12-2016 13:26:22:  INFO - HIST config - grid_size:8 uniform:1
27-12-2016 13:27:49:  INFO - ↑ accuracy: <0.528926> ↑

27-12-2016 13:27:49:  INFO - LBP config - range:2 neighbours:8 neighbour_shape:5 shape_evaluation:1
27-12-2016 13:27:49:  INFO - HIST config - grid_size:8 uniform:1
27-12-2016 13:29:20:  INFO - ↑ accuracy: <0.543802> ↑

27-12-2016 13:29:20:  INFO - LBP config - range:2 neighbours:8 neighbour_shape:6 shape_evaluation:1
27-12-2016 13:29:20:  INFO - HIST config - grid_size:8 uniform:1
27-12-2016 13:31:14:  INFO - ↑ accuracy: <0.560331> ↑

27-12-2016 13:31:14:  INFO - LBP config - range:3 neighbours:8 neighbour_shape:1 shape_evaluation:1
27-12-2016 13:31:14:  INFO - HIST config - grid_size:8 uniform:1
27-12-2016 13:32:30:  INFO - ↑ accuracy: <0.558678> ↑

27-12-2016 13:32:30:  INFO - LBP config - range:3 neighbours:8 neighbour_shape:2 shape_evaluation:1
27-12-2016 13:32:30:  INFO - HIST config - grid_size:8 uniform:1
27-12-2016 13:34:00:  INFO - ↑ accuracy: <0.590083> ↑

27-12-2016 13:34:00:  INFO - LBP config - range:3 neighbours:8 neighbour_shape:3 shape_evaluation:1
27-12-2016 13:34:00:  INFO - HIST config - grid_size:8 uniform:1
27-12-2016 13:35:53:  INFO - ↑ accuracy: <0.586777> ↑

27-12-2016 13:35:53:  INFO - LBP config - range:3 neighbours:8 neighbour_shape:4 shape_evaluation:1
27-12-2016 13:35:53:  INFO - HIST config - grid_size:8 uniform:1
27-12-2016 13:37:17:  INFO - ↑ accuracy: <0.576860> ↑

27-12-2016 13:37:17:  INFO - LBP config - range:3 neighbours:8 neighbour_shape:5 shape_evaluation:1
27-12-2016 13:37:17:  INFO - HIST config - grid_size:8 uniform:1
27-12-2016 13:38:47:  INFO - ↑ accuracy: <0.591736> ↑

27-12-2016 13:38:47:  INFO - LBP config - range:3 neighbours:8 neighbour_shape:6 shape_evaluation:1
27-12-2016 13:38:47:  INFO - HIST config - grid_size:8 uniform:1
27-12-2016 13:40:43:  INFO - ↑ accuracy: <0.591736> ↑

27-12-2016 13:40:43:  INFO - LBP config - range:1 neighbours:9 neighbour_shape:1 shape_evaluation:1
27-12-2016 13:40:43:  INFO - HIST config - grid_size:8 uniform:1
27-12-2016 13:42:09:  INFO - ↑ accuracy: <0.456198> ↑

27-12-2016 13:42:09:  INFO - LBP config - range:1 neighbours:9 neighbour_shape:2 shape_evaluation:1
27-12-2016 13:42:09:  INFO - HIST config - grid_size:8 uniform:1
27-12-2016 13:43:47:  INFO - ↑ accuracy: <0.505785> ↑

27-12-2016 13:43:47:  INFO - LBP config - range:1 neighbours:9 neighbour_shape:3 shape_evaluation:1
27-12-2016 13:43:47:  INFO - HIST config - grid_size:8 uniform:1
27-12-2016 13:45:55:  INFO - ↑ accuracy: <0.500826> ↑

27-12-2016 13:45:55:  INFO - LBP config - range:1 neighbours:9 neighbour_shape:4 shape_evaluation:1
27-12-2016 13:45:55:  INFO - HIST config - grid_size:8 uniform:1
27-12-2016 13:47:33:  INFO - ↑ accuracy: <0.500826> ↑

27-12-2016 13:47:33:  INFO - LBP config - range:1 neighbours:9 neighbour_shape:5 shape_evaluation:1
27-12-2016 13:47:33:  INFO - HIST config - grid_size:8 uniform:1
27-12-2016 13:49:14:  INFO - ↑ accuracy: <0.525620> ↑

27-12-2016 13:49:14:  INFO - LBP config - range:1 neighbours:9 neighbour_shape:6 shape_evaluation:1
27-12-2016 13:49:14:  INFO - HIST config - grid_size:8 uniform:1
27-12-2016 13:51:23:  INFO - ↑ accuracy: <0.514050> ↑

27-12-2016 13:51:23:  INFO - LBP config - range:2 neighbours:9 neighbour_shape:1 shape_evaluation:1
27-12-2016 13:51:23:  INFO - HIST config - grid_size:8 uniform:1
27-12-2016 13:52:56:  INFO - ↑ accuracy: <0.502479> ↑

27-12-2016 13:52:56:  INFO - LBP config - range:2 neighbours:9 neighbour_shape:2 shape_evaluation:1
27-12-2016 13:52:56:  INFO - HIST config - grid_size:8 uniform:1
27-12-2016 13:54:39:  INFO - ↑ accuracy: <0.563636> ↑

27-12-2016 13:54:39:  INFO - LBP config - range:2 neighbours:9 neighbour_shape:3 shape_evaluation:1
27-12-2016 13:54:39:  INFO - HIST config - grid_size:8 uniform:1
27-12-2016 13:56:52:  INFO - ↑ accuracy: <0.563636> ↑

27-12-2016 13:56:52:  INFO - LBP config - range:2 neighbours:9 neighbour_shape:4 shape_evaluation:1
27-12-2016 13:56:52:  INFO - HIST config - grid_size:8 uniform:1
27-12-2016 13:58:33:  INFO - ↑ accuracy: <0.555372> ↑

27-12-2016 13:58:33:  INFO - LBP config - range:2 neighbours:9 neighbour_shape:5 shape_evaluation:1
27-12-2016 13:58:33:  INFO - HIST config - grid_size:8 uniform:1
27-12-2016 14:00:20:  INFO - ↑ accuracy: <0.563636> ↑

27-12-2016 14:00:20:  INFO - LBP config - range:2 neighbours:9 neighbour_shape:6 shape_evaluation:1
27-12-2016 14:00:20:  INFO - HIST config - grid_size:8 uniform:1
27-12-2016 14:02:33:  INFO - ↑ accuracy: <0.578512> ↑

27-12-2016 14:02:33:  INFO - LBP config - range:3 neighbours:9 neighbour_shape:1 shape_evaluation:1
27-12-2016 14:02:33:  INFO - HIST config - grid_size:8 uniform:1
27-12-2016 14:04:02:  INFO - ↑ accuracy: <0.553719> ↑

27-12-2016 14:04:02:  INFO - LBP config - range:3 neighbours:9 neighbour_shape:2 shape_evaluation:1
27-12-2016 14:04:02:  INFO - HIST config - grid_size:8 uniform:1
27-12-2016 14:05:45:  INFO - ↑ accuracy: <0.590083> ↑

27-12-2016 14:05:45:  INFO - LBP config - range:3 neighbours:9 neighbour_shape:3 shape_evaluation:1
27-12-2016 14:05:45:  INFO - HIST config - grid_size:8 uniform:1
27-12-2016 14:07:54:  INFO - ↑ accuracy: <0.596694> ↑

27-12-2016 14:07:54:  INFO - LBP config - range:3 neighbours:9 neighbour_shape:4 shape_evaluation:1
27-12-2016 14:07:54:  INFO - HIST config - grid_size:8 uniform:1
27-12-2016 14:09:32:  INFO - ↑ accuracy: <0.581818> ↑

27-12-2016 14:09:32:  INFO - LBP config - range:3 neighbours:9 neighbour_shape:5 shape_evaluation:1
27-12-2016 14:09:32:  INFO - HIST config - grid_size:8 uniform:1
27-12-2016 14:11:20:  INFO - ↑ accuracy: <0.588430> ↑

27-12-2016 14:11:20:  INFO - LBP config - range:3 neighbours:9 neighbour_shape:6 shape_evaluation:1
27-12-2016 14:11:20:  INFO - HIST config - grid_size:8 uniform:1
27-12-2016 14:13:29:  INFO - ↑ accuracy: <0.590083> ↑

27-12-2016 14:13:29:  INFO - LBP config - range:1 neighbours:10 neighbour_shape:1 shape_evaluation:1
27-12-2016 14:13:29:  INFO - HIST config - grid_size:8 uniform:1
27-12-2016 14:15:13:  INFO - ↑ accuracy: <0.464463> ↑

27-12-2016 14:15:13:  INFO - LBP config - range:1 neighbours:10 neighbour_shape:2 shape_evaluation:1
27-12-2016 14:15:13:  INFO - HIST config - grid_size:8 uniform:1
27-12-2016 14:17:08:  INFO - ↑ accuracy: <0.519008> ↑

27-12-2016 14:17:08:  INFO - LBP config - range:1 neighbours:10 neighbour_shape:3 shape_evaluation:1
27-12-2016 14:17:08:  INFO - HIST config - grid_size:8 uniform:1
27-12-2016 14:19:33:  INFO - ↑ accuracy: <0.519008> ↑

27-12-2016 14:19:33:  INFO - LBP config - range:1 neighbours:10 neighbour_shape:4 shape_evaluation:1
27-12-2016 14:19:33:  INFO - HIST config - grid_size:8 uniform:1
27-12-2016 14:21:25:  INFO - ↑ accuracy: <0.510744> ↑

27-12-2016 14:21:25:  INFO - LBP config - range:1 neighbours:10 neighbour_shape:5 shape_evaluation:1
27-12-2016 14:21:25:  INFO - HIST config - grid_size:8 uniform:1
27-12-2016 14:23:27:  INFO - ↑ accuracy: <0.530579> ↑

27-12-2016 14:23:27:  INFO - LBP config - range:1 neighbours:10 neighbour_shape:6 shape_evaluation:1
27-12-2016 14:23:27:  INFO - HIST config - grid_size:8 uniform:1
27-12-2016 14:25:57:  INFO - ↑ accuracy: <0.538843> ↑

27-12-2016 14:25:57:  INFO - LBP config - range:2 neighbours:10 neighbour_shape:1 shape_evaluation:1
27-12-2016 14:25:57:  INFO - HIST config - grid_size:8 uniform:1
27-12-2016 14:27:39:  INFO - ↑ accuracy: <0.510744> ↑

27-12-2016 14:27:39:  INFO - LBP config - range:2 neighbours:10 neighbour_shape:2 shape_evaluation:1
27-12-2016 14:27:39:  INFO - HIST config - grid_size:8 uniform:1
27-12-2016 14:29:39:  INFO - ↑ accuracy: <0.560331> ↑

27-12-2016 14:29:39:  INFO - LBP config - range:2 neighbours:10 neighbour_shape:3 shape_evaluation:1
27-12-2016 14:29:39:  INFO - HIST config - grid_size:8 uniform:1
27-12-2016 14:32:08:  INFO - ↑ accuracy: <0.568595> ↑

27-12-2016 14:32:08:  INFO - LBP config - range:2 neighbours:10 neighbour_shape:4 shape_evaluation:1
27-12-2016 14:32:08:  INFO - HIST config - grid_size:8 uniform:1
27-12-2016 14:34:01:  INFO - ↑ accuracy: <0.558678> ↑

27-12-2016 14:34:01:  INFO - LBP config - range:2 neighbours:10 neighbour_shape:5 shape_evaluation:1
27-12-2016 14:34:01:  INFO - HIST config - grid_size:8 uniform:1
27-12-2016 14:36:01:  INFO - ↑ accuracy: <0.566942> ↑

27-12-2016 14:36:01:  INFO - LBP config - range:2 neighbours:10 neighbour_shape:6 shape_evaluation:1
27-12-2016 14:36:01:  INFO - HIST config - grid_size:8 uniform:1
27-12-2016 14:38:30:  INFO - ↑ accuracy: <0.581818> ↑

27-12-2016 14:38:30:  INFO - LBP config - range:3 neighbours:10 neighbour_shape:1 shape_evaluation:1
27-12-2016 14:38:30:  INFO - HIST config - grid_size:8 uniform:1
27-12-2016 14:40:11:  INFO - ↑ accuracy: <0.532231> ↑

27-12-2016 14:40:11:  INFO - LBP config - range:3 neighbours:10 neighbour_shape:2 shape_evaluation:1
27-12-2016 14:40:11:  INFO - HIST config - grid_size:8 uniform:1
27-12-2016 14:42:09:  INFO - ↑ accuracy: <0.581818> ↑

27-12-2016 14:42:09:  INFO - LBP config - range:3 neighbours:10 neighbour_shape:3 shape_evaluation:1
27-12-2016 14:42:09:  INFO - HIST config - grid_size:8 uniform:1
27-12-2016 14:44:36:  INFO - ↑ accuracy: <0.593388> ↑

27-12-2016 14:44:36:  INFO - LBP config - range:3 neighbours:10 neighbour_shape:4 shape_evaluation:1
27-12-2016 14:44:36:  INFO - HIST config - grid_size:8 uniform:1
27-12-2016 14:46:29:  INFO - ↑ accuracy: <0.571901> ↑

27-12-2016 14:46:29:  INFO - LBP config - range:3 neighbours:10 neighbour_shape:5 shape_evaluation:1
27-12-2016 14:46:29:  INFO - HIST config - grid_size:8 uniform:1
27-12-2016 14:48:28:  INFO - ↑ accuracy: <0.595041> ↑

27-12-2016 14:48:28:  INFO - LBP config - range:3 neighbours:10 neighbour_shape:6 shape_evaluation:1
27-12-2016 14:48:28:  INFO - HIST config - grid_size:8 uniform:1
27-12-2016 14:51:01:  INFO - ↑ accuracy: <0.596694> ↑

27-12-2016 14:51:01:  INFO - LBP config - range:1 neighbours:8 neighbour_shape:1 shape_evaluation:1
27-12-2016 14:51:01:  INFO - HIST config - grid_size:9 uniform:1
27-12-2016 14:52:36:  INFO - ↑ accuracy: <0.469421> ↑

27-12-2016 14:52:36:  INFO - LBP config - range:1 neighbours:8 neighbour_shape:2 shape_evaluation:1
27-12-2016 14:52:36:  INFO - HIST config - grid_size:9 uniform:1
27-12-2016 14:54:22:  INFO - ↑ accuracy: <0.538843> ↑

27-12-2016 14:54:23:  INFO - LBP config - range:1 neighbours:8 neighbour_shape:3 shape_evaluation:1
27-12-2016 14:54:23:  INFO - HIST config - grid_size:9 uniform:1
27-12-2016 14:56:30:  INFO - ↑ accuracy: <0.517355> ↑

27-12-2016 14:56:30:  INFO - LBP config - range:1 neighbours:8 neighbour_shape:4 shape_evaluation:1
27-12-2016 14:56:30:  INFO - HIST config - grid_size:9 uniform:1
27-12-2016 14:58:12:  INFO - ↑ accuracy: <0.520661> ↑

27-12-2016 14:58:12:  INFO - LBP config - range:1 neighbours:8 neighbour_shape:5 shape_evaluation:1
27-12-2016 14:58:12:  INFO - HIST config - grid_size:9 uniform:1
27-12-2016 14:59:57:  INFO - ↑ accuracy: <0.538843> ↑

27-12-2016 14:59:57:  INFO - LBP config - range:1 neighbours:8 neighbour_shape:6 shape_evaluation:1
27-12-2016 14:59:57:  INFO - HIST config - grid_size:9 uniform:1
27-12-2016 15:02:08:  INFO - ↑ accuracy: <0.538843> ↑

27-12-2016 15:02:08:  INFO - LBP config - range:2 neighbours:8 neighbour_shape:1 shape_evaluation:1
27-12-2016 15:02:08:  INFO - HIST config - grid_size:9 uniform:1
27-12-2016 15:03:42:  INFO - ↑ accuracy: <0.502479> ↑

27-12-2016 15:03:42:  INFO - LBP config - range:2 neighbours:8 neighbour_shape:2 shape_evaluation:1
27-12-2016 15:03:42:  INFO - HIST config - grid_size:9 uniform:1
27-12-2016 15:05:32:  INFO - ↑ accuracy: <0.552066> ↑

27-12-2016 15:05:32:  INFO - LBP config - range:2 neighbours:8 neighbour_shape:3 shape_evaluation:1
27-12-2016 15:05:32:  INFO - HIST config - grid_size:9 uniform:1
27-12-2016 15:07:45:  INFO - ↑ accuracy: <0.532231> ↑

27-12-2016 15:07:45:  INFO - LBP config - range:2 neighbours:8 neighbour_shape:4 shape_evaluation:1
27-12-2016 15:07:45:  INFO - HIST config - grid_size:9 uniform:1
27-12-2016 15:09:26:  INFO - ↑ accuracy: <0.535537> ↑

27-12-2016 15:09:26:  INFO - LBP config - range:2 neighbours:8 neighbour_shape:5 shape_evaluation:1
27-12-2016 15:09:26:  INFO - HIST config - grid_size:9 uniform:1
27-12-2016 15:11:16:  INFO - ↑ accuracy: <0.555372> ↑

27-12-2016 15:11:16:  INFO - LBP config - range:2 neighbours:8 neighbour_shape:6 shape_evaluation:1
27-12-2016 15:11:16:  INFO - HIST config - grid_size:9 uniform:1
27-12-2016 15:13:24:  INFO - ↑ accuracy: <0.560331> ↑

27-12-2016 15:13:24:  INFO - LBP config - range:3 neighbours:8 neighbour_shape:1 shape_evaluation:1
27-12-2016 15:13:24:  INFO - HIST config - grid_size:9 uniform:1
27-12-2016 15:14:59:  INFO - ↑ accuracy: <0.563636> ↑

27-12-2016 15:14:59:  INFO - LBP config - range:3 neighbours:8 neighbour_shape:2 shape_evaluation:1
27-12-2016 15:14:59:  INFO - HIST config - grid_size:9 uniform:1
27-12-2016 15:16:42:  INFO - ↑ accuracy: <0.595041> ↑

27-12-2016 15:16:42:  INFO - LBP config - range:3 neighbours:8 neighbour_shape:3 shape_evaluation:1
27-12-2016 15:16:42:  INFO - HIST config - grid_size:9 uniform:1
27-12-2016 15:18:51:  INFO - ↑ accuracy: <0.586777> ↑

27-12-2016 15:18:51:  INFO - LBP config - range:3 neighbours:8 neighbour_shape:4 shape_evaluation:1
27-12-2016 15:18:51:  INFO - HIST config - grid_size:9 uniform:1
27-12-2016 15:20:29:  INFO - ↑ accuracy: <0.590083> ↑

27-12-2016 15:20:30:  INFO - LBP config - range:3 neighbours:8 neighbour_shape:5 shape_evaluation:1
27-12-2016 15:20:30:  INFO - HIST config - grid_size:9 uniform:1
27-12-2016 15:22:19:  INFO - ↑ accuracy: <0.590083> ↑

27-12-2016 15:22:19:  INFO - LBP config - range:3 neighbours:8 neighbour_shape:6 shape_evaluation:1
27-12-2016 15:22:19:  INFO - HIST config - grid_size:9 uniform:1
27-12-2016 15:24:27:  INFO - ↑ accuracy: <0.598347> ↑

27-12-2016 15:24:27:  INFO - LBP config - range:1 neighbours:9 neighbour_shape:1 shape_evaluation:1
27-12-2016 15:24:27:  INFO - HIST config - grid_size:9 uniform:1
27-12-2016 15:26:12:  INFO - ↑ accuracy: <0.467769> ↑

27-12-2016 15:26:12:  INFO - LBP config - range:1 neighbours:9 neighbour_shape:2 shape_evaluation:1
27-12-2016 15:26:12:  INFO - HIST config - grid_size:9 uniform:1
27-12-2016 15:28:08:  INFO - ↑ accuracy: <0.517355> ↑

27-12-2016 15:28:08:  INFO - LBP config - range:1 neighbours:9 neighbour_shape:3 shape_evaluation:1
27-12-2016 15:28:08:  INFO - HIST config - grid_size:9 uniform:1
27-12-2016 15:30:32:  INFO - ↑ accuracy: <0.509091> ↑

27-12-2016 15:30:32:  INFO - LBP config - range:1 neighbours:9 neighbour_shape:4 shape_evaluation:1
27-12-2016 15:30:32:  INFO - HIST config - grid_size:9 uniform:1
27-12-2016 15:32:27:  INFO - ↑ accuracy: <0.505785> ↑

27-12-2016 15:32:27:  INFO - LBP config - range:1 neighbours:9 neighbour_shape:5 shape_evaluation:1
27-12-2016 15:32:27:  INFO - HIST config - grid_size:9 uniform:1
27-12-2016 15:34:27:  INFO - ↑ accuracy: <0.525620> ↑

27-12-2016 15:34:27:  INFO - LBP config - range:1 neighbours:9 neighbour_shape:6 shape_evaluation:1
27-12-2016 15:34:27:  INFO - HIST config - grid_size:9 uniform:1
27-12-2016 15:36:53:  INFO - ↑ accuracy: <0.522314> ↑

27-12-2016 15:36:53:  INFO - LBP config - range:2 neighbours:9 neighbour_shape:1 shape_evaluation:1
27-12-2016 15:36:53:  INFO - HIST config - grid_size:9 uniform:1
27-12-2016 15:38:44:  INFO - ↑ accuracy: <0.512397> ↑

27-12-2016 15:38:44:  INFO - LBP config - range:2 neighbours:9 neighbour_shape:2 shape_evaluation:1
27-12-2016 15:38:44:  INFO - HIST config - grid_size:9 uniform:1
27-12-2016 15:40:47:  INFO - ↑ accuracy: <0.560331> ↑

27-12-2016 15:40:47:  INFO - LBP config - range:2 neighbours:9 neighbour_shape:3 shape_evaluation:1
27-12-2016 15:40:47:  INFO - HIST config - grid_size:9 uniform:1
27-12-2016 15:43:16:  INFO - ↑ accuracy: <0.560331> ↑

27-12-2016 15:43:16:  INFO - LBP config - range:2 neighbours:9 neighbour_shape:4 shape_evaluation:1
27-12-2016 15:43:16:  INFO - HIST config - grid_size:9 uniform:1
27-12-2016 15:45:13:  INFO - ↑ accuracy: <0.552066> ↑

27-12-2016 15:45:13:  INFO - LBP config - range:2 neighbours:9 neighbour_shape:5 shape_evaluation:1
27-12-2016 15:45:13:  INFO - HIST config - grid_size:9 uniform:1
27-12-2016 15:47:18:  INFO - ↑ accuracy: <0.581818> ↑

27-12-2016 15:47:18:  INFO - LBP config - range:2 neighbours:9 neighbour_shape:6 shape_evaluation:1
27-12-2016 15:47:18:  INFO - HIST config - grid_size:9 uniform:1
27-12-2016 15:49:47:  INFO - ↑ accuracy: <0.575207> ↑

27-12-2016 15:49:47:  INFO - LBP config - range:3 neighbours:9 neighbour_shape:1 shape_evaluation:1
27-12-2016 15:49:47:  INFO - HIST config - grid_size:9 uniform:1
27-12-2016 15:51:36:  INFO - ↑ accuracy: <0.552066> ↑

27-12-2016 15:51:36:  INFO - LBP config - range:3 neighbours:9 neighbour_shape:2 shape_evaluation:1
27-12-2016 15:51:36:  INFO - HIST config - grid_size:9 uniform:1
27-12-2016 15:53:35:  INFO - ↑ accuracy: <0.590083> ↑

27-12-2016 15:53:35:  INFO - LBP config - range:3 neighbours:9 neighbour_shape:3 shape_evaluation:1
27-12-2016 15:53:35:  INFO - HIST config - grid_size:9 uniform:1
27-12-2016 15:56:03:  INFO - ↑ accuracy: <0.600000> ↑

27-12-2016 15:56:03:  INFO - LBP config - range:3 neighbours:9 neighbour_shape:4 shape_evaluation:1
27-12-2016 15:56:03:  INFO - HIST config - grid_size:9 uniform:1
27-12-2016 15:58:00:  INFO - ↑ accuracy: <0.583471> ↑

27-12-2016 15:58:00:  INFO - LBP config - range:3 neighbours:9 neighbour_shape:5 shape_evaluation:1
27-12-2016 15:58:00:  INFO - HIST config - grid_size:9 uniform:1
27-12-2016 16:00:03:  INFO - ↑ accuracy: <0.604959> ↑

27-12-2016 16:00:03:  INFO - LBP config - range:3 neighbours:9 neighbour_shape:6 shape_evaluation:1
27-12-2016 16:00:03:  INFO - HIST config - grid_size:9 uniform:1
27-12-2016 16:02:32:  INFO - ↑ accuracy: <0.604959> ↑

27-12-2016 16:02:32:  INFO - LBP config - range:1 neighbours:10 neighbour_shape:1 shape_evaluation:1
27-12-2016 16:02:32:  INFO - HIST config - grid_size:9 uniform:1
27-12-2016 16:04:32:  INFO - ↑ accuracy: <0.469421> ↑

27-12-2016 16:04:32:  INFO - LBP config - range:1 neighbours:10 neighbour_shape:2 shape_evaluation:1
27-12-2016 16:04:32:  INFO - HIST config - grid_size:9 uniform:1
27-12-2016 16:06:52:  INFO - ↑ accuracy: <0.538843> ↑

27-12-2016 16:06:52:  INFO - LBP config - range:1 neighbours:10 neighbour_shape:3 shape_evaluation:1
27-12-2016 16:06:52:  INFO - HIST config - grid_size:9 uniform:1
27-12-2016 16:09:37:  INFO - ↑ accuracy: <0.517355> ↑

27-12-2016 16:09:37:  INFO - LBP config - range:1 neighbours:10 neighbour_shape:4 shape_evaluation:1
27-12-2016 16:09:37:  INFO - HIST config - grid_size:9 uniform:1
27-12-2016 16:11:53:  INFO - ↑ accuracy: <0.520661> ↑

27-12-2016 16:11:53:  INFO - LBP config - range:1 neighbours:10 neighbour_shape:5 shape_evaluation:1
27-12-2016 16:11:53:  INFO - HIST config - grid_size:9 uniform:1
27-12-2016 16:14:13:  INFO - ↑ accuracy: <0.538843> ↑

27-12-2016 16:14:13:  INFO - LBP config - range:1 neighbours:10 neighbour_shape:6 shape_evaluation:1
27-12-2016 16:14:13:  INFO - HIST config - grid_size:9 uniform:1
27-12-2016 16:17:05:  INFO - ↑ accuracy: <0.538843> ↑

27-12-2016 16:17:05:  INFO - LBP config - range:2 neighbours:10 neighbour_shape:1 shape_evaluation:1
27-12-2016 16:17:05:  INFO - HIST config - grid_size:9 uniform:1
27-12-2016 16:19:13:  INFO - ↑ accuracy: <0.525620> ↑

27-12-2016 16:19:13:  INFO - LBP config - range:2 neighbours:10 neighbour_shape:2 shape_evaluation:1
27-12-2016 16:19:13:  INFO - HIST config - grid_size:9 uniform:1
27-12-2016 16:21:30:  INFO - ↑ accuracy: <0.566942> ↑

27-12-2016 16:21:30:  INFO - LBP config - range:2 neighbours:10 neighbour_shape:3 shape_evaluation:1
27-12-2016 16:21:30:  INFO - HIST config - grid_size:9 uniform:1
27-12-2016 16:24:20:  INFO - ↑ accuracy: <0.568595> ↑

27-12-2016 16:24:20:  INFO - LBP config - range:2 neighbours:10 neighbour_shape:4 shape_evaluation:1
27-12-2016 16:24:20:  INFO - HIST config - grid_size:9 uniform:1
27-12-2016 16:26:33:  INFO - ↑ accuracy: <0.570248> ↑

27-12-2016 16:26:33:  INFO - LBP config - range:2 neighbours:10 neighbour_shape:5 shape_evaluation:1
27-12-2016 16:26:33:  INFO - HIST config - grid_size:9 uniform:1
27-12-2016 16:28:54:  INFO - ↑ accuracy: <0.586777> ↑

27-12-2016 16:28:54:  INFO - LBP config - range:2 neighbours:10 neighbour_shape:6 shape_evaluation:1
27-12-2016 16:28:54:  INFO - HIST config - grid_size:9 uniform:1
27-12-2016 16:31:44:  INFO - ↑ accuracy: <0.578512> ↑

27-12-2016 16:31:44:  INFO - LBP config - range:3 neighbours:10 neighbour_shape:1 shape_evaluation:1
27-12-2016 16:31:44:  INFO - HIST config - grid_size:9 uniform:1
27-12-2016 16:33:48:  INFO - ↑ accuracy: <0.538843> ↑

27-12-2016 16:33:48:  INFO - LBP config - range:3 neighbours:10 neighbour_shape:2 shape_evaluation:1
27-12-2016 16:33:48:  INFO - HIST config - grid_size:9 uniform:1
27-12-2016 16:36:10:  INFO - ↑ accuracy: <0.583471> ↑

27-12-2016 16:36:10:  INFO - LBP config - range:3 neighbours:10 neighbour_shape:3 shape_evaluation:1
27-12-2016 16:36:10:  INFO - HIST config - grid_size:9 uniform:1
27-12-2016 16:38:59:  INFO - ↑ accuracy: <0.593388> ↑

27-12-2016 16:38:59:  INFO - LBP config - range:3 neighbours:10 neighbour_shape:4 shape_evaluation:1
27-12-2016 16:38:59:  INFO - HIST config - grid_size:9 uniform:1
27-12-2016 16:41:13:  INFO - ↑ accuracy: <0.578512> ↑

27-12-2016 16:41:13:  INFO - LBP config - range:3 neighbours:10 neighbour_shape:5 shape_evaluation:1
27-12-2016 16:41:13:  INFO - HIST config - grid_size:9 uniform:1
27-12-2016 16:43:36:  INFO - ↑ accuracy: <0.601653> ↑

27-12-2016 16:43:36:  INFO - LBP config - range:3 neighbours:10 neighbour_shape:6 shape_evaluation:1
27-12-2016 16:43:36:  INFO - HIST config - grid_size:9 uniform:1
27-12-2016 16:46:30:  INFO - ↑ accuracy: <0.603306> ↑

27-12-2016 16:46:30:  INFO - Application ended correctly...
