27-12-2016 21:57:40:  INFO - Application started in [JOB MODE]
27-12-2016 21:57:40:  INFO - ------ config ------

				data_config:[test_folder:test/, train_folder:train/]
				preprocessing_config:[equalize_hist:0, gaussina_blur:0]
				classification_threads:8
				comparison_method:INTERSECTION

27-12-2016 21:57:40:  INFO - LBPa config - center_size:1 neighbour_shape:2 range:2 shape_evaluation:1
27-12-2016 21:57:40:  INFO - HIST config - grid_size:8 uniform:1
27-12-2016 21:59:00:  INFO - ↑ accuracy: <0.558678> ↑

27-12-2016 21:59:00:  INFO - LBPa config - center_size:1 neighbour_shape:3 range:2 shape_evaluation:1
27-12-2016 21:59:00:  INFO - HIST config - grid_size:8 uniform:1
27-12-2016 22:00:45:  INFO - ↑ accuracy: <0.578512> ↑

27-12-2016 22:00:45:  INFO - LBPa config - center_size:1 neighbour_shape:2 range:3 shape_evaluation:1
27-12-2016 22:00:45:  INFO - HIST config - grid_size:8 uniform:1
27-12-2016 22:02:05:  INFO - ↑ accuracy: <0.601653> ↑

27-12-2016 22:02:05:  INFO - LBPa config - center_size:1 neighbour_shape:3 range:3 shape_evaluation:1
27-12-2016 22:02:05:  INFO - HIST config - grid_size:8 uniform:1
27-12-2016 22:03:52:  INFO - ↑ accuracy: <0.598347> ↑

27-12-2016 22:03:52:  INFO - LBPa config - center_size:2 neighbour_shape:2 range:2 shape_evaluation:1
27-12-2016 22:03:52:  INFO - HIST config - grid_size:8 uniform:1
27-12-2016 22:04:59:  INFO - ↑ accuracy: <0.550413> ↑

27-12-2016 22:04:59:  INFO - LBPa config - center_size:2 neighbour_shape:3 range:2 shape_evaluation:1
27-12-2016 22:04:59:  INFO - HIST config - grid_size:8 uniform:1
27-12-2016 22:06:14:  INFO - ↑ accuracy: <0.590083> ↑

27-12-2016 22:06:14:  INFO - LBPa config - center_size:2 neighbour_shape:2 range:3 shape_evaluation:1
27-12-2016 22:06:14:  INFO - HIST config - grid_size:8 uniform:1
27-12-2016 22:07:22:  INFO - ↑ accuracy: <0.604959> ↑

27-12-2016 22:07:22:  INFO - LBPa config - center_size:2 neighbour_shape:3 range:3 shape_evaluation:1
27-12-2016 22:07:22:  INFO - HIST config - grid_size:8 uniform:1
27-12-2016 22:08:33:  INFO - ↑ accuracy: <0.608264> ↑

27-12-2016 22:08:33:  INFO - LBPa config - center_size:1 neighbour_shape:2 range:2 shape_evaluation:1
27-12-2016 22:08:33:  INFO - HIST config - grid_size:9 uniform:1
27-12-2016 22:10:10:  INFO - ↑ accuracy: <0.566942> ↑

27-12-2016 22:10:10:  INFO - LBPa config - center_size:1 neighbour_shape:3 range:2 shape_evaluation:1
27-12-2016 22:10:10:  INFO - HIST config - grid_size:9 uniform:1
27-12-2016 22:12:09:  INFO - ↑ accuracy: <0.575207> ↑

27-12-2016 22:12:09:  INFO - LBPa config - center_size:1 neighbour_shape:2 range:3 shape_evaluation:1
27-12-2016 22:12:09:  INFO - HIST config - grid_size:9 uniform:1
27-12-2016 22:13:43:  INFO - ↑ accuracy: <0.600000> ↑

27-12-2016 22:13:43:  INFO - LBPa config - center_size:1 neighbour_shape:3 range:3 shape_evaluation:1
27-12-2016 22:13:43:  INFO - HIST config - grid_size:9 uniform:1
27-12-2016 22:15:42:  INFO - ↑ accuracy: <0.601653> ↑

27-12-2016 22:15:42:  INFO - LBPa config - center_size:2 neighbour_shape:2 range:2 shape_evaluation:1
27-12-2016 22:15:42:  INFO - HIST config - grid_size:9 uniform:1
27-12-2016 22:17:02:  INFO - ↑ accuracy: <0.575207> ↑

27-12-2016 22:17:02:  INFO - LBPa config - center_size:2 neighbour_shape:3 range:2 shape_evaluation:1
27-12-2016 22:17:02:  INFO - HIST config - grid_size:9 uniform:1
27-12-2016 22:18:31:  INFO - ↑ accuracy: <0.600000> ↑

27-12-2016 22:18:31:  INFO - LBPa config - center_size:2 neighbour_shape:2 range:3 shape_evaluation:1
27-12-2016 22:18:31:  INFO - HIST config - grid_size:9 uniform:1
27-12-2016 22:19:53:  INFO - ↑ accuracy: <0.621488> ↑

27-12-2016 22:19:53:  INFO - LBPa config - center_size:2 neighbour_shape:3 range:3 shape_evaluation:1
27-12-2016 22:19:53:  INFO - HIST config - grid_size:9 uniform:1
27-12-2016 22:21:17:  INFO - ↑ accuracy: <0.614876> ↑

27-12-2016 22:21:17:  INFO - LBPa config - center_size:1 neighbour_shape:2 range:2 shape_evaluation:1
27-12-2016 22:21:17:  INFO - HIST config - grid_size:8 uniform:0
27-12-2016 22:24:53:  INFO - ↑ accuracy: <0.591736> ↑

27-12-2016 22:24:53:  INFO - LBPa config - center_size:1 neighbour_shape:3 range:2 shape_evaluation:1
27-12-2016 22:24:53:  INFO - HIST config - grid_size:8 uniform:0
27-12-2016 22:28:53:  INFO - ↑ accuracy: <0.586777> ↑

27-12-2016 22:28:53:  INFO - LBPa config - center_size:1 neighbour_shape:2 range:3 shape_evaluation:1
27-12-2016 22:28:53:  INFO - HIST config - grid_size:8 uniform:0
27-12-2016 22:32:31:  INFO - ↑ accuracy: <0.624793> ↑

27-12-2016 22:32:31:  INFO - LBPa config - center_size:1 neighbour_shape:3 range:3 shape_evaluation:1
27-12-2016 22:32:31:  INFO - HIST config - grid_size:8 uniform:0
27-12-2016 22:36:31:  INFO - ↑ accuracy: <0.611570> ↑

27-12-2016 22:36:31:  INFO - LBPa config - center_size:2 neighbour_shape:2 range:2 shape_evaluation:1
27-12-2016 22:36:31:  INFO - HIST config - grid_size:8 uniform:0
27-12-2016 22:39:46:  INFO - ↑ accuracy: <0.590083> ↑

27-12-2016 22:39:46:  INFO - LBPa config - center_size:2 neighbour_shape:3 range:2 shape_evaluation:1
27-12-2016 22:39:46:  INFO - HIST config - grid_size:8 uniform:0
27-12-2016 22:43:09:  INFO - ↑ accuracy: <0.595041> ↑

27-12-2016 22:43:09:  INFO - LBPa config - center_size:2 neighbour_shape:2 range:3 shape_evaluation:1
27-12-2016 22:43:09:  INFO - HIST config - grid_size:8 uniform:0
27-12-2016 22:46:28:  INFO - ↑ accuracy: <0.623140> ↑

27-12-2016 22:46:28:  INFO - LBPa config - center_size:2 neighbour_shape:3 range:3 shape_evaluation:1
27-12-2016 22:46:28:  INFO - HIST config - grid_size:8 uniform:0
27-12-2016 22:49:53:  INFO - ↑ accuracy: <0.638017> ↑

27-12-2016 22:49:53:  INFO - LBPa config - center_size:1 neighbour_shape:2 range:2 shape_evaluation:1
27-12-2016 22:49:53:  INFO - HIST config - grid_size:9 uniform:0
27-12-2016 22:54:31:  INFO - ↑ accuracy: <0.604959> ↑

27-12-2016 22:54:31:  INFO - LBPa config - center_size:1 neighbour_shape:3 range:2 shape_evaluation:1
27-12-2016 22:54:31:  INFO - HIST config - grid_size:9 uniform:0
27-12-2016 22:59:22:  INFO - ↑ accuracy: <0.593388> ↑

27-12-2016 22:59:22:  INFO - LBPa config - center_size:1 neighbour_shape:2 range:3 shape_evaluation:1
27-12-2016 22:59:22:  INFO - HIST config - grid_size:9 uniform:0
27-12-2016 23:03:54:  INFO - ↑ accuracy: <0.631405> ↑

27-12-2016 23:03:54:  INFO - LBPa config - center_size:1 neighbour_shape:3 range:3 shape_evaluation:1
27-12-2016 23:03:54:  INFO - HIST config - grid_size:9 uniform:0
27-12-2016 23:08:45:  INFO - ↑ accuracy: <0.618182> ↑

27-12-2016 23:08:45:  INFO - LBPa config - center_size:2 neighbour_shape:2 range:2 shape_evaluation:1
27-12-2016 23:08:45:  INFO - HIST config - grid_size:9 uniform:0
27-12-2016 23:13:08:  INFO - ↑ accuracy: <0.609917> ↑

27-12-2016 23:13:08:  INFO - LBPa config - center_size:2 neighbour_shape:3 range:2 shape_evaluation:1
27-12-2016 23:13:08:  INFO - HIST config - grid_size:9 uniform:0
27-12-2016 23:17:30:  INFO - ↑ accuracy: <0.608264> ↑

27-12-2016 23:17:30:  INFO - LBPa config - center_size:2 neighbour_shape:2 range:3 shape_evaluation:1
27-12-2016 23:17:30:  INFO - HIST config - grid_size:9 uniform:0
27-12-2016 23:21:42:  INFO - ↑ accuracy: <0.631405> ↑

27-12-2016 23:21:42:  INFO - LBPa config - center_size:2 neighbour_shape:3 range:3 shape_evaluation:1
27-12-2016 23:21:42:  INFO - HIST config - grid_size:9 uniform:0
27-12-2016 23:26:01:  INFO - ↑ accuracy: <0.623140> ↑

27-12-2016 23:26:01:  INFO - Application ended correctly...
